#
# There is insufficient memory for the Java Runtime Environment to continue.
# Native memory allocation (malloc) failed to allocate 262160 bytes for Chunk::new
# Possible reasons:
#   The system is out of physical RAM or swap space
#   The process is running with CompressedOops enabled, and the Java Heap may be blocking the growth of the native heap
# Possible solutions:
#   Reduce memory load on the system
#   Increase physical memory or swap space
#   Check if swap backing store is full
#   Decrease Java heap size (-Xmx/-Xms)
#   Decrease number of Java threads
#   Decrease Java thread stack sizes (-Xss)
#   Set larger code cache with -XX:ReservedCodeCacheSize=
#   JVM is running with Zero Based Compressed Oops mode in which the Java heap is
#     placed in the first 32GB address space. The Java Heap base address is the
#     maximum limit for the native heap growth. Please use -XX:HeapBaseMinAddress
#     to set the Java Heap base and to place the Java Heap above 32GB virtual address.
# This output file may be truncated or incomplete.
#
#  Out of Memory Error (arena.cpp:184), pid=6944, tid=8860
#
# JRE version: Java(TM) SE Runtime Environment (18.0.1+10) (build 18.0.1+10-24)
# Java VM: Java HotSpot(TM) 64-Bit Server VM (18.0.1+10-24, mixed mode, sharing, tiered, compressed oops, compressed class ptrs, g1 gc, windows-amd64)
# No core dump will be written. Minidumps are not enabled by default on client versions of Windows
#

---------------  S U M M A R Y ------------

Command Line: -agentlib:jdwp=transport=dt_socket,server=n,address=1176 com.portfoliofullstack.miportfolio.MiportfolioApplication

Host: Intel(R) Core(TM) i5-7300HQ CPU @ 2.50GHz, 4 cores, 15G,  Windows 10 , 64 bit Build 19041 (10.0.19041.1889)
Time: Tue Aug 23 17:09:56 2022 Hora estándar de Argentina elapsed time: 4.198429 seconds (0d 0h 0m 4s)

---------------  T H R E A D  ---------------

Current thread (0x0000021c56777900):  JavaThread "C2 CompilerThread0" daemon [_thread_in_native, id=8860, stack(0x0000008539500000,0x0000008539600000)]


Current CompileTask:
C2:   4198 2640   !   4       jdk.internal.loader.BuiltinClassLoader::loadClassOrNull (143 bytes)

Stack: [0x0000008539500000,0x0000008539600000]
Native frames: (J=compiled Java code, j=interpreted, Vv=VM code, C=native code)
V  [jvm.dll+0x69887a]
V  [jvm.dll+0x7f38bd]
V  [jvm.dll+0x7f51ce]
V  [jvm.dll+0x7f5883]
V  [jvm.dll+0x25ca3f]
V  [jvm.dll+0xb8c2f]
V  [jvm.dll+0xb8fa5]
V  [jvm.dll+0x6bd054]
V  [jvm.dll+0x6bd888]
V  [jvm.dll+0x6bf132]
V  [jvm.dll+0x6bde5a]
V  [jvm.dll+0x237f59]
V  [jvm.dll+0x231559]
V  [jvm.dll+0x22eeeb]
V  [jvm.dll+0x1b9cfc]
V  [jvm.dll+0x23e8ca]
V  [jvm.dll+0x23cbb5]
V  [jvm.dll+0x7a5fb1]
V  [jvm.dll+0x7a03ea]
V  [jvm.dll+0x697725]
C  [ucrtbase.dll+0x21bb2]
C  [KERNEL32.DLL+0x17034]
C  [ntdll.dll+0x52651]


---------------  P R O C E S S  ---------------

Threads class SMR info:
_java_thread_list=0x0000021c5be53ff0, length=18, elements={
0x0000021c3427fbb0, 0x0000021c56758460, 0x0000021c567590c0, 0x0000021c56774f50,
0x0000021c567758f0, 0x0000021c56776290, 0x0000021c56776c30, 0x0000021c56777900,
0x0000021c56778a80, 0x0000021c567ef470, 0x0000021c5acabeb0, 0x0000021c5acc6f40,
0x0000021c5acc7420, 0x0000021c5acd4170, 0x0000021c5ace53e0, 0x0000021c5b2c1020,
0x0000021c5b802090, 0x0000021c5b8a53f0
}

Java Threads: ( => current thread )
  0x0000021c3427fbb0 JavaThread "main" [_thread_blocked, id=2904, stack(0x0000008538800000,0x0000008538900000)]
  0x0000021c56758460 JavaThread "Reference Handler" daemon [_thread_blocked, id=11676, stack(0x0000008538f00000,0x0000008539000000)]
  0x0000021c567590c0 JavaThread "Finalizer" daemon [_thread_blocked, id=11708, stack(0x0000008539000000,0x0000008539100000)]
  0x0000021c56774f50 JavaThread "Signal Dispatcher" daemon [_thread_blocked, id=9268, stack(0x0000008539100000,0x0000008539200000)]
  0x0000021c567758f0 JavaThread "Attach Listener" daemon [_thread_blocked, id=1120, stack(0x0000008539200000,0x0000008539300000)]
  0x0000021c56776290 JavaThread "Service Thread" daemon [_thread_blocked, id=1988, stack(0x0000008539300000,0x0000008539400000)]
  0x0000021c56776c30 JavaThread "Monitor Deflation Thread" daemon [_thread_blocked, id=8568, stack(0x0000008539400000,0x0000008539500000)]
=>0x0000021c56777900 JavaThread "C2 CompilerThread0" daemon [_thread_in_native, id=8860, stack(0x0000008539500000,0x0000008539600000)]
  0x0000021c56778a80 JavaThread "C1 CompilerThread0" daemon [_thread_blocked, id=13016, stack(0x0000008539600000,0x0000008539700000)]
  0x0000021c567ef470 JavaThread "Sweeper thread" daemon [_thread_blocked, id=2268, stack(0x0000008539700000,0x0000008539800000)]
  0x0000021c5acabeb0 JavaThread "JDWP Transport Listener: dt_socket" daemon [_thread_blocked, id=9548, stack(0x0000008539800000,0x0000008539900000)]
  0x0000021c5acc6f40 JavaThread "JDWP Event Helper Thread" daemon [_thread_blocked, id=10796, stack(0x0000008539900000,0x0000008539a00000)]
  0x0000021c5acc7420 JavaThread "JDWP Command Reader" daemon [_thread_in_native, id=1808, stack(0x0000008539a00000,0x0000008539b00000)]
  0x0000021c5acd4170 JavaThread "Notification Thread" daemon [_thread_blocked, id=10484, stack(0x0000008539b00000,0x0000008539c00000)]
  0x0000021c5ace53e0 JavaThread "Common-Cleaner" daemon [_thread_blocked, id=6252, stack(0x0000008539d00000,0x0000008539e00000)]
  0x0000021c5b2c1020 JavaThread "Thread-0" [_thread_blocked, id=9064, stack(0x0000008539e00000,0x0000008539f00000)]
  0x0000021c5b802090 JavaThread "restartedMain" [_thread_in_vm, id=4856, stack(0x000000853a300000,0x000000853a400000)]
  0x0000021c5b8a53f0 JavaThread "C2 CompilerThread1" daemon [_thread_in_native, id=2616, stack(0x000000853a400000,0x000000853a500000)]

Other Threads:
  0x0000021c56754cc0 VMThread "VM Thread" [stack: 0x0000008538e00000,0x0000008538f00000] [id=3584]
  0x0000021c5acd4a40 WatcherThread "VM Periodic Task Thread" [stack: 0x0000008539c00000,0x0000008539d00000] [id=12860]
  0x0000021c342ef130 WorkerThread "GC Thread#0" [stack: 0x0000008538900000,0x0000008538a00000] [id=2532]
  0x0000021c5b38d0f0 WorkerThread "GC Thread#1" [stack: 0x0000008539f00000,0x000000853a000000] [id=5516]
  0x0000021c5b708750 WorkerThread "GC Thread#2" [stack: 0x000000853a000000,0x000000853a100000] [id=6316]
  0x0000021c5b7089f0 WorkerThread "GC Thread#3" [stack: 0x000000853a100000,0x000000853a200000] [id=11560]
  0x0000021c34300eb0 ConcurrentGCThread "G1 Main Marker" [stack: 0x0000008538a00000,0x0000008538b00000] [id=11732]
  0x0000021c343028b0 WorkerThread "G1 Conc#0" [stack: 0x0000008538b00000,0x0000008538c00000] [id=1360]
  0x0000021c56610080 ConcurrentGCThread "G1 Refine#0" [stack: 0x0000008538c00000,0x0000008538d00000] [id=5048]
  0x0000021c5b708c90 ConcurrentGCThread "G1 Refine#1" [stack: 0x000000853a200000,0x000000853a300000] [id=8760]
  0x0000021c56610990 ConcurrentGCThread "G1 Service" [stack: 0x0000008538d00000,0x0000008538e00000] [id=9352]

Threads with active compile tasks:
C2 CompilerThread0     4406 2640   !   4       jdk.internal.loader.BuiltinClassLoader::loadClassOrNull (143 bytes)
C2 CompilerThread1     4406 2815       4       org.springframework.beans.factory.support.DefaultSingletonBeanRegistry::containsSingleton (11 bytes)

VM state: not at safepoint (normal execution)

VM Mutex/Monitor currently owned by a thread:  ([mutex/lock_event])
[0x0000021c3427bcf0] MethodCompileQueue_lock - owner thread: 0x0000021c5b802090

Heap address: 0x0000000701c00000, size: 4068 MB, Compressed Oops mode: Zero based, Oop shift amount: 3

CDS archive(s) mapped at: [0x0000000800000000-0x0000000800ba0000-0x0000000800ba0000), size 12189696, SharedBaseAddress: 0x0000000800000000, ArchiveRelocationMode: 0.
Compressed class space mapped at: 0x0000000800c00000-0x0000000840c00000, reserved size: 1073741824
Narrow klass base: 0x0000000800000000, Narrow klass shift: 0, Narrow klass range: 0x100000000

GC Precious Log:
 CardTable entry size: 512
 Card Set container configuration: InlinePtr #cards 4 size 8 Array Of Cards #cards 16 size 48 Howl #buckets 8 coarsen threshold 3686 Howl Bitmap #cards 512 size 80 coarsen threshold 460 Card regions per heap region 1 cards per card region 4096
 CPUs: 4 total, 4 available
 Memory: 16267M
 Large Page Support: Disabled
 NUMA Support: Disabled
 Compressed Oops: Enabled (Zero based)
 Heap Region Size: 2M
 Heap Min Capacity: 8M
 Heap Initial Capacity: 256M
 Heap Max Capacity: 4068M
 Pre-touch: Disabled
 Parallel Workers: 4
 Concurrent Workers: 1
 Concurrent Refinement Workers: 4
 Periodic GC: Disabled

Heap:
 garbage-first heap   total 262144K, used 59078K [0x0000000701c00000, 0x0000000800000000)
  region size 2048K, 28 young (57344K), 2 survivors (4096K)
 Metaspace       used 20867K, committed 21120K, reserved 1114112K
  class space    used 2563K, committed 2688K, reserved 1048576K

Heap Regions: E=young(eden), S=young(survivor), O=old, HS=humongous(starts), HC=humongous(continues), CS=collection set, F=free, OA=open archive, CA=closed archive, TAMS=top-at-mark-start (previous, next)
|   0|0x0000000701c00000, 0x0000000701e00000, 0x0000000701e00000|100%| O|  |TAMS 0x0000000701c00000, 0x0000000701c00000| Untracked 
|   1|0x0000000701e00000, 0x0000000702000000, 0x0000000702000000|100%| O|  |TAMS 0x0000000701e00000, 0x0000000701e00000| Untracked 
|   2|0x0000000702000000, 0x000000070217da00, 0x0000000702200000| 74%| O|  |TAMS 0x0000000702000000, 0x0000000702000000| Untracked 
|   3|0x0000000702200000, 0x0000000702200000, 0x0000000702400000|  0%| F|  |TAMS 0x0000000702200000, 0x0000000702200000| Untracked 
|   4|0x0000000702400000, 0x0000000702400000, 0x0000000702600000|  0%| F|  |TAMS 0x0000000702400000, 0x0000000702400000| Untracked 
|   5|0x0000000702600000, 0x0000000702600000, 0x0000000702800000|  0%| F|  |TAMS 0x0000000702600000, 0x0000000702600000| Untracked 
|   6|0x0000000702800000, 0x0000000702800000, 0x0000000702a00000|  0%| F|  |TAMS 0x0000000702800000, 0x0000000702800000| Untracked 
|   7|0x0000000702a00000, 0x0000000702a00000, 0x0000000702c00000|  0%| F|  |TAMS 0x0000000702a00000, 0x0000000702a00000| Untracked 
|   8|0x0000000702c00000, 0x0000000702c00000, 0x0000000702e00000|  0%| F|  |TAMS 0x0000000702c00000, 0x0000000702c00000| Untracked 
|   9|0x0000000702e00000, 0x0000000702e00000, 0x0000000703000000|  0%| F|  |TAMS 0x0000000702e00000, 0x0000000702e00000| Untracked 
|  10|0x0000000703000000, 0x0000000703000000, 0x0000000703200000|  0%| F|  |TAMS 0x0000000703000000, 0x0000000703000000| Untracked 
|  11|0x0000000703200000, 0x0000000703200000, 0x0000000703400000|  0%| F|  |TAMS 0x0000000703200000, 0x0000000703200000| Untracked 
|  12|0x0000000703400000, 0x0000000703400000, 0x0000000703600000|  0%| F|  |TAMS 0x0000000703400000, 0x0000000703400000| Untracked 
|  13|0x0000000703600000, 0x0000000703600000, 0x0000000703800000|  0%| F|  |TAMS 0x0000000703600000, 0x0000000703600000| Untracked 
|  14|0x0000000703800000, 0x0000000703800000, 0x0000000703a00000|  0%| F|  |TAMS 0x0000000703800000, 0x0000000703800000| Untracked 
|  15|0x0000000703a00000, 0x0000000703a00000, 0x0000000703c00000|  0%| F|  |TAMS 0x0000000703a00000, 0x0000000703a00000| Untracked 
|  16|0x0000000703c00000, 0x0000000703c00000, 0x0000000703e00000|  0%| F|  |TAMS 0x0000000703c00000, 0x0000000703c00000| Untracked 
|  17|0x0000000703e00000, 0x0000000703e00000, 0x0000000704000000|  0%| F|  |TAMS 0x0000000703e00000, 0x0000000703e00000| Untracked 
|  18|0x0000000704000000, 0x0000000704000000, 0x0000000704200000|  0%| F|  |TAMS 0x0000000704000000, 0x0000000704000000| Untracked 
|  19|0x0000000704200000, 0x0000000704200000, 0x0000000704400000|  0%| F|  |TAMS 0x0000000704200000, 0x0000000704200000| Untracked 
|  20|0x0000000704400000, 0x0000000704400000, 0x0000000704600000|  0%| F|  |TAMS 0x0000000704400000, 0x0000000704400000| Untracked 
|  21|0x0000000704600000, 0x0000000704600000, 0x0000000704800000|  0%| F|  |TAMS 0x0000000704600000, 0x0000000704600000| Untracked 
|  22|0x0000000704800000, 0x0000000704800000, 0x0000000704a00000|  0%| F|  |TAMS 0x0000000704800000, 0x0000000704800000| Untracked 
|  23|0x0000000704a00000, 0x0000000704a00000, 0x0000000704c00000|  0%| F|  |TAMS 0x0000000704a00000, 0x0000000704a00000| Untracked 
|  24|0x0000000704c00000, 0x0000000704c00000, 0x0000000704e00000|  0%| F|  |TAMS 0x0000000704c00000, 0x0000000704c00000| Untracked 
|  25|0x0000000704e00000, 0x0000000704e00000, 0x0000000705000000|  0%| F|  |TAMS 0x0000000704e00000, 0x0000000704e00000| Untracked 
|  26|0x0000000705000000, 0x0000000705000000, 0x0000000705200000|  0%| F|  |TAMS 0x0000000705000000, 0x0000000705000000| Untracked 
|  27|0x0000000705200000, 0x0000000705200000, 0x0000000705400000|  0%| F|  |TAMS 0x0000000705200000, 0x0000000705200000| Untracked 
|  28|0x0000000705400000, 0x0000000705400000, 0x0000000705600000|  0%| F|  |TAMS 0x0000000705400000, 0x0000000705400000| Untracked 
|  29|0x0000000705600000, 0x0000000705600000, 0x0000000705800000|  0%| F|  |TAMS 0x0000000705600000, 0x0000000705600000| Untracked 
|  30|0x0000000705800000, 0x0000000705800000, 0x0000000705a00000|  0%| F|  |TAMS 0x0000000705800000, 0x0000000705800000| Untracked 
|  31|0x0000000705a00000, 0x0000000705a00000, 0x0000000705c00000|  0%| F|  |TAMS 0x0000000705a00000, 0x0000000705a00000| Untracked 
|  32|0x0000000705c00000, 0x0000000705c00000, 0x0000000705e00000|  0%| F|  |TAMS 0x0000000705c00000, 0x0000000705c00000| Untracked 
|  33|0x0000000705e00000, 0x0000000705e00000, 0x0000000706000000|  0%| F|  |TAMS 0x0000000705e00000, 0x0000000705e00000| Untracked 
|  34|0x0000000706000000, 0x0000000706000000, 0x0000000706200000|  0%| F|  |TAMS 0x0000000706000000, 0x0000000706000000| Untracked 
|  35|0x0000000706200000, 0x0000000706200000, 0x0000000706400000|  0%| F|  |TAMS 0x0000000706200000, 0x0000000706200000| Untracked 
|  36|0x0000000706400000, 0x0000000706400000, 0x0000000706600000|  0%| F|  |TAMS 0x0000000706400000, 0x0000000706400000| Untracked 
|  37|0x0000000706600000, 0x0000000706600000, 0x0000000706800000|  0%| F|  |TAMS 0x0000000706600000, 0x0000000706600000| Untracked 
|  38|0x0000000706800000, 0x0000000706800000, 0x0000000706a00000|  0%| F|  |TAMS 0x0000000706800000, 0x0000000706800000| Untracked 
|  39|0x0000000706a00000, 0x0000000706a00000, 0x0000000706c00000|  0%| F|  |TAMS 0x0000000706a00000, 0x0000000706a00000| Untracked 
|  40|0x0000000706c00000, 0x0000000706c00000, 0x0000000706e00000|  0%| F|  |TAMS 0x0000000706c00000, 0x0000000706c00000| Untracked 
|  41|0x0000000706e00000, 0x0000000706e00000, 0x0000000707000000|  0%| F|  |TAMS 0x0000000706e00000, 0x0000000706e00000| Untracked 
|  42|0x0000000707000000, 0x0000000707000000, 0x0000000707200000|  0%| F|  |TAMS 0x0000000707000000, 0x0000000707000000| Untracked 
|  43|0x0000000707200000, 0x0000000707200000, 0x0000000707400000|  0%| F|  |TAMS 0x0000000707200000, 0x0000000707200000| Untracked 
|  44|0x0000000707400000, 0x0000000707400000, 0x0000000707600000|  0%| F|  |TAMS 0x0000000707400000, 0x0000000707400000| Untracked 
|  45|0x0000000707600000, 0x0000000707600000, 0x0000000707800000|  0%| F|  |TAMS 0x0000000707600000, 0x0000000707600000| Untracked 
|  46|0x0000000707800000, 0x0000000707800000, 0x0000000707a00000|  0%| F|  |TAMS 0x0000000707800000, 0x0000000707800000| Untracked 
|  47|0x0000000707a00000, 0x0000000707a00000, 0x0000000707c00000|  0%| F|  |TAMS 0x0000000707a00000, 0x0000000707a00000| Untracked 
|  48|0x0000000707c00000, 0x0000000707c00000, 0x0000000707e00000|  0%| F|  |TAMS 0x0000000707c00000, 0x0000000707c00000| Untracked 
|  49|0x0000000707e00000, 0x0000000707e00000, 0x0000000708000000|  0%| F|  |TAMS 0x0000000707e00000, 0x0000000707e00000| Untracked 
|  50|0x0000000708000000, 0x0000000708000000, 0x0000000708200000|  0%| F|  |TAMS 0x0000000708000000, 0x0000000708000000| Untracked 
|  51|0x0000000708200000, 0x0000000708200000, 0x0000000708400000|  0%| F|  |TAMS 0x0000000708200000, 0x0000000708200000| Untracked 
|  52|0x0000000708400000, 0x0000000708400000, 0x0000000708600000|  0%| F|  |TAMS 0x0000000708400000, 0x0000000708400000| Untracked 
|  53|0x0000000708600000, 0x0000000708600000, 0x0000000708800000|  0%| F|  |TAMS 0x0000000708600000, 0x0000000708600000| Untracked 
|  54|0x0000000708800000, 0x0000000708800000, 0x0000000708a00000|  0%| F|  |TAMS 0x0000000708800000, 0x0000000708800000| Untracked 
|  55|0x0000000708a00000, 0x0000000708a00000, 0x0000000708c00000|  0%| F|  |TAMS 0x0000000708a00000, 0x0000000708a00000| Untracked 
|  56|0x0000000708c00000, 0x0000000708c00000, 0x0000000708e00000|  0%| F|  |TAMS 0x0000000708c00000, 0x0000000708c00000| Untracked 
|  57|0x0000000708e00000, 0x0000000708e00000, 0x0000000709000000|  0%| F|  |TAMS 0x0000000708e00000, 0x0000000708e00000| Untracked 
|  58|0x0000000709000000, 0x0000000709000000, 0x0000000709200000|  0%| F|  |TAMS 0x0000000709000000, 0x0000000709000000| Untracked 
|  59|0x0000000709200000, 0x0000000709200000, 0x0000000709400000|  0%| F|  |TAMS 0x0000000709200000, 0x0000000709200000| Untracked 
|  60|0x0000000709400000, 0x0000000709400000, 0x0000000709600000|  0%| F|  |TAMS 0x0000000709400000, 0x0000000709400000| Untracked 
|  61|0x0000000709600000, 0x0000000709600000, 0x0000000709800000|  0%| F|  |TAMS 0x0000000709600000, 0x0000000709600000| Untracked 
|  62|0x0000000709800000, 0x0000000709800000, 0x0000000709a00000|  0%| F|  |TAMS 0x0000000709800000, 0x0000000709800000| Untracked 
|  63|0x0000000709a00000, 0x0000000709a00000, 0x0000000709c00000|  0%| F|  |TAMS 0x0000000709a00000, 0x0000000709a00000| Untracked 
|  64|0x0000000709c00000, 0x0000000709c00000, 0x0000000709e00000|  0%| F|  |TAMS 0x0000000709c00000, 0x0000000709c00000| Untracked 
|  65|0x0000000709e00000, 0x0000000709e00000, 0x000000070a000000|  0%| F|  |TAMS 0x0000000709e00000, 0x0000000709e00000| Untracked 
|  66|0x000000070a000000, 0x000000070a000000, 0x000000070a200000|  0%| F|  |TAMS 0x000000070a000000, 0x000000070a000000| Untracked 
|  67|0x000000070a200000, 0x000000070a200000, 0x000000070a400000|  0%| F|  |TAMS 0x000000070a200000, 0x000000070a200000| Untracked 
|  68|0x000000070a400000, 0x000000070a400000, 0x000000070a600000|  0%| F|  |TAMS 0x000000070a400000, 0x000000070a400000| Untracked 
|  69|0x000000070a600000, 0x000000070a600000, 0x000000070a800000|  0%| F|  |TAMS 0x000000070a600000, 0x000000070a600000| Untracked 
|  70|0x000000070a800000, 0x000000070a800000, 0x000000070aa00000|  0%| F|  |TAMS 0x000000070a800000, 0x000000070a800000| Untracked 
|  71|0x000000070aa00000, 0x000000070aa00000, 0x000000070ac00000|  0%| F|  |TAMS 0x000000070aa00000, 0x000000070aa00000| Untracked 
|  72|0x000000070ac00000, 0x000000070ac00000, 0x000000070ae00000|  0%| F|  |TAMS 0x000000070ac00000, 0x000000070ac00000| Untracked 
|  73|0x000000070ae00000, 0x000000070ae00000, 0x000000070b000000|  0%| F|  |TAMS 0x000000070ae00000, 0x000000070ae00000| Untracked 
|  74|0x000000070b000000, 0x000000070b000000, 0x000000070b200000|  0%| F|  |TAMS 0x000000070b000000, 0x000000070b000000| Untracked 
|  75|0x000000070b200000, 0x000000070b200000, 0x000000070b400000|  0%| F|  |TAMS 0x000000070b200000, 0x000000070b200000| Untracked 
|  76|0x000000070b400000, 0x000000070b400000, 0x000000070b600000|  0%| F|  |TAMS 0x000000070b400000, 0x000000070b400000| Untracked 
|  77|0x000000070b600000, 0x000000070b600000, 0x000000070b800000|  0%| F|  |TAMS 0x000000070b600000, 0x000000070b600000| Untracked 
|  78|0x000000070b800000, 0x000000070b800000, 0x000000070ba00000|  0%| F|  |TAMS 0x000000070b800000, 0x000000070b800000| Untracked 
|  79|0x000000070ba00000, 0x000000070ba00000, 0x000000070bc00000|  0%| F|  |TAMS 0x000000070ba00000, 0x000000070ba00000| Untracked 
|  80|0x000000070bc00000, 0x000000070bc00000, 0x000000070be00000|  0%| F|  |TAMS 0x000000070bc00000, 0x000000070bc00000| Untracked 
|  81|0x000000070be00000, 0x000000070be00000, 0x000000070c000000|  0%| F|  |TAMS 0x000000070be00000, 0x000000070be00000| Untracked 
|  82|0x000000070c000000, 0x000000070c000000, 0x000000070c200000|  0%| F|  |TAMS 0x000000070c000000, 0x000000070c000000| Untracked 
|  83|0x000000070c200000, 0x000000070c200000, 0x000000070c400000|  0%| F|  |TAMS 0x000000070c200000, 0x000000070c200000| Untracked 
|  84|0x000000070c400000, 0x000000070c400000, 0x000000070c600000|  0%| F|  |TAMS 0x000000070c400000, 0x000000070c400000| Untracked 
|  85|0x000000070c600000, 0x000000070c600000, 0x000000070c800000|  0%| F|  |TAMS 0x000000070c600000, 0x000000070c600000| Untracked 
|  86|0x000000070c800000, 0x000000070c800000, 0x000000070ca00000|  0%| F|  |TAMS 0x000000070c800000, 0x000000070c800000| Untracked 
|  87|0x000000070ca00000, 0x000000070ca00000, 0x000000070cc00000|  0%| F|  |TAMS 0x000000070ca00000, 0x000000070ca00000| Untracked 
|  88|0x000000070cc00000, 0x000000070cc00000, 0x000000070ce00000|  0%| F|  |TAMS 0x000000070cc00000, 0x000000070cc00000| Untracked 
|  89|0x000000070ce00000, 0x000000070ce00000, 0x000000070d000000|  0%| F|  |TAMS 0x000000070ce00000, 0x000000070ce00000| Untracked 
|  90|0x000000070d000000, 0x000000070d000000, 0x000000070d200000|  0%| F|  |TAMS 0x000000070d000000, 0x000000070d000000| Untracked 
|  91|0x000000070d200000, 0x000000070d200000, 0x000000070d400000|  0%| F|  |TAMS 0x000000070d200000, 0x000000070d200000| Untracked 
|  92|0x000000070d400000, 0x000000070d400000, 0x000000070d600000|  0%| F|  |TAMS 0x000000070d400000, 0x000000070d400000| Untracked 
|  93|0x000000070d600000, 0x000000070d600000, 0x000000070d800000|  0%| F|  |TAMS 0x000000070d600000, 0x000000070d600000| Untracked 
|  94|0x000000070d800000, 0x000000070d800000, 0x000000070da00000|  0%| F|  |TAMS 0x000000070d800000, 0x000000070d800000| Untracked 
|  95|0x000000070da00000, 0x000000070da00000, 0x000000070dc00000|  0%| F|  |TAMS 0x000000070da00000, 0x000000070da00000| Untracked 
|  96|0x000000070dc00000, 0x000000070dc00000, 0x000000070de00000|  0%| F|  |TAMS 0x000000070dc00000, 0x000000070dc00000| Untracked 
|  97|0x000000070de00000, 0x000000070de00000, 0x000000070e000000|  0%| F|  |TAMS 0x000000070de00000, 0x000000070de00000| Untracked 
|  98|0x000000070e000000, 0x000000070e000000, 0x000000070e200000|  0%| F|  |TAMS 0x000000070e000000, 0x000000070e000000| Untracked 
|  99|0x000000070e200000, 0x000000070e200000, 0x000000070e400000|  0%| F|  |TAMS 0x000000070e200000, 0x000000070e200000| Untracked 
| 100|0x000000070e400000, 0x000000070e431758, 0x000000070e600000|  9%| E|  |TAMS 0x000000070e400000, 0x000000070e400000| Complete 
| 101|0x000000070e600000, 0x000000070e800000, 0x000000070e800000|100%| E|CS|TAMS 0x000000070e600000, 0x000000070e600000| Complete 
| 102|0x000000070e800000, 0x000000070ea00000, 0x000000070ea00000|100%| E|CS|TAMS 0x000000070e800000, 0x000000070e800000| Complete 
| 103|0x000000070ea00000, 0x000000070ec00000, 0x000000070ec00000|100%| E|CS|TAMS 0x000000070ea00000, 0x000000070ea00000| Complete 
| 104|0x000000070ec00000, 0x000000070ee00000, 0x000000070ee00000|100%| E|CS|TAMS 0x000000070ec00000, 0x000000070ec00000| Complete 
| 105|0x000000070ee00000, 0x000000070f000000, 0x000000070f000000|100%| E|CS|TAMS 0x000000070ee00000, 0x000000070ee00000| Complete 
| 106|0x000000070f000000, 0x000000070f200000, 0x000000070f200000|100%| E|CS|TAMS 0x000000070f000000, 0x000000070f000000| Complete 
| 107|0x000000070f200000, 0x000000070f400000, 0x000000070f400000|100%| E|CS|TAMS 0x000000070f200000, 0x000000070f200000| Complete 
| 108|0x000000070f400000, 0x000000070f600000, 0x000000070f600000|100%| E|CS|TAMS 0x000000070f400000, 0x000000070f400000| Complete 
| 109|0x000000070f600000, 0x000000070f800000, 0x000000070f800000|100%| E|CS|TAMS 0x000000070f600000, 0x000000070f600000| Complete 
| 110|0x000000070f800000, 0x000000070fa00000, 0x000000070fa00000|100%| E|CS|TAMS 0x000000070f800000, 0x000000070f800000| Complete 
| 111|0x000000070fa00000, 0x000000070fc00000, 0x000000070fc00000|100%| E|CS|TAMS 0x000000070fa00000, 0x000000070fa00000| Complete 
| 112|0x000000070fc00000, 0x000000070fe00000, 0x000000070fe00000|100%| E|CS|TAMS 0x000000070fc00000, 0x000000070fc00000| Complete 
| 113|0x000000070fe00000, 0x0000000710000000, 0x0000000710000000|100%| E|CS|TAMS 0x000000070fe00000, 0x000000070fe00000| Complete 
| 114|0x0000000710000000, 0x0000000710033fb0, 0x0000000710200000| 10%| S|CS|TAMS 0x0000000710000000, 0x0000000710000000| Complete 
| 115|0x0000000710200000, 0x0000000710400000, 0x0000000710400000|100%| S|CS|TAMS 0x0000000710200000, 0x0000000710200000| Complete 
| 116|0x0000000710400000, 0x0000000710600000, 0x0000000710600000|100%| E|CS|TAMS 0x0000000710400000, 0x0000000710400000| Complete 
| 117|0x0000000710600000, 0x0000000710800000, 0x0000000710800000|100%| E|CS|TAMS 0x0000000710600000, 0x0000000710600000| Complete 
| 118|0x0000000710800000, 0x0000000710a00000, 0x0000000710a00000|100%| E|CS|TAMS 0x0000000710800000, 0x0000000710800000| Complete 
| 119|0x0000000710a00000, 0x0000000710c00000, 0x0000000710c00000|100%| E|CS|TAMS 0x0000000710a00000, 0x0000000710a00000| Complete 
| 120|0x0000000710c00000, 0x0000000710e00000, 0x0000000710e00000|100%| E|CS|TAMS 0x0000000710c00000, 0x0000000710c00000| Complete 
| 121|0x0000000710e00000, 0x0000000711000000, 0x0000000711000000|100%| E|CS|TAMS 0x0000000710e00000, 0x0000000710e00000| Complete 
| 122|0x0000000711000000, 0x0000000711200000, 0x0000000711200000|100%| E|CS|TAMS 0x0000000711000000, 0x0000000711000000| Complete 
| 123|0x0000000711200000, 0x0000000711400000, 0x0000000711400000|100%| E|CS|TAMS 0x0000000711200000, 0x0000000711200000| Complete 
| 124|0x0000000711400000, 0x0000000711600000, 0x0000000711600000|100%| E|CS|TAMS 0x0000000711400000, 0x0000000711400000| Complete 
| 125|0x0000000711600000, 0x0000000711800000, 0x0000000711800000|100%| E|CS|TAMS 0x0000000711600000, 0x0000000711600000| Complete 
| 126|0x0000000711800000, 0x0000000711a00000, 0x0000000711a00000|100%| E|CS|TAMS 0x0000000711800000, 0x0000000711800000| Complete 
| 127|0x0000000711a00000, 0x0000000711c00000, 0x0000000711c00000|100%| E|CS|TAMS 0x0000000711a00000, 0x0000000711a00000| Complete 

Card table byte_map: [0x0000021c4b3b0000,0x0000021c4bbb0000] _byte_map_base: 0x0000021c47ba2000

Marking Bits (Prev, Next): (CMBitMap*) 0x0000021c342f0740, (CMBitMap*) 0x0000021c342f0780
 Prev Bits: [0x0000021c4c3b0000, 0x0000021c50340000)
 Next Bits: [0x0000021c50340000, 0x0000021c542d0000)

Polling page: 0x0000021c320c0000

Metaspace:

Usage:
  Non-class:     17.88 MB used.
      Class:      2.51 MB used.
       Both:     20.39 MB used.

Virtual space:
  Non-class space:       64.00 MB reserved,      18.00 MB ( 28%) committed,  1 nodes.
      Class space:        1.00 GB reserved,       2.62 MB ( <1%) committed,  1 nodes.
             Both:        1.06 GB reserved,      20.62 MB (  2%) committed. 

Chunk freelists:
   Non-Class:  1.39 MB
       Class:  1.35 MB
        Both:  2.74 MB

MaxMetaspaceSize: unlimited
CompressedClassSpaceSize: 1.00 GB
Initial GC threshold: 21.00 MB
Current GC threshold: 21.00 MB
CDS: on
MetaspaceReclaimPolicy: balanced
 - commit_granule_bytes: 65536.
 - commit_granule_words: 8192.
 - virtual_space_node_default_size: 8388608.
 - enlarge_chunks_in_place: 1.
 - new_chunks_are_fully_committed: 0.
 - uncommit_free_chunks: 1.
 - use_allocation_guard: 0.


Internal statistics:

num_allocs_failed_limit: 0.
num_arena_births: 200.
num_arena_deaths: 0.
num_vsnodes_births: 2.
num_vsnodes_deaths: 0.
num_space_committed: 330.
num_space_uncommitted: 0.
num_chunks_returned_to_freelist: 0.
num_chunks_taken_from_freelist: 884.
num_chunk_merges: 0.
num_chunk_splits: 633.
num_chunks_enlarged: 531.
num_inconsistent_stats: 0.

CodeHeap 'non-profiled nmethods': size=120000Kb used=1241Kb max_used=1241Kb free=118758Kb
 bounds [0x0000021c43680000, 0x0000021c438f0000, 0x0000021c4abb0000]
CodeHeap 'profiled nmethods': size=120000Kb used=6145Kb max_used=6145Kb free=113854Kb
 bounds [0x0000021c3c150000, 0x0000021c3c760000, 0x0000021c43680000]
CodeHeap 'non-nmethods': size=5760Kb used=1261Kb max_used=1327Kb free=4498Kb
 bounds [0x0000021c3bbb0000, 0x0000021c3be20000, 0x0000021c3c150000]
 total_blobs=3293 nmethods=2819 adapters=385
 compilation: enabled
              stopped_count=0, restarted_count=0
 full_count=0

Compilation events (20 events):
Event: 4.189 Thread 0x0000021c56778a80 2654       3       org.springframework.core.annotation.AnnotationAwareOrderComparator::findOrderFromAnnotation (63 bytes)
Event: 4.189 Thread 0x0000021c56778a80 nmethod 2654 0x0000021c3c6e1210 code [0x0000021c3c6e1480, 0x0000021c3c6e20a8]
Event: 4.189 Thread 0x0000021c56778a80 2655       3       java.lang.reflect.AccessibleObject::checkCanSetAccessible (368 bytes)
Event: 4.192 Thread 0x0000021c56778a80 nmethod 2655 0x0000021c3c6e2490 code [0x0000021c3c6e2c00, 0x0000021c3c6e6608]
Event: 4.192 Thread 0x0000021c56778a80 2656       3       org.springframework.util.ClassUtils::isAssignable (84 bytes)
Event: 4.193 Thread 0x0000021c56778a80 nmethod 2656 0x0000021c3c6e7a90 code [0x0000021c3c6e7ce0, 0x0000021c3c6e85b8]
Event: 4.193 Thread 0x0000021c56778a80 2657       1       org.springframework.beans.factory.support.AbstractBeanDefinition::isAbstract (5 bytes)
Event: 4.193 Thread 0x0000021c56778a80 nmethod 2657 0x0000021c437aa890 code [0x0000021c437aaa20, 0x0000021c437aaaf8]
Event: 4.193 Thread 0x0000021c56778a80 2659       3       java.lang.invoke.MethodHandleNatives::linkCallSiteImpl (44 bytes)
Event: 4.194 Thread 0x0000021c56778a80 nmethod 2659 0x0000021c3c6e8890 code [0x0000021c3c6e8ac0, 0x0000021c3c6e9438]
Event: 4.194 Thread 0x0000021c56778a80 2660   !   3       java.lang.invoke.CallSite::makeSite (91 bytes)
Event: 4.195 Thread 0x0000021c56778a80 nmethod 2660 0x0000021c3c6e9810 code [0x0000021c3c6e9b60, 0x0000021c3c6eb178]
Event: 4.195 Thread 0x0000021c56778a80 2661       3       java.lang.PublicMethods$MethodList::length (24 bytes)
Event: 4.195 Thread 0x0000021c56778a80 nmethod 2661 0x0000021c3c6ebd90 code [0x0000021c3c6ebf20, 0x0000021c3c6ec0f8]
Event: 4.195 Thread 0x0000021c56778a80 2658       1       org.springframework.beans.factory.support.AbstractBeanDefinition::getFactoryBeanName (5 bytes)
Event: 4.195 Thread 0x0000021c56778a80 nmethod 2658 0x0000021c437aab90 code [0x0000021c437aad20, 0x0000021c437aadf8]
Event: 4.195 Thread 0x0000021c56778a80 2662       3       java.lang.reflect.Modifier::isAbstract (14 bytes)
Event: 4.196 Thread 0x0000021c56778a80 nmethod 2662 0x0000021c3c6ec210 code [0x0000021c3c6ec3a0, 0x0000021c3c6ec4f8]
Event: 4.196 Thread 0x0000021c56778a80 2663       3       java.util.LinkedHashSet::<init> (27 bytes)
Event: 4.196 Thread 0x0000021c56778a80 nmethod 2663 0x0000021c3c6ec590 code [0x0000021c3c6ec780, 0x0000021c3c6ecb28]

GC Heap History (6 events):
Event: 1.114 GC heap before
{Heap before GC invocations=0 (full 0):
 garbage-first heap   total 262144K, used 10240K [0x0000000701c00000, 0x0000000800000000)
  region size 2048K, 6 young (12288K), 0 survivors (0K)
 Metaspace       used 2684K, committed 2880K, reserved 1114112K
  class space    used 254K, committed 320K, reserved 1048576K
}
Event: 1.121 GC heap after
{Heap after GC invocations=1 (full 0):
 garbage-first heap   total 262144K, used 5430K [0x0000000701c00000, 0x0000000800000000)
  region size 2048K, 1 young (2048K), 1 survivors (2048K)
 Metaspace       used 2684K, committed 2880K, reserved 1114112K
  class space    used 254K, committed 320K, reserved 1048576K
}
Event: 1.713 GC heap before
{Heap before GC invocations=1 (full 0):
 garbage-first heap   total 262144K, used 15670K [0x0000000701c00000, 0x0000000800000000)
  region size 2048K, 6 young (12288K), 1 survivors (2048K)
 Metaspace       used 5354K, committed 5504K, reserved 1114112K
  class space    used 582K, committed 640K, reserved 1048576K
}
Event: 1.716 GC heap after
{Heap after GC invocations=2 (full 0):
 garbage-first heap   total 262144K, used 6285K [0x0000000701c00000, 0x0000000800000000)
  region size 2048K, 1 young (2048K), 1 survivors (2048K)
 Metaspace       used 5354K, committed 5504K, reserved 1114112K
  class space    used 582K, committed 640K, reserved 1048576K
}
Event: 2.835 GC heap before
{Heap before GC invocations=2 (full 0):
 garbage-first heap   total 262144K, used 26765K [0x0000000701c00000, 0x0000000800000000)
  region size 2048K, 12 young (24576K), 1 survivors (2048K)
 Metaspace       used 11062K, committed 11328K, reserved 1114112K
  class space    used 1366K, committed 1472K, reserved 1048576K
}
Event: 2.838 GC heap after
{Heap after GC invocations=3 (full 0):
 garbage-first heap   total 262144K, used 7878K [0x0000000701c00000, 0x0000000800000000)
  region size 2048K, 2 young (4096K), 2 survivors (4096K)
 Metaspace       used 11062K, committed 11328K, reserved 1114112K
  class space    used 1366K, committed 1472K, reserved 1048576K
}

Deoptimization events (20 events):
Event: 4.145 Thread 0x0000021c5b802090 DEOPT PACKING pc=0x0000021c3c59872c sp=0x000000853a3fd3b0
Event: 4.145 Thread 0x0000021c5b802090 DEOPT UNPACKING pc=0x0000021c3bc02b43 sp=0x000000853a3fc950 mode 1
Event: 4.154 Thread 0x0000021c5b802090 DEOPT PACKING pc=0x0000021c3c59f429 sp=0x000000853a3fcbf0
Event: 4.154 Thread 0x0000021c5b802090 DEOPT UNPACKING pc=0x0000021c3bc02b43 sp=0x000000853a3fc0c8 mode 1
Event: 4.154 Thread 0x0000021c5b802090 DEOPT PACKING pc=0x0000021c3c6c8244 sp=0x000000853a3fcc80
Event: 4.154 Thread 0x0000021c5b802090 DEOPT UNPACKING pc=0x0000021c3bc02b43 sp=0x000000853a3fc228 mode 1
Event: 4.154 Thread 0x0000021c5b802090 DEOPT PACKING pc=0x0000021c3c59872c sp=0x000000853a3fcde0
Event: 4.154 Thread 0x0000021c5b802090 DEOPT UNPACKING pc=0x0000021c3bc02b43 sp=0x000000853a3fc380 mode 1
Event: 4.188 Thread 0x0000021c5b802090 DEOPT PACKING pc=0x0000021c3c59f429 sp=0x000000853a3fce50
Event: 4.188 Thread 0x0000021c5b802090 DEOPT UNPACKING pc=0x0000021c3bc02b43 sp=0x000000853a3fc328 mode 1
Event: 4.188 Thread 0x0000021c5b802090 DEOPT PACKING pc=0x0000021c3c6c8244 sp=0x000000853a3fcee0
Event: 4.188 Thread 0x0000021c5b802090 DEOPT UNPACKING pc=0x0000021c3bc02b43 sp=0x000000853a3fc488 mode 1
Event: 4.188 Thread 0x0000021c5b802090 DEOPT PACKING pc=0x0000021c3c59872c sp=0x000000853a3fd040
Event: 4.188 Thread 0x0000021c5b802090 DEOPT UNPACKING pc=0x0000021c3bc02b43 sp=0x000000853a3fc5e0 mode 1
Event: 4.189 Thread 0x0000021c5b802090 DEOPT PACKING pc=0x0000021c3c59f429 sp=0x000000853a3fd2c0
Event: 4.189 Thread 0x0000021c5b802090 DEOPT UNPACKING pc=0x0000021c3bc02b43 sp=0x000000853a3fc798 mode 1
Event: 4.189 Thread 0x0000021c5b802090 DEOPT PACKING pc=0x0000021c3c6c8244 sp=0x000000853a3fd350
Event: 4.189 Thread 0x0000021c5b802090 DEOPT UNPACKING pc=0x0000021c3bc02b43 sp=0x000000853a3fc8f8 mode 1
Event: 4.189 Thread 0x0000021c5b802090 DEOPT PACKING pc=0x0000021c3c59872c sp=0x000000853a3fd4b0
Event: 4.189 Thread 0x0000021c5b802090 DEOPT UNPACKING pc=0x0000021c3bc02b43 sp=0x000000853a3fca50 mode 1

Classes loaded (20 events):
Event: 3.293 Loading class jdk/xml/internal/JdkProperty
Event: 3.293 Loading class jdk/xml/internal/JdkProperty done
Event: 3.350 Loading class javax/naming/ldap/LdapContext
Event: 3.350 Loading class javax/naming/directory/DirContext
Event: 3.350 Loading class javax/naming/directory/DirContext done
Event: 3.350 Loading class javax/naming/ldap/LdapContext done
Event: 3.373 Loading class java/beans/ConstructorProperties
Event: 3.373 Loading class java/beans/ConstructorProperties done
Event: 3.389 Loading class sun/text/resources/cldr/FormatData_en
Event: 3.389 Loading class sun/text/resources/cldr/FormatData_en done
Event: 3.390 Loading class sun/text/resources/cldr/FormatData_en_US
Event: 3.390 Loading class sun/text/resources/cldr/FormatData_en_US done
Event: 3.405 Loading class java/io/CharArrayReader
Event: 3.405 Loading class java/io/CharArrayReader done
Event: 3.419 Loading class java/util/concurrent/atomic/AtomicReference
Event: 3.419 Loading class java/util/concurrent/atomic/AtomicReference done
Event: 3.607 Loading class java/util/regex/Pattern$Pos
Event: 3.607 Loading class java/util/regex/Pattern$Pos done
Event: 3.827 Loading class java/nio/charset/CharacterCodingException
Event: 3.827 Loading class java/nio/charset/CharacterCodingException done

Classes unloaded (0 events):
No events

Classes redefined (0 events):
No events

Internal exceptions (20 events):
Event: 2.928 Thread 0x0000021c5b802090 Exception <a 'java/lang/ClassNotFoundException'{0x000000071160f908}: org/springframework/core/OrderedCustomizer> (0x000000071160f908) 
thrown [s\open\src\hotspot\share\classfile\systemDictionary.cpp, line 255]
Event: 2.929 Thread 0x0000021c5b802090 Exception <a 'java/lang/ClassNotFoundException'{0x0000000711614158}: org/springframework/context/ResourceLoaderAwareCustomizer> (0x0000000711614158) 
thrown [s\open\src\hotspot\share\classfile\systemDictionary.cpp, line 255]
Event: 2.930 Thread 0x0000021c5b802090 Exception <a 'java/lang/ClassNotFoundException'{0x0000000711618af0}: org/springframework/beans/factory/AwareCustomizer> (0x0000000711618af0) 
thrown [s\open\src\hotspot\share\classfile\systemDictionary.cpp, line 255]
Event: 2.931 Thread 0x0000021c5b802090 Exception <a 'java/lang/ClassNotFoundException'{0x000000071161c4a8}: org/springframework/context/ApplicationStartupAwareCustomizer> (0x000000071161c4a8) 
thrown [s\open\src\hotspot\share\classfile\systemDictionary.cpp, line 255]
Event: 2.932 Thread 0x0000021c5b802090 Exception <a 'java/lang/ClassNotFoundException'{0x00000007116210c8}: org/springframework/beans/factory/AwareCustomizer> (0x00000007116210c8) 
thrown [s\open\src\hotspot\share\classfile\systemDictionary.cpp, line 255]
Event: 2.932 Thread 0x0000021c5b802090 Exception <a 'java/lang/ClassNotFoundException'{0x0000000711624a90}: org/springframework/beans/factory/BeanClassLoaderAwareCustomizer> (0x0000000711624a90) 
thrown [s\open\src\hotspot\share\classfile\systemDictionary.cpp, line 255]
Event: 2.934 Thread 0x0000021c5b802090 Exception <a 'java/lang/ClassNotFoundException'{0x0000000711629410}: org/springframework/beans/factory/AwareCustomizer> (0x0000000711629410) 
thrown [s\open\src\hotspot\share\classfile\systemDictionary.cpp, line 255]
Event: 2.935 Thread 0x0000021c5b802090 Exception <a 'java/lang/ClassNotFoundException'{0x000000071162cb60}: org/springframework/context/EnvironmentAwareCustomizer> (0x000000071162cb60) 
thrown [s\open\src\hotspot\share\classfile\systemDictionary.cpp, line 255]
Event: 2.938 Thread 0x0000021c5b802090 Exception <a 'java/lang/ClassNotFoundException'{0x00000007116aab48}: org/springframework/beans/factory/AwareCustomizer> (0x00000007116aab48) 
thrown [s\open\src\hotspot\share\classfile\systemDictionary.cpp, line 255]
Event: 2.978 Thread 0x0000021c5b802090 Exception <a 'java/lang/NoSuchMethodError'{0x000000071144b7d8}: 'java.lang.Object java.lang.invoke.DirectMethodHandle$Holder.invokeVirtual(java.lang.Object, java.lang.Object, java.lang.Object)'> (0x000000071144b7d8) 
thrown [s\open\src\hotspot\share\interpreter\linkResolver.cpp, line 766]
Event: 3.244 Thread 0x0000021c5b907140 Exception <a 'java/lang/NoSuchMethodError'{0x0000000710ea27a0}: 'java.lang.Object java.lang.invoke.DirectMethodHandle$Holder.invokeStaticInit(java.lang.Object, java.lang.Object, java.lang.Object)'> (0x0000000710ea27a0) 
thrown [s\open\src\hotspot\share\interpreter\linkResolver.cpp, line 766]
Event: 3.245 Thread 0x0000021c5b907140 Exception <a 'java/lang/NoSuchMethodError'{0x0000000710ea87b8}: 'java.lang.Object java.lang.invoke.DirectMethodHandle$Holder.invokeStaticInit(java.lang.Object, java.lang.Object, java.lang.Object, java.lang.Object, java.lang.Object)'> (0x0000000710ea87b8) 
thrown [s\open\src\hotspot\share\interpreter\linkResolver.cpp, line 766]
Event: 3.427 Thread 0x0000021c5b802090 Exception <a 'java/lang/IncompatibleClassChangeError'{0x00000007104c9630}: Found class java.lang.Object, but interface was expected> (0x00000007104c9630) 
thrown [s\open\src\hotspot\share\interpreter\linkResolver.cpp, line 833]
Event: 3.505 Thread 0x0000021c5b802090 Exception <a 'java/lang/NoSuchMethodError'{0x000000070fceedc0}: 'void java.lang.invoke.DirectMethodHandle$Holder.invokeInterface(java.lang.Object, java.lang.Object, java.lang.Object, java.lang.Object)'> (0x000000070fceedc0) 
thrown [s\open\src\hotspot\share\interpreter\linkResolver.cpp, line 766]
Event: 3.649 Thread 0x0000021c5b907140 Exception <a 'java/lang/NoSuchMethodError'{0x000000070f6e6828}: 'long java.lang.invoke.DirectMethodHandle$Holder.invokeSpecial(java.lang.Object, java.lang.Object)'> (0x000000070f6e6828) 
thrown [s\open\src\hotspot\share\interpreter\linkResolver.cpp, line 766]
Event: 3.652 Thread 0x0000021c5b907140 Exception <a 'java/lang/NoSuchMethodError'{0x000000070f782ff8}: 'long java.lang.invoke.DirectMethodHandle$Holder.invokeStatic(java.lang.Object, java.lang.Object)'> (0x000000070f782ff8) 
thrown [s\open\src\hotspot\share\interpreter\linkResolver.cpp, line 766]
Event: 3.652 Thread 0x0000021c5b907140 Exception <a 'java/lang/NoSuchMethodError'{0x000000070f7865f0}: 'long java.lang.invoke.DirectMethodHandle$Holder.invokeStaticInit(java.lang.Object, java.lang.Object)'> (0x000000070f7865f0) 
thrown [s\open\src\hotspot\share\interpreter\linkResolver.cpp, line 766]
Event: 3.655 Thread 0x0000021c5b907140 Exception <a 'java/lang/NoSuchMethodError'{0x000000070f7946d8}: 'long java.lang.invoke.DirectMethodHandle$Holder.invokeInterface(java.lang.Object, java.lang.Object)'> (0x000000070f7946d8) 
thrown [s\open\src\hotspot\share\interpreter\linkResolver.cpp, line 766]
Event: 3.655 Thread 0x0000021c5b907140 Exception <a 'java/lang/IncompatibleClassChangeError'{0x000000070f797c60}: Found class java.lang.Object, but interface was expected> (0x000000070f797c60) 
thrown [s\open\src\hotspot\share\interpreter\linkResolver.cpp, line 833]
Event: 3.674 Thread 0x0000021c5b907140 Exception <a 'java/lang/NoSuchMethodError'{0x000000070f4718c0}: 'java.lang.Object java.lang.invoke.DirectMethodHandle$Holder.invokeVirtual(java.lang.Object, java.lang.Object, java.lang.Object, java.lang.Object)'> (0x000000070f4718c0) 
thrown [s\open\src\hotspot\share\interpreter\linkResolver.cpp, line 766]

VM Operations (20 events):
Event: 2.693 Executing VM operation: ICBufferFull
Event: 2.694 Executing VM operation: ICBufferFull done
Event: 2.790 Executing VM operation: HandshakeAllThreads
Event: 2.790 Executing VM operation: HandshakeAllThreads done
Event: 2.810 Executing VM operation: HandshakeAllThreads
Event: 2.810 Executing VM operation: HandshakeAllThreads done
Event: 2.812 Executing VM operation: HandshakeAllThreads
Event: 2.812 Executing VM operation: HandshakeAllThreads done
Event: 2.835 Executing VM operation: G1CollectForAllocation
Event: 2.838 Executing VM operation: G1CollectForAllocation done
Event: 2.861 Executing VM operation: HandshakeAllThreads
Event: 2.861 Executing VM operation: HandshakeAllThreads done
Event: 2.965 Executing VM operation: HandshakeAllThreads
Event: 2.965 Executing VM operation: HandshakeAllThreads done
Event: 3.516 Executing VM operation: ICBufferFull
Event: 3.516 Executing VM operation: ICBufferFull done
Event: 4.113 Executing VM operation: ICBufferFull
Event: 4.114 Executing VM operation: ICBufferFull done
Event: 4.175 Executing VM operation: HandshakeAllThreads
Event: 4.175 Executing VM operation: HandshakeAllThreads done

Events (20 events):
Event: 0.327 Thread 0x0000021c5acc6f40 Thread added: 0x0000021c5acc6f40
Event: 0.328 Thread 0x0000021c5acc7420 Thread added: 0x0000021c5acc7420
Event: 0.495 Thread 0x0000021c5acd4170 Thread added: 0x0000021c5acd4170
Event: 0.500 Thread 0x0000021c5ace53e0 Thread added: 0x0000021c5ace53e0
Event: 0.511 Loaded shared library C:\Program Files\Java\jdk-18.0.1\bin\net.dll
Event: 0.512 Loaded shared library C:\Program Files\Java\jdk-18.0.1\bin\nio.dll
Event: 0.516 Loaded shared library C:\Program Files\Java\jdk-18.0.1\bin\zip.dll
Event: 0.599 Thread 0x0000021c5add43b0 Thread added: 0x0000021c5add43b0
Event: 0.733 Loaded shared library C:\Program Files\Java\jdk-18.0.1\bin\verify.dll
Event: 0.746 Loaded shared library C:\Program Files\Java\jdk-18.0.1\bin\jimage.dll
Event: 1.136 Thread 0x0000021c5add43b0 Thread exited: 0x0000021c5add43b0
Event: 1.317 Loaded shared library C:\Program Files\Java\jdk-18.0.1\bin\management.dll
Event: 1.321 Loaded shared library C:\Program Files\Java\jdk-18.0.1\bin\management_ext.dll
Event: 1.511 Thread 0x0000021c5b2c1020 Thread added: 0x0000021c5b2c1020
Event: 1.545 Thread 0x0000021c5b802090 Thread added: 0x0000021c5b802090
Event: 2.408 Thread 0x0000021c5b8a53f0 Thread added: 0x0000021c5b8a53f0
Event: 2.569 Thread 0x0000021c5b907140 Thread added: 0x0000021c5b907140
Event: 3.274 Thread 0x0000021c5c10a2d0 Thread added: 0x0000021c5c10a2d0
Event: 3.411 Thread 0x0000021c5c10a2d0 Thread exited: 0x0000021c5c10a2d0
Event: 3.681 Thread 0x0000021c5b907140 Thread exited: 0x0000021c5b907140


Dynamic libraries:
0x00007ff6387d0000 - 0x00007ff6387e0000 	C:\Program Files\Java\jdk-18.0.1\bin\java.exe
0x00007ffca81b0000 - 0x00007ffca83a8000 	C:\WINDOWS\SYSTEM32\ntdll.dll
0x00007ffca7c40000 - 0x00007ffca7cfd000 	C:\WINDOWS\System32\KERNEL32.DLL
0x00007ffca5cb0000 - 0x00007ffca5f7e000 	C:\WINDOWS\System32\KERNELBASE.dll
0x00007ffca6000000 - 0x00007ffca6100000 	C:\WINDOWS\System32\ucrtbase.dll
0x00007ffca2a00000 - 0x00007ffca2a18000 	C:\Program Files\Java\jdk-18.0.1\bin\jli.dll
0x00007ffca69c0000 - 0x00007ffca6a6e000 	C:\WINDOWS\System32\ADVAPI32.dll
0x00007ffca6b90000 - 0x00007ffca6c2e000 	C:\WINDOWS\System32\msvcrt.dll
0x00007ffca6c30000 - 0x00007ffca6ccc000 	C:\WINDOWS\System32\sechost.dll
0x00007ffca7e10000 - 0x00007ffca7f35000 	C:\WINDOWS\System32\RPCRT4.dll
0x00007ffca1720000 - 0x00007ffca173a000 	C:\Program Files\Java\jdk-18.0.1\bin\VCRUNTIME140.dll
0x00007ffca7220000 - 0x00007ffca73c0000 	C:\WINDOWS\System32\USER32.dll
0x00007ffca5be0000 - 0x00007ffca5c02000 	C:\WINDOWS\System32\win32u.dll
0x00007ffca7d00000 - 0x00007ffca7d2a000 	C:\WINDOWS\System32\GDI32.dll
0x00007ffca6100000 - 0x00007ffca620b000 	C:\WINDOWS\System32\gdi32full.dll
0x00007ffc903c0000 - 0x00007ffc9065a000 	C:\WINDOWS\WinSxS\amd64_microsoft.windows.common-controls_6595b64144ccf1df_6.0.19041.1110_none_60b5254171f9507e\COMCTL32.dll
0x00007ffca5c10000 - 0x00007ffca5cad000 	C:\WINDOWS\System32\msvcp_win.dll
0x00007ffc966b0000 - 0x00007ffc966ba000 	C:\WINDOWS\SYSTEM32\VERSION.dll
0x00007ffca71f0000 - 0x00007ffca7220000 	C:\WINDOWS\System32\IMM32.DLL
0x00007ffca27c0000 - 0x00007ffca27cc000 	C:\Program Files\Java\jdk-18.0.1\bin\vcruntime140_1.dll
0x00007ffc847f0000 - 0x00007ffc8487d000 	C:\Program Files\Java\jdk-18.0.1\bin\msvcp140.dll
0x00007ffc6a930000 - 0x00007ffc6b540000 	C:\Program Files\Java\jdk-18.0.1\bin\server\jvm.dll
0x00007ffca7e00000 - 0x00007ffca7e08000 	C:\WINDOWS\System32\PSAPI.DLL
0x00007ffc8e980000 - 0x00007ffc8e9a7000 	C:\WINDOWS\SYSTEM32\WINMM.dll
0x00007ffca19d0000 - 0x00007ffca19d9000 	C:\WINDOWS\SYSTEM32\WSOCK32.dll
0x00007ffca7d30000 - 0x00007ffca7d9b000 	C:\WINDOWS\System32\WS2_32.dll
0x00007ffca37b0000 - 0x00007ffca37c2000 	C:\WINDOWS\SYSTEM32\kernel.appcore.dll
0x00007ffca1a00000 - 0x00007ffca1a0a000 	C:\Program Files\Java\jdk-18.0.1\bin\jimage.dll
0x00007ffc964c0000 - 0x00007ffc966a4000 	C:\WINDOWS\SYSTEM32\DBGHELP.DLL
0x00007ffc96490000 - 0x00007ffc964bc000 	C:\WINDOWS\SYSTEM32\dbgcore.DLL
0x00007ffca5940000 - 0x00007ffca59c2000 	C:\WINDOWS\System32\bcryptPrimitives.dll
0x00007ffc9c990000 - 0x00007ffc9c9cb000 	C:\Program Files\Java\jdk-18.0.1\bin\jdwp.dll
0x00007ffc9cff0000 - 0x00007ffc9d015000 	C:\Program Files\Java\jdk-18.0.1\bin\java.dll
0x00007ffc9c9d0000 - 0x00007ffc9caa6000 	C:\Program Files\Java\jdk-18.0.1\bin\jsvml.dll
0x00007ffca74f0000 - 0x00007ffca7c34000 	C:\WINDOWS\System32\SHELL32.dll
0x00007ffca39b0000 - 0x00007ffca4144000 	C:\WINDOWS\SYSTEM32\windows.storage.dll
0x00007ffca6e70000 - 0x00007ffca71c4000 	C:\WINDOWS\System32\combase.dll
0x00007ffca5260000 - 0x00007ffca5290000 	C:\WINDOWS\SYSTEM32\Wldp.dll
0x00007ffca6db0000 - 0x00007ffca6e5d000 	C:\WINDOWS\System32\SHCORE.dll
0x00007ffca7da0000 - 0x00007ffca7df5000 	C:\WINDOWS\System32\shlwapi.dll
0x00007ffca5810000 - 0x00007ffca582f000 	C:\WINDOWS\SYSTEM32\profapi.dll
0x00007ffca2890000 - 0x00007ffca289c000 	C:\Program Files\Java\jdk-18.0.1\bin\dt_socket.dll
0x00007ffca4cb0000 - 0x00007ffca4ceb000 	C:\WINDOWS\SYSTEM32\IPHLPAPI.DLL
0x00007ffca4fc0000 - 0x00007ffca502a000 	C:\WINDOWS\system32\mswsock.dll
0x00007ffc9eb30000 - 0x00007ffc9eb43000 	C:\Program Files\Java\jdk-18.0.1\bin\net.dll
0x00007ffc93f80000 - 0x00007ffc9408a000 	C:\WINDOWS\SYSTEM32\WINHTTP.dll
0x00007ffc9e980000 - 0x00007ffc9e996000 	C:\Program Files\Java\jdk-18.0.1\bin\nio.dll
0x00007ffc9d730000 - 0x00007ffc9d748000 	C:\Program Files\Java\jdk-18.0.1\bin\zip.dll
0x00007ffc9f4c0000 - 0x00007ffc9f4d0000 	C:\Program Files\Java\jdk-18.0.1\bin\verify.dll
0x00007ffc9f3d0000 - 0x00007ffc9f3d9000 	C:\Program Files\Java\jdk-18.0.1\bin\management.dll
0x00007ffc9e950000 - 0x00007ffc9e95b000 	C:\Program Files\Java\jdk-18.0.1\bin\management_ext.dll
0x00007ffc8c2c0000 - 0x00007ffc8c2d7000 	C:\WINDOWS\system32\napinsp.dll
0x00007ffc86820000 - 0x00007ffc8683b000 	C:\WINDOWS\system32\pnrpnsp.dll
0x00007ffc88890000 - 0x00007ffc888a5000 	C:\WINDOWS\system32\wshbth.dll
0x00007ffca0540000 - 0x00007ffca055d000 	C:\WINDOWS\system32\NLAapi.dll
0x00007ffca4cf0000 - 0x00007ffca4dba000 	C:\WINDOWS\SYSTEM32\DNSAPI.dll
0x00007ffca7fd0000 - 0x00007ffca7fd8000 	C:\WINDOWS\System32\NSI.dll
0x00007ffc86630000 - 0x00007ffc86642000 	C:\WINDOWS\System32\winrnr.dll
0x0000000074dd0000 - 0x0000000074df6000 	C:\Program Files\Bonjour\mdnsNSP.dll
0x00007ffc93710000 - 0x00007ffc9371a000 	C:\Windows\System32\rasadhlp.dll
0x00007ffc93dc0000 - 0x00007ffc93e40000 	C:\WINDOWS\System32\fwpuclnt.dll
0x00007ffca5fd0000 - 0x00007ffca5ff7000 	C:\WINDOWS\System32\bcrypt.dll

dbghelp: loaded successfully - version: 4.0.5 - missing functions: none
symbol engine: initialized successfully - sym options: 0x614 - pdb path: .;C:\Program Files\Java\jdk-18.0.1\bin;C:\WINDOWS\SYSTEM32;C:\WINDOWS\WinSxS\amd64_microsoft.windows.common-controls_6595b64144ccf1df_6.0.19041.1110_none_60b5254171f9507e;C:\Program Files\Java\jdk-18.0.1\bin\server;C:\Program Files\Bonjour

VM Arguments:
jvm_args: -agentlib:jdwp=transport=dt_socket,server=n,address=1176 
java_command: com.portfoliofullstack.miportfolio.MiportfolioApplication
java_class_path (initial): C:\Users\Rodrigo\Desktop\Programacion\Cursos\ArgentinaProgramaGob\PortfolioWebFullStack\BackEnd\target\classes;C:\Users\Rodrigo\.m2\repository\org\springframework\boot\spring-boot-starter-data-jpa\2.6.7\spring-boot-starter-data-jpa-2.6.7.jar;C:\Users\Rodrigo\.m2\repository\org\springframework\boot\spring-boot-starter-aop\2.6.7\spring-boot-starter-aop-2.6.7.jar;C:\Users\Rodrigo\.m2\repository\org\springframework\spring-aop\5.3.19\spring-aop-5.3.19.jar;C:\Users\Rodrigo\.m2\repository\org\aspectj\aspectjweaver\1.9.7\aspectjweaver-1.9.7.jar;C:\Users\Rodrigo\.m2\repository\org\springframework\boot\spring-boot-starter-jdbc\2.6.7\spring-boot-starter-jdbc-2.6.7.jar;C:\Users\Rodrigo\.m2\repository\com\zaxxer\HikariCP\4.0.3\HikariCP-4.0.3.jar;C:\Users\Rodrigo\.m2\repository\org\springframework\spring-jdbc\5.3.19\spring-jdbc-5.3.19.jar;C:\Users\Rodrigo\.m2\repository\jakarta\transaction\jakarta.transaction-api\1.3.3\jakarta.transaction-api-1.3.3.jar;C:\Users\Rodrigo\.m2\repository\jakarta\persistence\jakarta.persistence-api\2.2.3\jakarta.persistence-api-2.2.3.jar;C:\Users\Rodrigo\.m2\repository\org\hibernate\hibernate-core\5.6.8.Final\hibernate-core-5.6.8.Final.jar;C:\Users\Rodrigo\.m2\repository\org\jboss\logging\jboss-logging\3.4.3.Final\jboss-logging-3.4.3.Final.jar;C:\Users\Rodrigo\.m2\repository\net\bytebuddy\byte-buddy\1.11.22\byte-buddy-1.11.22.jar;C:\Users\Rodrigo\.m2\repository\antlr\antlr\2.7.7\antlr-2.7.7.jar;C:\Users\Rodrigo\.m2\repository\org\jboss\jandex\2.4.2.Final\jandex-2.4.2.Final.jar;C:\Users\Rodrigo\.m2\repository\com\fasterxml\classmate\1.5.1\classmate-1.5.1.jar;C:\Users\Rodrigo\.m2\repository\org\hibernate\common\hibernate-commons-annotations\5.1.2.Final\hibernate-commons-annotations-5.1.2.Final.jar;C:\Users\Rodrigo\.m2\repository\org\glassfish\jaxb\jaxb-runtime\2.3.6\jaxb-runtime-2.3.6.jar;C:\Users\Rodrigo\.m2\repository\org\glassfish\jaxb\txw2\2.3.6\txw2-2.3.6.jar;C:\Users\Rodrigo\.m2\repository\com\sun\istack\istack-commons-runtime\3.0.12\istack-commons-runtime-3.0.12.jar;C:\Users\Rodrigo\.m2\repository\com\sun\activation\jakarta.activation\1.2.2\jakarta.activation-1.2.2.jar;C:\Users\Rodrigo\.m2\repository\org\springframework\data\spring-data-jpa\2.6.4\spring-data-jpa-2.6.4.jar;C:\Users\Rodrigo\.m2\repository\org\springframework\data\spring-data-commons\2.6.4\spring-data-commons-2.6.4.jar;C:\Users\Rodrigo\.m2\repository\org\springframework\spring-orm\5.3.19\spring-orm-5.3.19.jar;C:\Users\Rodrigo\.m2\repository\org\springframework\spring-context\5.3.19\spring-context-5.3.19.jar;C:\Users\Rodrigo\.m2\repository\org\springframework\spring-tx\5.3.19\spring-tx-5.3.19.jar;C:\Users\Rodrigo\.m2\repository\org\springframework\spring-beans\5.3.19\spring-beans-5.3.19.jar;C:\Users\Rodrigo\.m2\repository\org\slf4j\slf4j-api\1.7.36\slf4j-api-1.7.36.jar;C:\Users\Rodrigo\.m2\repository\org\springframework\spring-aspects\5.3.19\spring-aspects-5.3.19.jar;C:\Users\Rodrigo\.m2\repository\org\springframework\boot\spring-boot-starter-validation\2.6.7\spring-boot-starter-validation-2.6.7.jar;C:\Users\Rodrigo\.m2\repository\org\springframework\boot\spring-boot-starter\2.6.7\spring-boot-starter-2.6.7.jar;C:\Users\Rodrigo\.m2\repository\org\springframework\boot\spring-boot-starter-logging\2.6.7\spring-boot-starter-logging-2.6.7.jar;C:\Users\Rodrigo\.m2\repository\ch\qos\logback\logback-classic\1.2.11\logback-classic-1.2.11.jar;C:\Users\Rodrigo\.m2\repository\ch\qos\logback\logback-core\1.2.11\logback-core-1.2.11.jar;C:\Users\Rodrigo\.m2\repository\org\apache\logging\log4j\log4j-to-slf4j\2.17.2\log4j-to-slf4j-2.17.2.jar;C:\Users\Rodrigo\.m2\repository\org\apache\logging\log4j\log4j-api\2.17.2\log4j-api-2.17.2.jar;C:\Users\Rodrigo\.m2\repository\org\slf4j\jul-to-slf4j\1.7.36\jul-to-slf4j-1.7.36.jar;C:\Users\Rodrigo\.m2\repository\jakarta\annotation\jakarta.annotation-api\1.3.5\jakarta.annotation-api-1.3.5.jar;C:\Users\Rodrigo\.m2\repository\org\yaml\snakeyaml\1.29\snakeyaml-1.29.jar;C:\Users\Rodrigo\.m2\repository\org\apache\tomcat\embed\tomcat-embed-el\9.0.62\tomcat-embed-el-9.0.62.jar;C:\Users\Rodrigo\.m2\repository\org\hibernate\validator\hibernate-validator\6.2.3.Final\hibernate-validator-6.2.3.Final.jar;C:\Users\Rodrigo\.m2\repository\jakarta\validation\jakarta.validation-api\2.0.2\jakarta.validation-api-2.0.2.jar;C:\Users\Rodrigo\.m2\repository\org\springframework\boot\spring-boot-starter-web\2.6.7\spring-boot-starter-web-2.6.7.jar;C:\Users\Rodrigo\.m2\repository\org\springframework\boot\spring-boot-starter-json\2.6.7\spring-boot-starter-json-2.6.7.jar;C:\Users\Rodrigo\.m2\repository\com\fasterxml\jackson\core\jackson-databind\2.13.2.1\jackson-databind-2.13.2.1.jar;C:\Users\Rodrigo\.m2\repository\com\fasterxml\jackson\core\jackson-annotations\2.13.2\jackson-annotations-2.13.2.jar;C:\Users\Rodrigo\.m2\repository\com\fasterxml\jackson\core\jackson-core\2.13.2\jackson-core-2.13.2.jar;C:\Users\Rodrigo\.m2\repository\com\fasterxml\jackson\datatype\jackson-datatype-jdk8\2.13.2\jackson-datatype-jdk8-2.13.2.jar;C:\Users\Rodrigo\.m2\repository\com\fasterxml\jackson\datatype\jackson-datatype-jsr310\2.13.2\jackson-datatype-jsr310-2.13.2.jar;C:\Users\Rodrigo\.m2\repository\com\fasterxml\jackson\module\jackson-module-parameter-names\2.13.2\jackson-module-parameter-names-2.13.2.jar;C:\Users\Rodrigo\.m2\repository\org\springframework\boot\spring-boot-starter-tomcat\2.6.7\spring-boot-starter-tomcat-2.6.7.jar;C:\Users\Rodrigo\.m2\repository\org\apache\tomcat\embed\tomcat-embed-core\9.0.62\tomcat-embed-core-9.0.62.jar;C:\Users\Rodrigo\.m2\repository\org\apache\tomcat\embed\tomcat-embed-websocket\9.0.62\tomcat-embed-websocket-9.0.62.jar;C:\Users\Rodrigo\.m2\repository\org\springframework\spring-web\5.3.19\spring-web-5.3.19.jar;C:\Users\Rodrigo\.m2\repository\org\springframework\spring-webmvc\5.3.19\spring-webmvc-5.3.19.jar;C:\Users\Rodrigo\.m2\repository\org\springframework\spring-expression\5.3.19\spring-expression-5.3.19.jar;C:\Users\Rodrigo\.m2\repository\org\springframework\boot\spring-boot-devtools\2.6.7\spring-boot-devtools-2.6.7.jar;C:\Users\Rodrigo\.m2\repository\org\springframework\boot\spring-boot\2.6.7\spring-boot-2.6.7.jar;C:\Users\Rodrigo\.m2\repository\org\springframework\boot\spring-boot-autoconfigure\2.6.7\spring-boot-autoconfigure-2.6.7.jar;C:\Users\Rodrigo\.m2\repository\mysql\mysql-connector-java\8.0.28\mysql-connector-java-8.0.28.jar;C:\Users\Rodrigo\.m2\repository\org\projectlombok\lombok\1.18.24\lombok-1.18.24.jar;C:\Users\Rodrigo\.m2\repository\jakarta\xml\bind\jakarta.xml.bind-api\2.3.3\jakarta.xml.bind-api-2.3.3.jar;C:\Users\Rodrigo\.m2\repository\jakarta\activation\jakarta.activation-api\1.2.2\jakarta.activation-api-1.2.2.jar;C:\Users\Rodrigo\.m2\repository\org\springframework\spring-core\5.3.19\spring-core-5.3.19.jar;C:\Users\Rodrigo\.m2\repository\org\springframework\spring-jcl\5.3.19\spring-jcl-5.3.19.jar
Launcher Type: SUN_STANDARD

[Global flags]
     intx CICompilerCount                          = 3                                         {product} {ergonomic}
     uint ConcGCThreads                            = 1                                         {product} {ergonomic}
     uint G1ConcRefinementThreads                  = 4                                         {product} {ergonomic}
   size_t G1HeapRegionSize                         = 2097152                                   {product} {ergonomic}
    uintx GCDrainStackTargetSize                   = 64                                        {product} {ergonomic}
   size_t InitialHeapSize                          = 268435456                                 {product} {ergonomic}
   size_t MarkStackSize                            = 4194304                                   {product} {ergonomic}
   size_t MaxHeapSize                              = 4265607168                                {product} {ergonomic}
   size_t MaxNewSize                               = 2558525440                                {product} {ergonomic}
   size_t MinHeapDeltaBytes                        = 2097152                                   {product} {ergonomic}
   size_t MinHeapSize                              = 8388608                                   {product} {ergonomic}
    uintx NonNMethodCodeHeapSize                   = 5832780                                {pd product} {ergonomic}
    uintx NonProfiledCodeHeapSize                  = 122912730                              {pd product} {ergonomic}
    uintx ProfiledCodeHeapSize                     = 122912730                              {pd product} {ergonomic}
    uintx ReservedCodeCacheSize                    = 251658240                              {pd product} {ergonomic}
     bool SegmentedCodeCache                       = true                                      {product} {ergonomic}
   size_t SoftMaxHeapSize                          = 4265607168                             {manageable} {ergonomic}
     bool UseCompressedClassPointers               = true                           {product lp64_product} {ergonomic}
     bool UseCompressedOops                        = true                           {product lp64_product} {ergonomic}
     bool UseG1GC                                  = true                                      {product} {ergonomic}
     bool UseLargePagesIndividualAllocation        = false                                  {pd product} {ergonomic}

Logging:
Log output configuration:
 #0: stdout all=warning uptime,level,tags foldmultilines=false
 #1: stderr all=off uptime,level,tags foldmultilines=false

Environment Variables:
JAVA_HOME=C:\Program Files\Java\jdk-18.0.1
PATH=C:\Program Files\Eclipse Adoptium\jdk-11.0.15.10-hotspot\bin;C:\Program Files\Eclipse Adoptium\jdk-17.0.3.7-hotspot\bin;C:\Program Files\Common Files\Oracle\Java\javapath;C:\Ruby27-x64\bin;C:\Program Files (x86)\Intel\iCLS Client\;C:\Program Files (x86)\Common Files\Oracle\Java\javapath;C:\ProgramData\Oracle\Java\javapath;C:\Program Files\Intel\iCLS Client\;C:\Windows\system32;C:\Windows;C:\WINDOWS;C:\Windows\System32\Wbem;C:\WINDOWS\System32\Wbem;C:\Windows\System32\WindowsPowerShell\v1.0\;C:\WINDOWS\System32\WindowsPowerShell\v1.0\;C:\WINDOWS\system32;C:\WINDOWS\System32\OpenSSH\;%AppData%\npm;C:\Program Files\nodejs\;C:\Program Files (x86)\NVIDIA Corporation\PhysX\Common;C:\Program Files\NVIDIA Corporation\NVIDIA NvDLISR;C:\WINDOWS\system32;C:\WINDOWS;C:\WINDOWS\System32\Wbem;C:\WINDOWS\System32\WindowsPowerShell\v1.0\;C:\Program Files (x86)\Intel\Intel(R) Management Engine Components\DAL;C:\Program Files\Intel\Intel(R) Management Engine Components\DAL;C:\Program Files (x86)\Intel\Intel(R) Management Engine Components\IPT;C:\Program Files\Intel\Intel(R) Management Engine Components\IPT;C:\Program Files\Microsoft SQL Server\150\Tools\Binn\;C:\Program Files\nodejs\;C:\Program Files\Git\cmd;C:\Program Files\dotnet\;C:\Users\Rodrigo\AppData\Local\Programs\Python\Python310\Scripts\;C:\Users\Rodrigo\AppData\Local\Programs\Python\Python310\;C:\Users\Rodrigo\AppData\Local\Programs\Python\Python37\Scripts\;C:\Users\Rodrigo\AppData\Local\Programs\Python\Python37\;C:\Users\Rodrigo\AppData\Local\Programs\Microsoft VS Code\bin;C:\Program Files\apache-maven-3.8.6\bin;
USERNAME=Rodrigo
OS=Windows_NT
PROCESSOR_IDENTIFIER=Intel64 Family 6 Model 158 Stepping 9, GenuineIntel



---------------  S Y S T E M  ---------------

OS:
 Windows 10 , 64 bit Build 19041 (10.0.19041.1889)
OS uptime: 1 days 16:21 hours

CPU: total 4 (initial active 4) (4 cores per cpu, 1 threads per core) family 6 model 158 stepping 9 microcode 0xb4, cx8, cmov, fxsr, mmx, 3dnowpref, sse, sse2, sse3, ssse3, sse4.1, sse4.2, popcnt, lzcnt, tsc, tscinvbit, avx, avx2, aes, erms, clmul, bmi1, bmi2, adx, fma, vzeroupper, clflush, clflushopt

Memory: 4k page, system-wide physical 16267M (5877M free)
TotalPageFile size 16267M (AvailPageFile size 726M)
current process WorkingSet (physical memory assigned to process): 149M, peak: 149M
current process commit charge ("private bytes"): 387M, peak: 387M

vm_info: Java HotSpot(TM) 64-Bit Server VM (18.0.1+10-24) for windows-amd64 JRE (18.0.1+10-24), built on Mar  9 2022 22:41:56 by "mach5one" with MS VC++ 16.8 / 16.9 (VS2019)

END.
