#
# There is insufficient memory for the Java Runtime Environment to continue.
# Native memory allocation (mmap) failed to map 65536 bytes for Failed to commit metaspace.
# Possible reasons:
#   The system is out of physical RAM or swap space
#   The process is running with CompressedOops enabled, and the Java Heap may be blocking the growth of the native heap
# Possible solutions:
#   Reduce memory load on the system
#   Increase physical memory or swap space
#   Check if swap backing store is full
#   Decrease Java heap size (-Xmx/-Xms)
#   Decrease number of Java threads
#   Decrease Java thread stack sizes (-Xss)
#   Set larger code cache with -XX:ReservedCodeCacheSize=
#   JVM is running with Zero Based Compressed Oops mode in which the Java heap is
#     placed in the first 32GB address space. The Java Heap base address is the
#     maximum limit for the native heap growth. Please use -XX:HeapBaseMinAddress
#     to set the Java Heap base and to place the Java Heap above 32GB virtual address.
# This output file may be truncated or incomplete.
#
#  Out of Memory Error (virtualSpaceNode.cpp:110), pid=12420, tid=10876
#
# JRE version: Java(TM) SE Runtime Environment (18.0.1+10) (build 18.0.1+10-24)
# Java VM: Java HotSpot(TM) 64-Bit Server VM (18.0.1+10-24, mixed mode, tiered, compressed oops, compressed class ptrs, g1 gc, windows-amd64)
# No core dump will be written. Minidumps are not enabled by default on client versions of Windows
#

---------------  S U M M A R Y ------------

Command Line: -Dmaven.multiModuleProjectDirectory=C:\Users\Rodrigo\Desktop\Programacion\Cursos\ArgentinaProgramaGob\PortfolioWebFullStack\BackEnd org.apache.maven.wrapper.MavenWrapperMain -Dexec.vmArgs= -Dexec.args=${exec.vmArgs} -classpath %classpath ${exec.mainClass} ${exec.appArgs} -Dexec.executable=C:\Program Files\Java\jdk-18.0.1\bin\java.exe -Dexec.mainClass=com.portfoliofullstack.miportfolio.MiportfolioApplication -Dexec.classpathScope=runtime -Dexec.appArgs= -Dmaven.ext.class.path=C:\Program Files\NetBeans-13\netbeans\java\maven-nblib\netbeans-eventspy.jar org.codehaus.mojo:exec-maven-plugin:3.0.0:exec

Host: Intel(R) Core(TM) i5-7300HQ CPU @ 2.50GHz, 4 cores, 15G,  Windows 10 , 64 bit Build 19041 (10.0.19041.1889)
Time: Sun Aug 28 02:28:37 2022 Hora estándar de Argentina elapsed time: 0.544267 seconds (0d 0h 0m 0s)

---------------  T H R E A D  ---------------

Current thread (0x000001c3f76d4c40):  JavaThread "main" [_thread_in_vm, id=10876, stack(0x000000a242700000,0x000000a242800000)]

Stack: [0x000000a242700000,0x000000a242800000]
Native frames: (J=compiled Java code, j=interpreted, Vv=VM code, C=native code)
V  [jvm.dll+0x69887a]
V  [jvm.dll+0x7f38bd]
V  [jvm.dll+0x7f51ce]
V  [jvm.dll+0x7f5883]
V  [jvm.dll+0x25ca3f]
V  [jvm.dll+0x7ef5cb]
V  [jvm.dll+0x63ea76]
V  [jvm.dll+0x63eada]
V  [jvm.dll+0x64135e]
V  [jvm.dll+0x64121e]
V  [jvm.dll+0x63f43e]
V  [jvm.dll+0x25108f]
V  [jvm.dll+0x649a75]
V  [jvm.dll+0x64ce3b]
V  [jvm.dll+0x76af50]
V  [jvm.dll+0x57dc2a]
V  [jvm.dll+0x57e542]
V  [jvm.dll+0x659f77]
V  [jvm.dll+0x655f11]
C  0x000001c38000d621

Java frames: (J=compiled Java code, j=interpreted, Vv=VM code)
j  java.lang.invoke.MethodHandleNatives.resolve(Ljava/lang/invoke/MemberName;Ljava/lang/Class;IZ)Ljava/lang/invoke/MemberName;+0 java.base@18.0.1
j  java.lang.invoke.MemberName$Factory.resolve(BLjava/lang/invoke/MemberName;Ljava/lang/Class;IZ)Ljava/lang/invoke/MemberName;+36 java.base@18.0.1
j  java.lang.invoke.MemberName$Factory.resolveOrFail(BLjava/lang/invoke/MemberName;Ljava/lang/Class;ILjava/lang/Class;)Ljava/lang/invoke/MemberName;+31 java.base@18.0.1
j  java.lang.invoke.MethodHandles$Lookup.resolveOrFail(BLjava/lang/Class;Ljava/lang/String;Ljava/lang/invoke/MethodType;)Ljava/lang/invoke/MemberName;+44 java.base@18.0.1
j  java.lang.invoke.Invokers.invokeBasicMethod(Ljava/lang/invoke/MethodType;)Ljava/lang/invoke/MemberName;+31 java.base@18.0.1
j  java.lang.invoke.Invokers.basicInvoker()Ljava/lang/invoke/MethodHandle;+55 java.base@18.0.1
j  java.lang.invoke.LambdaForm$NamedFunction.<init>(Ljava/lang/invoke/MethodType;)V+42 java.base@18.0.1
j  java.lang.invoke.LambdaForm$Name.<init>(Ljava/lang/invoke/MethodType;[Ljava/lang/Object;)V+6 java.base@18.0.1
j  java.lang.invoke.Invokers.callSiteForm(Ljava/lang/invoke/MethodType;Z)Ljava/lang/invoke/LambdaForm;+263 java.base@18.0.1
j  java.lang.invoke.Invokers.linkToTargetMethod(Ljava/lang/invoke/MethodType;)Ljava/lang/invoke/MemberName;+2 java.base@18.0.1
j  java.lang.invoke.MethodHandleNatives.linkCallSiteImpl(Ljava/lang/Class;Ljava/lang/invoke/MethodHandle;Ljava/lang/String;Ljava/lang/invoke/MethodType;Ljava/lang/Object;[Ljava/lang/Object;)Ljava/lang/invoke/MemberName;+29 java.base@18.0.1
j  java.lang.invoke.MethodHandleNatives.linkCallSite(Ljava/lang/Object;Ljava/lang/Object;Ljava/lang/Object;Ljava/lang/Object;Ljava/lang/Object;[Ljava/lang/Object;)Ljava/lang/invoke/MemberName;+45 java.base@18.0.1
v  ~StubRoutines::call_stub
j  java.util.regex.Pattern.negate(Ljava/util/regex/Pattern$CharPredicate;)Ljava/util/regex/Pattern$CharPredicate;+1 java.base@18.0.1
j  java.util.regex.Pattern$CharPredicate.negate()Ljava/util/regex/Pattern$CharPredicate;+1 java.base@18.0.1
j  java.util.regex.Pattern.clazz(Z)Ljava/util/regex/Pattern$CharPredicate;+394 java.base@18.0.1
j  java.util.regex.Pattern.sequence(Ljava/util/regex/Pattern$Node;)Ljava/util/regex/Pattern$Node;+213 java.base@18.0.1
j  java.util.regex.Pattern.expr(Ljava/util/regex/Pattern$Node;)Ljava/util/regex/Pattern$Node;+12 java.base@18.0.1
j  java.util.regex.Pattern.compile()V+222 java.base@18.0.1
j  java.util.regex.Pattern.<init>(Ljava/lang/String;I)V+108 java.base@18.0.1
j  java.util.regex.Pattern.compile(Ljava/lang/String;)Ljava/util/regex/Pattern;+6 java.base@18.0.1
j  java.util.regex.Pattern.matches(Ljava/lang/String;Ljava/lang/CharSequence;)Z+1 java.base@18.0.1
j  java.lang.String.matches(Ljava/lang/String;)Z+2 java.base@18.0.1
j  org.apache.maven.wrapper.cli.CommandLineParser.parse(Ljava/lang/Iterable;)Lorg/apache/maven/wrapper/cli/ParsedCommandLine;+101
j  org.apache.maven.wrapper.cli.CommandLineParser.parse([Ljava/lang/String;)Lorg/apache/maven/wrapper/cli/ParsedCommandLine;+5
j  org.apache.maven.wrapper.MavenWrapperMain.parseSystemPropertiesFromArgs([Ljava/lang/String;)Ljava/util/Map;+29
j  org.apache.maven.wrapper.MavenWrapperMain.main([Ljava/lang/String;)V+50
v  ~StubRoutines::call_stub

---------------  P R O C E S S  ---------------

Threads class SMR info:
_java_thread_list=0x000001c39e2b7f00, length=12, elements={
0x000001c3f76d4c40, 0x000001c3ffcfb290, 0x000001c3ffcfc170, 0x000001c39e120290,
0x000001c39e122c40, 0x000001c39e1235e0, 0x000001c39e123f80, 0x000001c39e124d90,
0x000001c39e128db0, 0x000001c39e134f10, 0x000001c39e2aaf60, 0x000001c39e2b9090
}

Java Threads: ( => current thread )
=>0x000001c3f76d4c40 JavaThread "main" [_thread_in_vm, id=10876, stack(0x000000a242700000,0x000000a242800000)]
  0x000001c3ffcfb290 JavaThread "Reference Handler" daemon [_thread_blocked, id=7848, stack(0x000000a242e00000,0x000000a242f00000)]
  0x000001c3ffcfc170 JavaThread "Finalizer" daemon [_thread_blocked, id=2288, stack(0x000000a242f00000,0x000000a243000000)]
  0x000001c39e120290 JavaThread "Signal Dispatcher" daemon [_thread_blocked, id=3788, stack(0x000000a243000000,0x000000a243100000)]
  0x000001c39e122c40 JavaThread "Attach Listener" daemon [_thread_blocked, id=4140, stack(0x000000a243100000,0x000000a243200000)]
  0x000001c39e1235e0 JavaThread "Service Thread" daemon [_thread_blocked, id=2964, stack(0x000000a243200000,0x000000a243300000)]
  0x000001c39e123f80 JavaThread "Monitor Deflation Thread" daemon [_thread_blocked, id=2884, stack(0x000000a243300000,0x000000a243400000)]
  0x000001c39e124d90 JavaThread "C2 CompilerThread0" daemon [_thread_blocked, id=9200, stack(0x000000a243400000,0x000000a243500000)]
  0x000001c39e128db0 JavaThread "C1 CompilerThread0" daemon [_thread_blocked, id=10664, stack(0x000000a243500000,0x000000a243600000)]
  0x000001c39e134f10 JavaThread "Sweeper thread" daemon [_thread_blocked, id=10400, stack(0x000000a243600000,0x000000a243700000)]
  0x000001c39e2aaf60 JavaThread "Notification Thread" daemon [_thread_blocked, id=8516, stack(0x000000a243700000,0x000000a243800000)]
  0x000001c39e2b9090 JavaThread "Common-Cleaner" daemon [_thread_blocked, id=6352, stack(0x000000a243900000,0x000000a243a00000)]

Other Threads:
  0x000001c3ffce5cb0 VMThread "VM Thread" [stack: 0x000000a242d00000,0x000000a242e00000] [id=5192]
  0x000001c39e2af440 WatcherThread "VM Periodic Task Thread" [stack: 0x000000a243800000,0x000000a243900000] [id=1756]
  0x000001c3f7745300 WorkerThread "GC Thread#0" [stack: 0x000000a242800000,0x000000a242900000] [id=10880]
  0x000001c3f7757080 ConcurrentGCThread "G1 Main Marker" [stack: 0x000000a242900000,0x000000a242a00000] [id=9700]
  0x000001c3f7759220 WorkerThread "G1 Conc#0" [stack: 0x000000a242a00000,0x000000a242b00000] [id=13404]
  0x000001c3f7796920 ConcurrentGCThread "G1 Refine#0" [stack: 0x000000a242b00000,0x000000a242c00000] [id=15256]
  0x000001c3f7797230 ConcurrentGCThread "G1 Service" [stack: 0x000000a242c00000,0x000000a242d00000] [id=13172]

Threads with active compile tasks:

VM state: not at safepoint (normal execution)

VM Mutex/Monitor currently owned by a thread:  ([mutex/lock_event])
[0x000001c3f76cf0c0] Metaspace_lock - owner thread: 0x000001c3f76d4c40

Heap address: 0x0000000701c00000, size: 4068 MB, Compressed Oops mode: Zero based, Oop shift amount: 3

CDS archive(s) not mapped
Compressed class space mapped at: 0x0000000800000000-0x0000000840000000, reserved size: 1073741824
Narrow klass base: 0x0000000800000000, Narrow klass shift: 0, Narrow klass range: 0x40000000

GC Precious Log:
 CardTable entry size: 512
 Card Set container configuration: InlinePtr #cards 4 size 8 Array Of Cards #cards 16 size 48 Howl #buckets 8 coarsen threshold 3686 Howl Bitmap #cards 512 size 80 coarsen threshold 460 Card regions per heap region 1 cards per card region 4096
 CPUs: 4 total, 4 available
 Memory: 16267M
 Large Page Support: Disabled
 NUMA Support: Disabled
 Compressed Oops: Enabled (Zero based)
 Heap Region Size: 2M
 Heap Min Capacity: 8M
 Heap Initial Capacity: 256M
 Heap Max Capacity: 4068M
 Pre-touch: Disabled
 Parallel Workers: 4
 Concurrent Workers: 1
 Concurrent Refinement Workers: 4
 Periodic GC: Disabled

Heap:
 garbage-first heap   total 262144K, used 0K [0x0000000701c00000, 0x0000000800000000)
  region size 2048K, 1 young (2048K), 0 survivors (0K)
 Metaspace       used 6263K, committed 6400K, reserved 1114112K
  class space    used 506K, committed 576K, reserved 1048576K

Heap Regions: E=young(eden), S=young(survivor), O=old, HS=humongous(starts), HC=humongous(continues), CS=collection set, F=free, OA=open archive, CA=closed archive, TAMS=top-at-mark-start (previous, next)
|   0|0x0000000701c00000, 0x0000000701c00000, 0x0000000701e00000|  0%| F|  |TAMS 0x0000000701c00000, 0x0000000701c00000| Untracked 
|   1|0x0000000701e00000, 0x0000000701e00000, 0x0000000702000000|  0%| F|  |TAMS 0x0000000701e00000, 0x0000000701e00000| Untracked 
|   2|0x0000000702000000, 0x0000000702000000, 0x0000000702200000|  0%| F|  |TAMS 0x0000000702000000, 0x0000000702000000| Untracked 
|   3|0x0000000702200000, 0x0000000702200000, 0x0000000702400000|  0%| F|  |TAMS 0x0000000702200000, 0x0000000702200000| Untracked 
|   4|0x0000000702400000, 0x0000000702400000, 0x0000000702600000|  0%| F|  |TAMS 0x0000000702400000, 0x0000000702400000| Untracked 
|   5|0x0000000702600000, 0x0000000702600000, 0x0000000702800000|  0%| F|  |TAMS 0x0000000702600000, 0x0000000702600000| Untracked 
|   6|0x0000000702800000, 0x0000000702800000, 0x0000000702a00000|  0%| F|  |TAMS 0x0000000702800000, 0x0000000702800000| Untracked 
|   7|0x0000000702a00000, 0x0000000702a00000, 0x0000000702c00000|  0%| F|  |TAMS 0x0000000702a00000, 0x0000000702a00000| Untracked 
|   8|0x0000000702c00000, 0x0000000702c00000, 0x0000000702e00000|  0%| F|  |TAMS 0x0000000702c00000, 0x0000000702c00000| Untracked 
|   9|0x0000000702e00000, 0x0000000702e00000, 0x0000000703000000|  0%| F|  |TAMS 0x0000000702e00000, 0x0000000702e00000| Untracked 
|  10|0x0000000703000000, 0x0000000703000000, 0x0000000703200000|  0%| F|  |TAMS 0x0000000703000000, 0x0000000703000000| Untracked 
|  11|0x0000000703200000, 0x0000000703200000, 0x0000000703400000|  0%| F|  |TAMS 0x0000000703200000, 0x0000000703200000| Untracked 
|  12|0x0000000703400000, 0x0000000703400000, 0x0000000703600000|  0%| F|  |TAMS 0x0000000703400000, 0x0000000703400000| Untracked 
|  13|0x0000000703600000, 0x0000000703600000, 0x0000000703800000|  0%| F|  |TAMS 0x0000000703600000, 0x0000000703600000| Untracked 
|  14|0x0000000703800000, 0x0000000703800000, 0x0000000703a00000|  0%| F|  |TAMS 0x0000000703800000, 0x0000000703800000| Untracked 
|  15|0x0000000703a00000, 0x0000000703a00000, 0x0000000703c00000|  0%| F|  |TAMS 0x0000000703a00000, 0x0000000703a00000| Untracked 
|  16|0x0000000703c00000, 0x0000000703c00000, 0x0000000703e00000|  0%| F|  |TAMS 0x0000000703c00000, 0x0000000703c00000| Untracked 
|  17|0x0000000703e00000, 0x0000000703e00000, 0x0000000704000000|  0%| F|  |TAMS 0x0000000703e00000, 0x0000000703e00000| Untracked 
|  18|0x0000000704000000, 0x0000000704000000, 0x0000000704200000|  0%| F|  |TAMS 0x0000000704000000, 0x0000000704000000| Untracked 
|  19|0x0000000704200000, 0x0000000704200000, 0x0000000704400000|  0%| F|  |TAMS 0x0000000704200000, 0x0000000704200000| Untracked 
|  20|0x0000000704400000, 0x0000000704400000, 0x0000000704600000|  0%| F|  |TAMS 0x0000000704400000, 0x0000000704400000| Untracked 
|  21|0x0000000704600000, 0x0000000704600000, 0x0000000704800000|  0%| F|  |TAMS 0x0000000704600000, 0x0000000704600000| Untracked 
|  22|0x0000000704800000, 0x0000000704800000, 0x0000000704a00000|  0%| F|  |TAMS 0x0000000704800000, 0x0000000704800000| Untracked 
|  23|0x0000000704a00000, 0x0000000704a00000, 0x0000000704c00000|  0%| F|  |TAMS 0x0000000704a00000, 0x0000000704a00000| Untracked 
|  24|0x0000000704c00000, 0x0000000704c00000, 0x0000000704e00000|  0%| F|  |TAMS 0x0000000704c00000, 0x0000000704c00000| Untracked 
|  25|0x0000000704e00000, 0x0000000704e00000, 0x0000000705000000|  0%| F|  |TAMS 0x0000000704e00000, 0x0000000704e00000| Untracked 
|  26|0x0000000705000000, 0x0000000705000000, 0x0000000705200000|  0%| F|  |TAMS 0x0000000705000000, 0x0000000705000000| Untracked 
|  27|0x0000000705200000, 0x0000000705200000, 0x0000000705400000|  0%| F|  |TAMS 0x0000000705200000, 0x0000000705200000| Untracked 
|  28|0x0000000705400000, 0x0000000705400000, 0x0000000705600000|  0%| F|  |TAMS 0x0000000705400000, 0x0000000705400000| Untracked 
|  29|0x0000000705600000, 0x0000000705600000, 0x0000000705800000|  0%| F|  |TAMS 0x0000000705600000, 0x0000000705600000| Untracked 
|  30|0x0000000705800000, 0x0000000705800000, 0x0000000705a00000|  0%| F|  |TAMS 0x0000000705800000, 0x0000000705800000| Untracked 
|  31|0x0000000705a00000, 0x0000000705a00000, 0x0000000705c00000|  0%| F|  |TAMS 0x0000000705a00000, 0x0000000705a00000| Untracked 
|  32|0x0000000705c00000, 0x0000000705c00000, 0x0000000705e00000|  0%| F|  |TAMS 0x0000000705c00000, 0x0000000705c00000| Untracked 
|  33|0x0000000705e00000, 0x0000000705e00000, 0x0000000706000000|  0%| F|  |TAMS 0x0000000705e00000, 0x0000000705e00000| Untracked 
|  34|0x0000000706000000, 0x0000000706000000, 0x0000000706200000|  0%| F|  |TAMS 0x0000000706000000, 0x0000000706000000| Untracked 
|  35|0x0000000706200000, 0x0000000706200000, 0x0000000706400000|  0%| F|  |TAMS 0x0000000706200000, 0x0000000706200000| Untracked 
|  36|0x0000000706400000, 0x0000000706400000, 0x0000000706600000|  0%| F|  |TAMS 0x0000000706400000, 0x0000000706400000| Untracked 
|  37|0x0000000706600000, 0x0000000706600000, 0x0000000706800000|  0%| F|  |TAMS 0x0000000706600000, 0x0000000706600000| Untracked 
|  38|0x0000000706800000, 0x0000000706800000, 0x0000000706a00000|  0%| F|  |TAMS 0x0000000706800000, 0x0000000706800000| Untracked 
|  39|0x0000000706a00000, 0x0000000706a00000, 0x0000000706c00000|  0%| F|  |TAMS 0x0000000706a00000, 0x0000000706a00000| Untracked 
|  40|0x0000000706c00000, 0x0000000706c00000, 0x0000000706e00000|  0%| F|  |TAMS 0x0000000706c00000, 0x0000000706c00000| Untracked 
|  41|0x0000000706e00000, 0x0000000706e00000, 0x0000000707000000|  0%| F|  |TAMS 0x0000000706e00000, 0x0000000706e00000| Untracked 
|  42|0x0000000707000000, 0x0000000707000000, 0x0000000707200000|  0%| F|  |TAMS 0x0000000707000000, 0x0000000707000000| Untracked 
|  43|0x0000000707200000, 0x0000000707200000, 0x0000000707400000|  0%| F|  |TAMS 0x0000000707200000, 0x0000000707200000| Untracked 
|  44|0x0000000707400000, 0x0000000707400000, 0x0000000707600000|  0%| F|  |TAMS 0x0000000707400000, 0x0000000707400000| Untracked 
|  45|0x0000000707600000, 0x0000000707600000, 0x0000000707800000|  0%| F|  |TAMS 0x0000000707600000, 0x0000000707600000| Untracked 
|  46|0x0000000707800000, 0x0000000707800000, 0x0000000707a00000|  0%| F|  |TAMS 0x0000000707800000, 0x0000000707800000| Untracked 
|  47|0x0000000707a00000, 0x0000000707a00000, 0x0000000707c00000|  0%| F|  |TAMS 0x0000000707a00000, 0x0000000707a00000| Untracked 
|  48|0x0000000707c00000, 0x0000000707c00000, 0x0000000707e00000|  0%| F|  |TAMS 0x0000000707c00000, 0x0000000707c00000| Untracked 
|  49|0x0000000707e00000, 0x0000000707e00000, 0x0000000708000000|  0%| F|  |TAMS 0x0000000707e00000, 0x0000000707e00000| Untracked 
|  50|0x0000000708000000, 0x0000000708000000, 0x0000000708200000|  0%| F|  |TAMS 0x0000000708000000, 0x0000000708000000| Untracked 
|  51|0x0000000708200000, 0x0000000708200000, 0x0000000708400000|  0%| F|  |TAMS 0x0000000708200000, 0x0000000708200000| Untracked 
|  52|0x0000000708400000, 0x0000000708400000, 0x0000000708600000|  0%| F|  |TAMS 0x0000000708400000, 0x0000000708400000| Untracked 
|  53|0x0000000708600000, 0x0000000708600000, 0x0000000708800000|  0%| F|  |TAMS 0x0000000708600000, 0x0000000708600000| Untracked 
|  54|0x0000000708800000, 0x0000000708800000, 0x0000000708a00000|  0%| F|  |TAMS 0x0000000708800000, 0x0000000708800000| Untracked 
|  55|0x0000000708a00000, 0x0000000708a00000, 0x0000000708c00000|  0%| F|  |TAMS 0x0000000708a00000, 0x0000000708a00000| Untracked 
|  56|0x0000000708c00000, 0x0000000708c00000, 0x0000000708e00000|  0%| F|  |TAMS 0x0000000708c00000, 0x0000000708c00000| Untracked 
|  57|0x0000000708e00000, 0x0000000708e00000, 0x0000000709000000|  0%| F|  |TAMS 0x0000000708e00000, 0x0000000708e00000| Untracked 
|  58|0x0000000709000000, 0x0000000709000000, 0x0000000709200000|  0%| F|  |TAMS 0x0000000709000000, 0x0000000709000000| Untracked 
|  59|0x0000000709200000, 0x0000000709200000, 0x0000000709400000|  0%| F|  |TAMS 0x0000000709200000, 0x0000000709200000| Untracked 
|  60|0x0000000709400000, 0x0000000709400000, 0x0000000709600000|  0%| F|  |TAMS 0x0000000709400000, 0x0000000709400000| Untracked 
|  61|0x0000000709600000, 0x0000000709600000, 0x0000000709800000|  0%| F|  |TAMS 0x0000000709600000, 0x0000000709600000| Untracked 
|  62|0x0000000709800000, 0x0000000709800000, 0x0000000709a00000|  0%| F|  |TAMS 0x0000000709800000, 0x0000000709800000| Untracked 
|  63|0x0000000709a00000, 0x0000000709a00000, 0x0000000709c00000|  0%| F|  |TAMS 0x0000000709a00000, 0x0000000709a00000| Untracked 
|  64|0x0000000709c00000, 0x0000000709c00000, 0x0000000709e00000|  0%| F|  |TAMS 0x0000000709c00000, 0x0000000709c00000| Untracked 
|  65|0x0000000709e00000, 0x0000000709e00000, 0x000000070a000000|  0%| F|  |TAMS 0x0000000709e00000, 0x0000000709e00000| Untracked 
|  66|0x000000070a000000, 0x000000070a000000, 0x000000070a200000|  0%| F|  |TAMS 0x000000070a000000, 0x000000070a000000| Untracked 
|  67|0x000000070a200000, 0x000000070a200000, 0x000000070a400000|  0%| F|  |TAMS 0x000000070a200000, 0x000000070a200000| Untracked 
|  68|0x000000070a400000, 0x000000070a400000, 0x000000070a600000|  0%| F|  |TAMS 0x000000070a400000, 0x000000070a400000| Untracked 
|  69|0x000000070a600000, 0x000000070a600000, 0x000000070a800000|  0%| F|  |TAMS 0x000000070a600000, 0x000000070a600000| Untracked 
|  70|0x000000070a800000, 0x000000070a800000, 0x000000070aa00000|  0%| F|  |TAMS 0x000000070a800000, 0x000000070a800000| Untracked 
|  71|0x000000070aa00000, 0x000000070aa00000, 0x000000070ac00000|  0%| F|  |TAMS 0x000000070aa00000, 0x000000070aa00000| Untracked 
|  72|0x000000070ac00000, 0x000000070ac00000, 0x000000070ae00000|  0%| F|  |TAMS 0x000000070ac00000, 0x000000070ac00000| Untracked 
|  73|0x000000070ae00000, 0x000000070ae00000, 0x000000070b000000|  0%| F|  |TAMS 0x000000070ae00000, 0x000000070ae00000| Untracked 
|  74|0x000000070b000000, 0x000000070b000000, 0x000000070b200000|  0%| F|  |TAMS 0x000000070b000000, 0x000000070b000000| Untracked 
|  75|0x000000070b200000, 0x000000070b200000, 0x000000070b400000|  0%| F|  |TAMS 0x000000070b200000, 0x000000070b200000| Untracked 
|  76|0x000000070b400000, 0x000000070b400000, 0x000000070b600000|  0%| F|  |TAMS 0x000000070b400000, 0x000000070b400000| Untracked 
|  77|0x000000070b600000, 0x000000070b600000, 0x000000070b800000|  0%| F|  |TAMS 0x000000070b600000, 0x000000070b600000| Untracked 
|  78|0x000000070b800000, 0x000000070b800000, 0x000000070ba00000|  0%| F|  |TAMS 0x000000070b800000, 0x000000070b800000| Untracked 
|  79|0x000000070ba00000, 0x000000070ba00000, 0x000000070bc00000|  0%| F|  |TAMS 0x000000070ba00000, 0x000000070ba00000| Untracked 
|  80|0x000000070bc00000, 0x000000070bc00000, 0x000000070be00000|  0%| F|  |TAMS 0x000000070bc00000, 0x000000070bc00000| Untracked 
|  81|0x000000070be00000, 0x000000070be00000, 0x000000070c000000|  0%| F|  |TAMS 0x000000070be00000, 0x000000070be00000| Untracked 
|  82|0x000000070c000000, 0x000000070c000000, 0x000000070c200000|  0%| F|  |TAMS 0x000000070c000000, 0x000000070c000000| Untracked 
|  83|0x000000070c200000, 0x000000070c200000, 0x000000070c400000|  0%| F|  |TAMS 0x000000070c200000, 0x000000070c200000| Untracked 
|  84|0x000000070c400000, 0x000000070c400000, 0x000000070c600000|  0%| F|  |TAMS 0x000000070c400000, 0x000000070c400000| Untracked 
|  85|0x000000070c600000, 0x000000070c600000, 0x000000070c800000|  0%| F|  |TAMS 0x000000070c600000, 0x000000070c600000| Untracked 
|  86|0x000000070c800000, 0x000000070c800000, 0x000000070ca00000|  0%| F|  |TAMS 0x000000070c800000, 0x000000070c800000| Untracked 
|  87|0x000000070ca00000, 0x000000070ca00000, 0x000000070cc00000|  0%| F|  |TAMS 0x000000070ca00000, 0x000000070ca00000| Untracked 
|  88|0x000000070cc00000, 0x000000070cc00000, 0x000000070ce00000|  0%| F|  |TAMS 0x000000070cc00000, 0x000000070cc00000| Untracked 
|  89|0x000000070ce00000, 0x000000070ce00000, 0x000000070d000000|  0%| F|  |TAMS 0x000000070ce00000, 0x000000070ce00000| Untracked 
|  90|0x000000070d000000, 0x000000070d000000, 0x000000070d200000|  0%| F|  |TAMS 0x000000070d000000, 0x000000070d000000| Untracked 
|  91|0x000000070d200000, 0x000000070d200000, 0x000000070d400000|  0%| F|  |TAMS 0x000000070d200000, 0x000000070d200000| Untracked 
|  92|0x000000070d400000, 0x000000070d400000, 0x000000070d600000|  0%| F|  |TAMS 0x000000070d400000, 0x000000070d400000| Untracked 
|  93|0x000000070d600000, 0x000000070d600000, 0x000000070d800000|  0%| F|  |TAMS 0x000000070d600000, 0x000000070d600000| Untracked 
|  94|0x000000070d800000, 0x000000070d800000, 0x000000070da00000|  0%| F|  |TAMS 0x000000070d800000, 0x000000070d800000| Untracked 
|  95|0x000000070da00000, 0x000000070da00000, 0x000000070dc00000|  0%| F|  |TAMS 0x000000070da00000, 0x000000070da00000| Untracked 
|  96|0x000000070dc00000, 0x000000070dc00000, 0x000000070de00000|  0%| F|  |TAMS 0x000000070dc00000, 0x000000070dc00000| Untracked 
|  97|0x000000070de00000, 0x000000070de00000, 0x000000070e000000|  0%| F|  |TAMS 0x000000070de00000, 0x000000070de00000| Untracked 
|  98|0x000000070e000000, 0x000000070e000000, 0x000000070e200000|  0%| F|  |TAMS 0x000000070e000000, 0x000000070e000000| Untracked 
|  99|0x000000070e200000, 0x000000070e200000, 0x000000070e400000|  0%| F|  |TAMS 0x000000070e200000, 0x000000070e200000| Untracked 
| 100|0x000000070e400000, 0x000000070e400000, 0x000000070e600000|  0%| F|  |TAMS 0x000000070e400000, 0x000000070e400000| Untracked 
| 101|0x000000070e600000, 0x000000070e600000, 0x000000070e800000|  0%| F|  |TAMS 0x000000070e600000, 0x000000070e600000| Untracked 
| 102|0x000000070e800000, 0x000000070e800000, 0x000000070ea00000|  0%| F|  |TAMS 0x000000070e800000, 0x000000070e800000| Untracked 
| 103|0x000000070ea00000, 0x000000070ea00000, 0x000000070ec00000|  0%| F|  |TAMS 0x000000070ea00000, 0x000000070ea00000| Untracked 
| 104|0x000000070ec00000, 0x000000070ec00000, 0x000000070ee00000|  0%| F|  |TAMS 0x000000070ec00000, 0x000000070ec00000| Untracked 
| 105|0x000000070ee00000, 0x000000070ee00000, 0x000000070f000000|  0%| F|  |TAMS 0x000000070ee00000, 0x000000070ee00000| Untracked 
| 106|0x000000070f000000, 0x000000070f000000, 0x000000070f200000|  0%| F|  |TAMS 0x000000070f000000, 0x000000070f000000| Untracked 
| 107|0x000000070f200000, 0x000000070f200000, 0x000000070f400000|  0%| F|  |TAMS 0x000000070f200000, 0x000000070f200000| Untracked 
| 108|0x000000070f400000, 0x000000070f400000, 0x000000070f600000|  0%| F|  |TAMS 0x000000070f400000, 0x000000070f400000| Untracked 
| 109|0x000000070f600000, 0x000000070f600000, 0x000000070f800000|  0%| F|  |TAMS 0x000000070f600000, 0x000000070f600000| Untracked 
| 110|0x000000070f800000, 0x000000070f800000, 0x000000070fa00000|  0%| F|  |TAMS 0x000000070f800000, 0x000000070f800000| Untracked 
| 111|0x000000070fa00000, 0x000000070fa00000, 0x000000070fc00000|  0%| F|  |TAMS 0x000000070fa00000, 0x000000070fa00000| Untracked 
| 112|0x000000070fc00000, 0x000000070fc00000, 0x000000070fe00000|  0%| F|  |TAMS 0x000000070fc00000, 0x000000070fc00000| Untracked 
| 113|0x000000070fe00000, 0x000000070fe00000, 0x0000000710000000|  0%| F|  |TAMS 0x000000070fe00000, 0x000000070fe00000| Untracked 
| 114|0x0000000710000000, 0x0000000710000000, 0x0000000710200000|  0%| F|  |TAMS 0x0000000710000000, 0x0000000710000000| Untracked 
| 115|0x0000000710200000, 0x0000000710200000, 0x0000000710400000|  0%| F|  |TAMS 0x0000000710200000, 0x0000000710200000| Untracked 
| 116|0x0000000710400000, 0x0000000710400000, 0x0000000710600000|  0%| F|  |TAMS 0x0000000710400000, 0x0000000710400000| Untracked 
| 117|0x0000000710600000, 0x0000000710600000, 0x0000000710800000|  0%| F|  |TAMS 0x0000000710600000, 0x0000000710600000| Untracked 
| 118|0x0000000710800000, 0x0000000710800000, 0x0000000710a00000|  0%| F|  |TAMS 0x0000000710800000, 0x0000000710800000| Untracked 
| 119|0x0000000710a00000, 0x0000000710a00000, 0x0000000710c00000|  0%| F|  |TAMS 0x0000000710a00000, 0x0000000710a00000| Untracked 
| 120|0x0000000710c00000, 0x0000000710c00000, 0x0000000710e00000|  0%| F|  |TAMS 0x0000000710c00000, 0x0000000710c00000| Untracked 
| 121|0x0000000710e00000, 0x0000000710e00000, 0x0000000711000000|  0%| F|  |TAMS 0x0000000710e00000, 0x0000000710e00000| Untracked 
| 122|0x0000000711000000, 0x0000000711000000, 0x0000000711200000|  0%| F|  |TAMS 0x0000000711000000, 0x0000000711000000| Untracked 
| 123|0x0000000711200000, 0x0000000711200000, 0x0000000711400000|  0%| F|  |TAMS 0x0000000711200000, 0x0000000711200000| Untracked 
| 124|0x0000000711400000, 0x0000000711400000, 0x0000000711600000|  0%| F|  |TAMS 0x0000000711400000, 0x0000000711400000| Untracked 
| 125|0x0000000711600000, 0x0000000711600000, 0x0000000711800000|  0%| F|  |TAMS 0x0000000711600000, 0x0000000711600000| Untracked 
| 126|0x0000000711800000, 0x0000000711800000, 0x0000000711a00000|  0%| F|  |TAMS 0x0000000711800000, 0x0000000711800000| Untracked 
| 127|0x0000000711a00000, 0x0000000711baf6e0, 0x0000000711c00000| 84%| E|  |TAMS 0x0000000711a00000, 0x0000000711a00000| Complete 

Card table byte_map: [0x000001c38f000000,0x000001c38f800000] _byte_map_base: 0x000001c38b7f2000

Marking Bits (Prev, Next): (CMBitMap*) 0x000001c3f7746910, (CMBitMap*) 0x000001c3f7746950
 Prev Bits: [0x000001c390000000, 0x000001c393f90000)
 Next Bits: [0x000001c393f90000, 0x000001c397f20000)

Polling page: 0x000001c3f6ea0000

Metaspace:

Usage:
  Non-class:      5.62 MB used.
      Class:    506.77 KB used.
       Both:      6.12 MB used.

Virtual space:
  Non-class space:       64.00 MB reserved,       5.69 MB (  9%) committed,  1 nodes.
      Class space:        1.00 GB reserved,     576.00 KB ( <1%) committed,  1 nodes.
             Both:        1.06 GB reserved,       6.25 MB ( <1%) committed. 

Chunk freelists:
   Non-Class:  2.19 MB
       Class:  3.50 MB
        Both:  5.68 MB

MaxMetaspaceSize: unlimited
CompressedClassSpaceSize: 1.00 GB
Initial GC threshold: 21.00 MB
Current GC threshold: 21.00 MB
CDS: off
MetaspaceReclaimPolicy: balanced
 - commit_granule_bytes: 65536.
 - commit_granule_words: 8192.
 - virtual_space_node_default_size: 8388608.
 - enlarge_chunks_in_place: 1.
 - new_chunks_are_fully_committed: 0.
 - uncommit_free_chunks: 1.
 - use_allocation_guard: 0.


Internal statistics:

num_allocs_failed_limit: 0.
num_arena_births: 6.
num_arena_deaths: 0.
num_vsnodes_births: 2.
num_vsnodes_deaths: 0.
num_space_committed: 100.
num_space_uncommitted: 0.
num_chunks_returned_to_freelist: 0.
num_chunks_taken_from_freelist: 20.
num_chunk_merges: 0.
num_chunk_splits: 8.
num_chunks_enlarged: 7.
num_inconsistent_stats: 0.

CodeHeap 'non-profiled nmethods': size=120000Kb used=36Kb max_used=36Kb free=119963Kb
 bounds [0x000001c387ad0000, 0x000001c387d40000, 0x000001c38f000000]
CodeHeap 'profiled nmethods': size=120000Kb used=171Kb max_used=171Kb free=119828Kb
 bounds [0x000001c3805a0000, 0x000001c380810000, 0x000001c387ad0000]
CodeHeap 'non-nmethods': size=5760Kb used=1110Kb max_used=1125Kb free=4649Kb
 bounds [0x000001c380000000, 0x000001c380270000, 0x000001c3805a0000]
 total_blobs=524 nmethods=148 adapters=289
 compilation: enabled
              stopped_count=0, restarted_count=0
 full_count=0

Compilation events (20 events):
Event: 0.476 Thread 0x000001c39e128db0  127       3       java.util.concurrent.ConcurrentHashMap::get (162 bytes)
Event: 0.476 Thread 0x000001c39e128db0 nmethod 127 0x000001c3805c7a10 code [0x000001c3805c7c60, 0x000001c3805c8768]
Event: 0.476 Thread 0x000001c39e128db0  129       1       java.lang.Enum::ordinal (5 bytes)
Event: 0.477 Thread 0x000001c39e128db0 nmethod 129 0x000001c387ad6390 code [0x000001c387ad6520, 0x000001c387ad65f8]
Event: 0.511 Thread 0x000001c39e128db0  134       1       java.lang.invoke.MethodType::returnType (5 bytes)
Event: 0.511 Thread 0x000001c39e128db0 nmethod 134 0x000001c387ad7290 code [0x000001c387ad7420, 0x000001c387ad74f8]
Event: 0.513 Thread 0x000001c39e128db0  138   !   3       java.lang.ref.ReferenceQueue::poll (28 bytes)
Event: 0.514 Thread 0x000001c39e128db0 nmethod 138 0x000001c3805c8a90 code [0x000001c3805c8c40, 0x000001c3805c8ec8]
Event: 0.514 Thread 0x000001c39e128db0  139       3       java.lang.invoke.MethodTypeForm::canonicalize (74 bytes)
Event: 0.514 Thread 0x000001c39e128db0 nmethod 139 0x000001c3805c9010 code [0x000001c3805c9240, 0x000001c3805c9938]
Event: 0.515 Thread 0x000001c39e128db0  142       3       java.lang.invoke.MemberName::testFlags (16 bytes)
Event: 0.515 Thread 0x000001c39e128db0 nmethod 142 0x000001c3805c9b90 code [0x000001c3805c9d20, 0x000001c3805c9e98]
Event: 0.519 Thread 0x000001c39e124d90  143       4       java.lang.String::hashCode (60 bytes)
Event: 0.521 Thread 0x000001c39e128db0  145       3       java.lang.invoke.MethodType::hashCode (53 bytes)
Event: 0.521 Thread 0x000001c39e128db0 nmethod 145 0x000001c3805c9f10 code [0x000001c3805ca0c0, 0x000001c3805ca458]
Event: 0.521 Thread 0x000001c39e128db0  147       3       java.lang.invoke.MethodType$ConcurrentWeakInternSet::expungeStaleElements (27 bytes)
Event: 0.521 Thread 0x000001c39e128db0 nmethod 147 0x000001c3805ca610 code [0x000001c3805ca800, 0x000001c3805cad38]
Event: 0.521 Thread 0x000001c39e128db0  146       1       java.lang.invoke.MethodType::ptypes (5 bytes)
Event: 0.521 Thread 0x000001c39e128db0 nmethod 146 0x000001c387ad8a90 code [0x000001c387ad8c20, 0x000001c387ad8cf8]
Event: 0.523 Thread 0x000001c39e124d90 nmethod 143 0x000001c387ad8d90 code [0x000001c387ad8f00, 0x000001c387ad9118]

GC Heap History (0 events):
No events

Deoptimization events (0 events):
No events

Classes loaded (20 events):
Event: 0.518 Loading class java/lang/invoke/LambdaFormEditor$Transform
Event: 0.518 Loading class java/lang/invoke/LambdaFormEditor$Transform done
Event: 0.519 Loading class jdk/internal/org/objectweb/asm/Frame
Event: 0.519 Loading class jdk/internal/org/objectweb/asm/Frame done
Event: 0.519 Loading class java/lang/invoke/InvokerBytecodeGenerator$ClassData
Event: 0.519 Loading class java/lang/invoke/InvokerBytecodeGenerator$ClassData done
Event: 0.520 Loading class java/util/regex/Pattern$Qtype
Event: 0.520 Loading class java/util/regex/Pattern$Qtype done
Event: 0.520 Loading class java/util/regex/Pattern$CharPropertyGreedy
Event: 0.520 Loading class java/util/regex/Pattern$CharPropertyGreedy done
Event: 0.520 Loading class java/util/regex/Pattern$Begin
Event: 0.520 Loading class java/util/regex/Pattern$Begin done
Event: 0.520 Loading class java/util/regex/Pattern$First
Event: 0.520 Loading class java/util/regex/Pattern$First done
Event: 0.520 Loading class java/util/regex/Pattern$Start
Event: 0.520 Loading class java/util/regex/Pattern$Start done
Event: 0.520 Loading class java/util/regex/Pattern$TreeInfo
Event: 0.520 Loading class java/util/regex/Pattern$TreeInfo done
Event: 0.520 Loading class java/util/regex/Pattern$BitClass
Event: 0.520 Loading class java/util/regex/Pattern$BitClass done

Classes unloaded (0 events):
No events

Classes redefined (0 events):
No events

Internal exceptions (0 events):
No events

VM Operations (2 events):
Event: 0.424 Executing VM operation: HandshakeAllThreads
Event: 0.424 Executing VM operation: HandshakeAllThreads done

Events (18 events):
Event: 0.006 Loaded shared library C:\Program Files\Java\jdk-18.0.1\bin\java.dll
Event: 0.203 Loaded shared library C:\Program Files\Java\jdk-18.0.1\bin\jsvml.dll
Event: 0.203 Thread 0x000001c3f76d4c40 Thread added: 0x000001c3f76d4c40
Event: 0.243 Thread 0x000001c3ffcfb290 Thread added: 0x000001c3ffcfb290
Event: 0.243 Thread 0x000001c3ffcfc170 Thread added: 0x000001c3ffcfc170
Event: 0.296 Thread 0x000001c39e120290 Thread added: 0x000001c39e120290
Event: 0.296 Thread 0x000001c39e122c40 Thread added: 0x000001c39e122c40
Event: 0.296 Thread 0x000001c39e1235e0 Thread added: 0x000001c39e1235e0
Event: 0.296 Thread 0x000001c39e123f80 Thread added: 0x000001c39e123f80
Event: 0.296 Thread 0x000001c39e124d90 Thread added: 0x000001c39e124d90
Event: 0.296 Thread 0x000001c39e128db0 Thread added: 0x000001c39e128db0
Event: 0.297 Thread 0x000001c39e134f10 Thread added: 0x000001c39e134f10
Event: 0.373 Thread 0x000001c39e2aaf60 Thread added: 0x000001c39e2aaf60
Event: 0.387 Thread 0x000001c39e2b9090 Thread added: 0x000001c39e2b9090
Event: 0.407 Loaded shared library C:\Program Files\Java\jdk-18.0.1\bin\net.dll
Event: 0.408 Loaded shared library C:\Program Files\Java\jdk-18.0.1\bin\nio.dll
Event: 0.423 Loaded shared library C:\Program Files\Java\jdk-18.0.1\bin\zip.dll
Event: 0.450 Loaded shared library C:\Program Files\Java\jdk-18.0.1\bin\jimage.dll


Dynamic libraries:
0x00007ff6a8a30000 - 0x00007ff6a8a40000 	C:\Program Files\Java\jdk-18.0.1\bin\java.exe
0x00007ffca81b0000 - 0x00007ffca83a8000 	C:\WINDOWS\SYSTEM32\ntdll.dll
0x00007ffca7c40000 - 0x00007ffca7cfd000 	C:\WINDOWS\System32\KERNEL32.DLL
0x00007ffca5cb0000 - 0x00007ffca5f7e000 	C:\WINDOWS\System32\KERNELBASE.dll
0x00007ffca6000000 - 0x00007ffca6100000 	C:\WINDOWS\System32\ucrtbase.dll
0x00007ffca1660000 - 0x00007ffca1678000 	C:\Program Files\Java\jdk-18.0.1\bin\jli.dll
0x00007ffc88c70000 - 0x00007ffc88c8a000 	C:\Program Files\Java\jdk-18.0.1\bin\VCRUNTIME140.dll
0x00007ffca69c0000 - 0x00007ffca6a6e000 	C:\WINDOWS\System32\ADVAPI32.dll
0x00007ffca6b90000 - 0x00007ffca6c2e000 	C:\WINDOWS\System32\msvcrt.dll
0x00007ffca6c30000 - 0x00007ffca6ccc000 	C:\WINDOWS\System32\sechost.dll
0x00007ffca7e10000 - 0x00007ffca7f35000 	C:\WINDOWS\System32\RPCRT4.dll
0x00007ffca7220000 - 0x00007ffca73c0000 	C:\WINDOWS\System32\USER32.dll
0x00007ffc903c0000 - 0x00007ffc9065a000 	C:\WINDOWS\WinSxS\amd64_microsoft.windows.common-controls_6595b64144ccf1df_6.0.19041.1110_none_60b5254171f9507e\COMCTL32.dll
0x00007ffca5be0000 - 0x00007ffca5c02000 	C:\WINDOWS\System32\win32u.dll
0x00007ffca7d00000 - 0x00007ffca7d2a000 	C:\WINDOWS\System32\GDI32.dll
0x00007ffca6100000 - 0x00007ffca620b000 	C:\WINDOWS\System32\gdi32full.dll
0x00007ffca5c10000 - 0x00007ffca5cad000 	C:\WINDOWS\System32\msvcp_win.dll
0x00007ffc966b0000 - 0x00007ffc966ba000 	C:\WINDOWS\SYSTEM32\VERSION.dll
0x00007ffca71f0000 - 0x00007ffca7220000 	C:\WINDOWS\System32\IMM32.DLL
0x00007ffc9a300000 - 0x00007ffc9a30c000 	C:\Program Files\Java\jdk-18.0.1\bin\vcruntime140_1.dll
0x00007ffc71fd0000 - 0x00007ffc7205d000 	C:\Program Files\Java\jdk-18.0.1\bin\msvcp140.dll
0x00007ffc68ed0000 - 0x00007ffc69ae0000 	C:\Program Files\Java\jdk-18.0.1\bin\server\jvm.dll
0x00007ffca7e00000 - 0x00007ffca7e08000 	C:\WINDOWS\System32\PSAPI.DLL
0x00007ffc8e980000 - 0x00007ffc8e9a7000 	C:\WINDOWS\SYSTEM32\WINMM.dll
0x00007ffc9fad0000 - 0x00007ffc9fad9000 	C:\WINDOWS\SYSTEM32\WSOCK32.dll
0x00007ffca7d30000 - 0x00007ffca7d9b000 	C:\WINDOWS\System32\WS2_32.dll
0x00007ffca37b0000 - 0x00007ffca37c2000 	C:\WINDOWS\SYSTEM32\kernel.appcore.dll
0x00007ffc91590000 - 0x00007ffc9159a000 	C:\Program Files\Java\jdk-18.0.1\bin\jimage.dll
0x00007ffc964c0000 - 0x00007ffc966a4000 	C:\WINDOWS\SYSTEM32\DBGHELP.DLL
0x00007ffc96490000 - 0x00007ffc964bc000 	C:\WINDOWS\SYSTEM32\dbgcore.DLL
0x00007ffca5940000 - 0x00007ffca59c2000 	C:\WINDOWS\System32\bcryptPrimitives.dll
0x00007ffc85000000 - 0x00007ffc85025000 	C:\Program Files\Java\jdk-18.0.1\bin\java.dll
0x00007ffc744c0000 - 0x00007ffc74596000 	C:\Program Files\Java\jdk-18.0.1\bin\jsvml.dll
0x00007ffca74f0000 - 0x00007ffca7c34000 	C:\WINDOWS\System32\SHELL32.dll
0x00007ffca39b0000 - 0x00007ffca4144000 	C:\WINDOWS\SYSTEM32\windows.storage.dll
0x00007ffca6e70000 - 0x00007ffca71c4000 	C:\WINDOWS\System32\combase.dll
0x00007ffca5260000 - 0x00007ffca5290000 	C:\WINDOWS\SYSTEM32\Wldp.dll
0x00007ffca6db0000 - 0x00007ffca6e5d000 	C:\WINDOWS\System32\SHCORE.dll
0x00007ffca7da0000 - 0x00007ffca7df5000 	C:\WINDOWS\System32\shlwapi.dll
0x00007ffca5810000 - 0x00007ffca582f000 	C:\WINDOWS\SYSTEM32\profapi.dll
0x00007ffc87fa0000 - 0x00007ffc87fb3000 	C:\Program Files\Java\jdk-18.0.1\bin\net.dll
0x00007ffc93f80000 - 0x00007ffc9408a000 	C:\WINDOWS\SYSTEM32\WINHTTP.dll
0x00007ffc86820000 - 0x00007ffc86836000 	C:\Program Files\Java\jdk-18.0.1\bin\nio.dll
0x00007ffca4fc0000 - 0x00007ffca502a000 	C:\WINDOWS\SYSTEM32\MSWSOCK.dll
0x00007ffc85920000 - 0x00007ffc85938000 	C:\Program Files\Java\jdk-18.0.1\bin\zip.dll

dbghelp: loaded successfully - version: 4.0.5 - missing functions: none
symbol engine: initialized successfully - sym options: 0x614 - pdb path: .;C:\Program Files\Java\jdk-18.0.1\bin;C:\WINDOWS\SYSTEM32;C:\WINDOWS\WinSxS\amd64_microsoft.windows.common-controls_6595b64144ccf1df_6.0.19041.1110_none_60b5254171f9507e;C:\Program Files\Java\jdk-18.0.1\bin\server

VM Arguments:
jvm_args: -Dmaven.multiModuleProjectDirectory=C:\Users\Rodrigo\Desktop\Programacion\Cursos\ArgentinaProgramaGob\PortfolioWebFullStack\BackEnd 
java_command: org.apache.maven.wrapper.MavenWrapperMain -Dexec.vmArgs= -Dexec.args=${exec.vmArgs} -classpath %classpath ${exec.mainClass} ${exec.appArgs} -Dexec.executable=C:\Program Files\Java\jdk-18.0.1\bin\java.exe -Dexec.mainClass=com.portfoliofullstack.miportfolio.MiportfolioApplication -Dexec.classpathScope=runtime -Dexec.appArgs= -Dmaven.ext.class.path=C:\Program Files\NetBeans-13\netbeans\java\maven-nblib\netbeans-eventspy.jar org.codehaus.mojo:exec-maven-plugin:3.0.0:exec
java_class_path (initial): C:\Users\Rodrigo\Desktop\Programacion\Cursos\ArgentinaProgramaGob\PortfolioWebFullStack\BackEnd\.mvn\wrapper\maven-wrapper.jar
Launcher Type: SUN_STANDARD

[Global flags]
     intx CICompilerCount                          = 3                                         {product} {ergonomic}
     uint ConcGCThreads                            = 1                                         {product} {ergonomic}
     uint G1ConcRefinementThreads                  = 4                                         {product} {ergonomic}
   size_t G1HeapRegionSize                         = 2097152                                   {product} {ergonomic}
    uintx GCDrainStackTargetSize                   = 64                                        {product} {ergonomic}
   size_t InitialHeapSize                          = 268435456                                 {product} {ergonomic}
   size_t MarkStackSize                            = 4194304                                   {product} {ergonomic}
   size_t MaxHeapSize                              = 4265607168                                {product} {ergonomic}
   size_t MaxNewSize                               = 2558525440                                {product} {ergonomic}
   size_t MinHeapDeltaBytes                        = 2097152                                   {product} {ergonomic}
   size_t MinHeapSize                              = 8388608                                   {product} {ergonomic}
    uintx NonNMethodCodeHeapSize                   = 5832780                                {pd product} {ergonomic}
    uintx NonProfiledCodeHeapSize                  = 122912730                              {pd product} {ergonomic}
    uintx ProfiledCodeHeapSize                     = 122912730                              {pd product} {ergonomic}
    uintx ReservedCodeCacheSize                    = 251658240                              {pd product} {ergonomic}
     bool SegmentedCodeCache                       = true                                      {product} {ergonomic}
   size_t SoftMaxHeapSize                          = 4265607168                             {manageable} {ergonomic}
     bool UseCompressedClassPointers               = true                           {product lp64_product} {ergonomic}
     bool UseCompressedOops                        = true                           {product lp64_product} {ergonomic}
     bool UseG1GC                                  = true                                      {product} {ergonomic}
     bool UseLargePagesIndividualAllocation        = false                                  {pd product} {ergonomic}

Logging:
Log output configuration:
 #0: stdout all=warning uptime,level,tags foldmultilines=false
 #1: stderr all=off uptime,level,tags foldmultilines=false

Environment Variables:
JAVA_HOME=C:\Program Files\Java\jdk-18.0.1
PATH=C:\Program Files\Eclipse Adoptium\jdk-11.0.15.10-hotspot\bin;C:\Program Files\Eclipse Adoptium\jdk-17.0.3.7-hotspot\bin;C:\Program Files\Common Files\Oracle\Java\javapath;C:\Ruby27-x64\bin;C:\Program Files (x86)\Intel\iCLS Client\;C:\Program Files (x86)\Common Files\Oracle\Java\javapath;C:\ProgramData\Oracle\Java\javapath;C:\Program Files\Intel\iCLS Client\;C:\Windows\system32;C:\Windows;C:\WINDOWS;C:\Windows\System32\Wbem;C:\WINDOWS\System32\Wbem;C:\Windows\System32\WindowsPowerShell\v1.0\;C:\WINDOWS\System32\WindowsPowerShell\v1.0\;C:\WINDOWS\system32;C:\WINDOWS\System32\OpenSSH\;%AppData%\npm;C:\Program Files\nodejs\;C:\Program Files (x86)\NVIDIA Corporation\PhysX\Common;C:\Program Files\NVIDIA Corporation\NVIDIA NvDLISR;C:\WINDOWS\system32;C:\WINDOWS;C:\WINDOWS\System32\Wbem;C:\WINDOWS\System32\WindowsPowerShell\v1.0\;C:\Program Files (x86)\Intel\Intel(R) Management Engine Components\DAL;C:\Program Files\Intel\Intel(R) Management Engine Components\DAL;C:\Program Files (x86)\Intel\Intel(R) Management Engine Components\IPT;C:\Program Files\Intel\Intel(R) Management Engine Components\IPT;C:\Program Files\Microsoft SQL Server\150\Tools\Binn\;C:\Program Files\nodejs\;C:\Program Files\Git\cmd;C:\Program Files\dotnet\;C:\Users\Rodrigo\AppData\Local\Programs\Python\Python310\Scripts\;C:\Users\Rodrigo\AppData\Local\Programs\Python\Python310\;C:\Users\Rodrigo\AppData\Local\Programs\Python\Python37\Scripts\;C:\Users\Rodrigo\AppData\Local\Programs\Python\Python37\;C:\Users\Rodrigo\AppData\Local\Programs\Microsoft VS Code\bin;C:\Program Files\apache-maven-3.8.6\bin;
USERNAME=Rodrigo
OS=Windows_NT
PROCESSOR_IDENTIFIER=Intel64 Family 6 Model 158 Stepping 9, GenuineIntel



---------------  S Y S T E M  ---------------

OS:
 Windows 10 , 64 bit Build 19041 (10.0.19041.1889)
OS uptime: 6 days 1:40 hours

CPU: total 4 (initial active 4) (4 cores per cpu, 1 threads per core) family 6 model 158 stepping 9 microcode 0xb4, cx8, cmov, fxsr, mmx, 3dnowpref, sse, sse2, sse3, ssse3, sse4.1, sse4.2, popcnt, lzcnt, tsc, tscinvbit, avx, avx2, aes, erms, clmul, bmi1, bmi2, adx, fma, vzeroupper, clflush, clflushopt

Memory: 4k page, system-wide physical 16267M (5682M free)
TotalPageFile size 16267M (AvailPageFile size 1M)
current process WorkingSet (physical memory assigned to process): 31M, peak: 31M
current process commit charge ("private bytes"): 330M, peak: 330M

vm_info: Java HotSpot(TM) 64-Bit Server VM (18.0.1+10-24) for windows-amd64 JRE (18.0.1+10-24), built on Mar  9 2022 22:41:56 by "mach5one" with MS VC++ 16.8 / 16.9 (VS2019)

END.
