#
# There is insufficient memory for the Java Runtime Environment to continue.
# Native memory allocation (mmap) failed to map 268435456 bytes for G1 virtual space
# Possible reasons:
#   The system is out of physical RAM or swap space
#   The process is running with CompressedOops enabled, and the Java Heap may be blocking the growth of the native heap
# Possible solutions:
#   Reduce memory load on the system
#   Increase physical memory or swap space
#   Check if swap backing store is full
#   Decrease Java heap size (-Xmx/-Xms)
#   Decrease number of Java threads
#   Decrease Java thread stack sizes (-Xss)
#   Set larger code cache with -XX:ReservedCodeCacheSize=
#   JVM is running with Zero Based Compressed Oops mode in which the Java heap is
#     placed in the first 32GB address space. The Java Heap base address is the
#     maximum limit for the native heap growth. Please use -XX:HeapBaseMinAddress
#     to set the Java Heap base and to place the Java Heap above 32GB virtual address.
# This output file may be truncated or incomplete.
#
#  Out of Memory Error (os_windows.cpp:3530), pid=14560, tid=10632
#
# JRE version:  (18.0.1+10) (build )
# Java VM: Java HotSpot(TM) 64-Bit Server VM (18.0.1+10-24, mixed mode, sharing, tiered, compressed oops, compressed class ptrs, g1 gc, windows-amd64)
# No core dump will be written. Minidumps are not enabled by default on client versions of Windows
#

---------------  S U M M A R Y ------------

Command Line: -Dmaven.multiModuleProjectDirectory=C:\Users\Rodrigo\Desktop\Programacion\Cursos\ArgentinaProgramaGob\PortfolioWebFullStack\BackEnd org.apache.maven.wrapper.MavenWrapperMain -Dexec.vmArgs= -Dexec.args=${exec.vmArgs} -classpath %classpath ${exec.mainClass} ${exec.appArgs} -Dexec.executable=C:\Program Files\Java\jdk-18.0.1\bin\java.exe -Dexec.mainClass=com.portfoliofullstack.miportfolio.MiportfolioApplication -Dexec.classpathScope=runtime -Dexec.appArgs= -Dmaven.ext.class.path=C:\Program Files\NetBeans-13\netbeans\java\maven-nblib\netbeans-eventspy.jar org.codehaus.mojo:exec-maven-plugin:3.0.0:exec

Host: Intel(R) Core(TM) i5-7300HQ CPU @ 2.50GHz, 4 cores, 15G,  Windows 10 , 64 bit Build 19041 (10.0.19041.1889)
Time: Tue Aug 23 23:13:09 2022 Hora estándar de Argentina elapsed time: 0.018628 seconds (0d 0h 0m 0s)

---------------  T H R E A D  ---------------

Current thread (0x0000014bbd365a70):  JavaThread "Unknown thread" [_thread_in_vm, id=10632, stack(0x0000000df2100000,0x0000000df2200000)]

Stack: [0x0000000df2100000,0x0000000df2200000]
Native frames: (J=compiled Java code, j=interpreted, Vv=VM code, C=native code)
V  [jvm.dll+0x69887a]
V  [jvm.dll+0x7f38bd]
V  [jvm.dll+0x7f51ce]
V  [jvm.dll+0x7f5883]
V  [jvm.dll+0x25ca3f]
V  [jvm.dll+0x6957c9]
V  [jvm.dll+0x68a2fa]
V  [jvm.dll+0x321efb]
V  [jvm.dll+0x3298d6]
V  [jvm.dll+0x37e47e]
V  [jvm.dll+0x37e6af]
V  [jvm.dll+0x2f9c7a]
V  [jvm.dll+0x2facdd]
V  [jvm.dll+0x7c24f0]
V  [jvm.dll+0x38b801]
V  [jvm.dll+0x7a1203]
V  [jvm.dll+0x40d6bf]
V  [jvm.dll+0x40f091]
C  [jli.dll+0x526b]
C  [ucrtbase.dll+0x21bb2]
C  [KERNEL32.DLL+0x17034]
C  [ntdll.dll+0x52651]


---------------  P R O C E S S  ---------------

Threads class SMR info:
_java_thread_list=0x00007ffc6b40d550, length=0, elements={
}

Java Threads: ( => current thread )

Other Threads:
  0x0000014bbd3d41a0 WorkerThread "GC Thread#0" [stack: 0x0000000df2200000,0x0000000df2300000] [id=16372]
  0x0000014bbd3e5e30 ConcurrentGCThread "G1 Main Marker" [stack: 0x0000000df2300000,0x0000000df2400000] [id=11596]
  0x0000014bbd3e7740 WorkerThread "G1 Conc#0" [stack: 0x0000000df2400000,0x0000000df2500000] [id=4512]

[error occurred during error reporting (printing all threads), id 0xc0000005, EXCEPTION_ACCESS_VIOLATION (0xc0000005) at pc=0x00007ffc6ac3a217]

VM state: not at safepoint (not fully initialized)

VM Mutex/Monitor currently owned by a thread:  ([mutex/lock_event])
[0x0000014bbd361d40] Heap_lock - owner thread: 0x0000014bbd365a70

Heap address: 0x0000000701c00000, size: 4068 MB, Compressed Oops mode: Zero based, Oop shift amount: 3

CDS archive(s) mapped at: [0x0000000000000000-0x0000000000000000-0x0000000000000000), size 0, SharedBaseAddress: 0x0000000800000000, ArchiveRelocationMode: 0.
Narrow klass base: 0x0000000000000000, Narrow klass shift: 0, Narrow klass range: 0x0

GC Precious Log:
 CardTable entry size: 512
 Card Set container configuration: InlinePtr #cards 4 size 8 Array Of Cards #cards 16 size 48 Howl #buckets 8 coarsen threshold 3686 Howl Bitmap #cards 512 size 80 coarsen threshold 460 Card regions per heap region 1 cards per card region 4096

Heap:
 garbage-first heap   total 0K, used 0K [0x0000000701c00000, 0x0000000800000000)
  region size 2048K, 0 young (0K), 0 survivors (0K)

[error occurred during error reporting (printing heap information), id 0xc0000005, EXCEPTION_ACCESS_VIOLATION (0xc0000005) at pc=0x00007ffc6b020cb9]

GC Heap History (0 events):
No events

Deoptimization events (0 events):
No events

Classes loaded (0 events):
No events

Classes unloaded (0 events):
No events

Classes redefined (0 events):
No events

Internal exceptions (0 events):
No events

VM Operations (0 events):
No events

Events (1 events):
Event: 0.011 Loaded shared library C:\Program Files\Java\jdk-18.0.1\bin\java.dll


Dynamic libraries:
0x00007ff6387d0000 - 0x00007ff6387e0000 	C:\Program Files\Java\jdk-18.0.1\bin\java.exe
0x00007ffca81b0000 - 0x00007ffca83a8000 	C:\WINDOWS\SYSTEM32\ntdll.dll
0x00007ffca7c40000 - 0x00007ffca7cfd000 	C:\WINDOWS\System32\KERNEL32.DLL
0x00007ffca5cb0000 - 0x00007ffca5f7e000 	C:\WINDOWS\System32\KERNELBASE.dll
0x00007ffca6000000 - 0x00007ffca6100000 	C:\WINDOWS\System32\ucrtbase.dll
0x00007ffca28b0000 - 0x00007ffca28c8000 	C:\Program Files\Java\jdk-18.0.1\bin\jli.dll
0x00007ffca69c0000 - 0x00007ffca6a6e000 	C:\WINDOWS\System32\ADVAPI32.dll
0x00007ffca6b90000 - 0x00007ffca6c2e000 	C:\WINDOWS\System32\msvcrt.dll
0x00007ffca6c30000 - 0x00007ffca6ccc000 	C:\WINDOWS\System32\sechost.dll
0x00007ffca7e10000 - 0x00007ffca7f35000 	C:\WINDOWS\System32\RPCRT4.dll
0x00007ffca7220000 - 0x00007ffca73c0000 	C:\WINDOWS\System32\USER32.dll
0x00007ffca5be0000 - 0x00007ffca5c02000 	C:\WINDOWS\System32\win32u.dll
0x00007ffca7d00000 - 0x00007ffca7d2a000 	C:\WINDOWS\System32\GDI32.dll
0x00007ffca6100000 - 0x00007ffca620b000 	C:\WINDOWS\System32\gdi32full.dll
0x00007ffca5c10000 - 0x00007ffca5cad000 	C:\WINDOWS\System32\msvcp_win.dll
0x00007ffca2a20000 - 0x00007ffca2a3a000 	C:\Program Files\Java\jdk-18.0.1\bin\VCRUNTIME140.dll
0x00007ffc903c0000 - 0x00007ffc9065a000 	C:\WINDOWS\WinSxS\amd64_microsoft.windows.common-controls_6595b64144ccf1df_6.0.19041.1110_none_60b5254171f9507e\COMCTL32.dll
0x00007ffc966b0000 - 0x00007ffc966ba000 	C:\WINDOWS\SYSTEM32\VERSION.dll
0x00007ffca71f0000 - 0x00007ffca7220000 	C:\WINDOWS\System32\IMM32.DLL
0x00007ffca2a10000 - 0x00007ffca2a1c000 	C:\Program Files\Java\jdk-18.0.1\bin\vcruntime140_1.dll
0x00007ffc847f0000 - 0x00007ffc8487d000 	C:\Program Files\Java\jdk-18.0.1\bin\msvcp140.dll
0x00007ffc6a930000 - 0x00007ffc6b540000 	C:\Program Files\Java\jdk-18.0.1\bin\server\jvm.dll
0x00007ffca7e00000 - 0x00007ffca7e08000 	C:\WINDOWS\System32\PSAPI.DLL
0x00007ffca19d0000 - 0x00007ffca19d9000 	C:\WINDOWS\SYSTEM32\WSOCK32.dll
0x00007ffca7d30000 - 0x00007ffca7d9b000 	C:\WINDOWS\System32\WS2_32.dll
0x00007ffc8e980000 - 0x00007ffc8e9a7000 	C:\WINDOWS\SYSTEM32\WINMM.dll
0x00007ffca37b0000 - 0x00007ffca37c2000 	C:\WINDOWS\SYSTEM32\kernel.appcore.dll
0x00007ffca2a00000 - 0x00007ffca2a0a000 	C:\Program Files\Java\jdk-18.0.1\bin\jimage.dll
0x00007ffc964c0000 - 0x00007ffc966a4000 	C:\WINDOWS\SYSTEM32\DBGHELP.DLL
0x00007ffc96490000 - 0x00007ffc964bc000 	C:\WINDOWS\SYSTEM32\dbgcore.DLL
0x00007ffca5940000 - 0x00007ffca59c2000 	C:\WINDOWS\System32\bcryptPrimitives.dll
0x00007ffc9cff0000 - 0x00007ffc9d015000 	C:\Program Files\Java\jdk-18.0.1\bin\java.dll

dbghelp: loaded successfully - version: 4.0.5 - missing functions: none
symbol engine: initialized successfully - sym options: 0x614 - pdb path: .;C:\Program Files\Java\jdk-18.0.1\bin;C:\WINDOWS\SYSTEM32;C:\WINDOWS\WinSxS\amd64_microsoft.windows.common-controls_6595b64144ccf1df_6.0.19041.1110_none_60b5254171f9507e;C:\Program Files\Java\jdk-18.0.1\bin\server

VM Arguments:
jvm_args: -Dmaven.multiModuleProjectDirectory=C:\Users\Rodrigo\Desktop\Programacion\Cursos\ArgentinaProgramaGob\PortfolioWebFullStack\BackEnd 
java_command: org.apache.maven.wrapper.MavenWrapperMain -Dexec.vmArgs= -Dexec.args=${exec.vmArgs} -classpath %classpath ${exec.mainClass} ${exec.appArgs} -Dexec.executable=C:\Program Files\Java\jdk-18.0.1\bin\java.exe -Dexec.mainClass=com.portfoliofullstack.miportfolio.MiportfolioApplication -Dexec.classpathScope=runtime -Dexec.appArgs= -Dmaven.ext.class.path=C:\Program Files\NetBeans-13\netbeans\java\maven-nblib\netbeans-eventspy.jar org.codehaus.mojo:exec-maven-plugin:3.0.0:exec
java_class_path (initial): C:\Users\Rodrigo\Desktop\Programacion\Cursos\ArgentinaProgramaGob\PortfolioWebFullStack\BackEnd\.mvn\wrapper\maven-wrapper.jar
Launcher Type: SUN_STANDARD

[Global flags]
     intx CICompilerCount                          = 3                                         {product} {ergonomic}
     uint ConcGCThreads                            = 1                                         {product} {ergonomic}
     uint G1ConcRefinementThreads                  = 4                                         {product} {ergonomic}
   size_t G1HeapRegionSize                         = 2097152                                   {product} {ergonomic}
    uintx GCDrainStackTargetSize                   = 64                                        {product} {ergonomic}
   size_t InitialHeapSize                          = 268435456                                 {product} {ergonomic}
   size_t MarkStackSize                            = 4194304                                   {product} {ergonomic}
   size_t MaxHeapSize                              = 4265607168                                {product} {ergonomic}
   size_t MinHeapDeltaBytes                        = 2097152                                   {product} {ergonomic}
   size_t MinHeapSize                              = 8388608                                   {product} {ergonomic}
    uintx NonNMethodCodeHeapSize                   = 5832780                                {pd product} {ergonomic}
    uintx NonProfiledCodeHeapSize                  = 122912730                              {pd product} {ergonomic}
    uintx ProfiledCodeHeapSize                     = 122912730                              {pd product} {ergonomic}
    uintx ReservedCodeCacheSize                    = 251658240                              {pd product} {ergonomic}
     bool SegmentedCodeCache                       = true                                      {product} {ergonomic}
   size_t SoftMaxHeapSize                          = 4265607168                             {manageable} {ergonomic}
     bool UseCompressedClassPointers               = true                           {product lp64_product} {ergonomic}
     bool UseCompressedOops                        = true                           {product lp64_product} {ergonomic}
     bool UseG1GC                                  = true                                      {product} {ergonomic}
     bool UseLargePagesIndividualAllocation        = false                                  {pd product} {ergonomic}

Logging:
Log output configuration:
 #0: stdout all=warning uptime,level,tags foldmultilines=false
 #1: stderr all=off uptime,level,tags foldmultilines=false

Environment Variables:
JAVA_HOME=C:\Program Files\Java\jdk-18.0.1
PATH=C:\Program Files\Eclipse Adoptium\jdk-11.0.15.10-hotspot\bin;C:\Program Files\Eclipse Adoptium\jdk-17.0.3.7-hotspot\bin;C:\Program Files\Common Files\Oracle\Java\javapath;C:\Ruby27-x64\bin;C:\Program Files (x86)\Intel\iCLS Client\;C:\Program Files (x86)\Common Files\Oracle\Java\javapath;C:\ProgramData\Oracle\Java\javapath;C:\Program Files\Intel\iCLS Client\;C:\Windows\system32;C:\Windows;C:\WINDOWS;C:\Windows\System32\Wbem;C:\WINDOWS\System32\Wbem;C:\Windows\System32\WindowsPowerShell\v1.0\;C:\WINDOWS\System32\WindowsPowerShell\v1.0\;C:\WINDOWS\system32;C:\WINDOWS\System32\OpenSSH\;%AppData%\npm;C:\Program Files\nodejs\;C:\Program Files (x86)\NVIDIA Corporation\PhysX\Common;C:\Program Files\NVIDIA Corporation\NVIDIA NvDLISR;C:\WINDOWS\system32;C:\WINDOWS;C:\WINDOWS\System32\Wbem;C:\WINDOWS\System32\WindowsPowerShell\v1.0\;C:\Program Files (x86)\Intel\Intel(R) Management Engine Components\DAL;C:\Program Files\Intel\Intel(R) Management Engine Components\DAL;C:\Program Files (x86)\Intel\Intel(R) Management Engine Components\IPT;C:\Program Files\Intel\Intel(R) Management Engine Components\IPT;C:\Program Files\Microsoft SQL Server\150\Tools\Binn\;C:\Program Files\nodejs\;C:\Program Files\Git\cmd;C:\Program Files\dotnet\;C:\Users\Rodrigo\AppData\Local\Programs\Python\Python310\Scripts\;C:\Users\Rodrigo\AppData\Local\Programs\Python\Python310\;C:\Users\Rodrigo\AppData\Local\Programs\Python\Python37\Scripts\;C:\Users\Rodrigo\AppData\Local\Programs\Python\Python37\;C:\Users\Rodrigo\AppData\Local\Programs\Microsoft VS Code\bin;C:\Program Files\apache-maven-3.8.6\bin;
USERNAME=Rodrigo
OS=Windows_NT
PROCESSOR_IDENTIFIER=Intel64 Family 6 Model 158 Stepping 9, GenuineIntel



---------------  S Y S T E M  ---------------

OS:
 Windows 10 , 64 bit Build 19041 (10.0.19041.1889)
OS uptime: 1 days 22:24 hours

CPU: total 4 (initial active 4) (4 cores per cpu, 1 threads per core) family 6 model 158 stepping 9 microcode 0xb4, cx8, cmov, fxsr, mmx, 3dnowpref, sse, sse2, sse3, ssse3, sse4.1, sse4.2, popcnt, lzcnt, tsc, tscinvbit, avx, avx2, aes, erms, clmul, bmi1, bmi2, adx, fma, vzeroupper, clflush, clflushopt

Memory: 4k page, system-wide physical 16267M (5383M free)
TotalPageFile size 16267M (AvailPageFile size 74M)
current process WorkingSet (physical memory assigned to process): 10M, peak: 10M
current process commit charge ("private bytes"): 52M, peak: 308M

vm_info: Java HotSpot(TM) 64-Bit Server VM (18.0.1+10-24) for windows-amd64 JRE (18.0.1+10-24), built on Mar  9 2022 22:41:56 by "mach5one" with MS VC++ 16.8 / 16.9 (VS2019)

END.
