#
# There is insufficient memory for the Java Runtime Environment to continue.
# Native memory allocation (malloc) failed to allocate 397072 bytes for Chunk::new
# Possible reasons:
#   The system is out of physical RAM or swap space
#   The process is running with CompressedOops enabled, and the Java Heap may be blocking the growth of the native heap
# Possible solutions:
#   Reduce memory load on the system
#   Increase physical memory or swap space
#   Check if swap backing store is full
#   Decrease Java heap size (-Xmx/-Xms)
#   Decrease number of Java threads
#   Decrease Java thread stack sizes (-Xss)
#   Set larger code cache with -XX:ReservedCodeCacheSize=
#   JVM is running with Zero Based Compressed Oops mode in which the Java heap is
#     placed in the first 32GB address space. The Java Heap base address is the
#     maximum limit for the native heap growth. Please use -XX:HeapBaseMinAddress
#     to set the Java Heap base and to place the Java Heap above 32GB virtual address.
# This output file may be truncated or incomplete.
#
#  Out of Memory Error (arena.cpp:184), pid=10744, tid=6676
#
# JRE version: Java(TM) SE Runtime Environment (18.0.1+10) (build 18.0.1+10-24)
# Java VM: Java HotSpot(TM) 64-Bit Server VM (18.0.1+10-24, mixed mode, sharing, tiered, compressed oops, compressed class ptrs, g1 gc, windows-amd64)
# No core dump will be written. Minidumps are not enabled by default on client versions of Windows
#

---------------  S U M M A R Y ------------

Command Line: com.portfoliofullstack.miportfolio.MiportfolioApplication

Host: Intel(R) Core(TM) i5-7300HQ CPU @ 2.50GHz, 4 cores, 15G,  Windows 10 , 64 bit Build 19041 (10.0.19041.1889)
Time: Tue Aug 23 17:09:56 2022 Hora estándar de Argentina elapsed time: 1.763792 seconds (0d 0h 0m 1s)

---------------  T H R E A D  ---------------

Current thread (0x000002967e32d2a0):  JavaThread "C2 CompilerThread0" daemon [_thread_in_native, id=6676, stack(0x000000bd61000000,0x000000bd61100000)]


Current CompileTask:
C2:   1763 1242       4       jdk.internal.loader.URLClassPath::getResource (74 bytes)

Stack: [0x000000bd61000000,0x000000bd61100000]
Native frames: (J=compiled Java code, j=interpreted, Vv=VM code, C=native code)
V  [jvm.dll+0x69887a]
V  [jvm.dll+0x7f38bd]
V  [jvm.dll+0x7f51ce]
V  [jvm.dll+0x7f5883]
V  [jvm.dll+0x25ca3f]
V  [jvm.dll+0xb8c2f]
V  [jvm.dll+0xb8fa5]
V  [jvm.dll+0x385a6b]
V  [jvm.dll+0x34f811]
V  [jvm.dll+0x34ecaa]
V  [jvm.dll+0x22fc21]
V  [jvm.dll+0x22eff1]
V  [jvm.dll+0x1b9cfc]
V  [jvm.dll+0x23e8ca]
V  [jvm.dll+0x23cbb5]
V  [jvm.dll+0x7a5fb1]
V  [jvm.dll+0x7a03ea]
V  [jvm.dll+0x697725]
C  [ucrtbase.dll+0x21bb2]
C  [KERNEL32.DLL+0x17034]
C  [ntdll.dll+0x52651]


---------------  P R O C E S S  ---------------

Threads class SMR info:
_java_thread_list=0x000002967f0878e0, length=15, elements={
0x000002965be3d630, 0x000002967e30b120, 0x000002967e30bd80, 0x000002967e32a8f0,
0x000002967e32b290, 0x000002967e32bc30, 0x000002967e32c5d0, 0x000002967e32d2a0,
0x000002967e395410, 0x000002967e39fa00, 0x000002967e584540, 0x000002967e590aa0,
0x000002967ebba0f0, 0x000002967efc79c0, 0x000002960410e860
}

Java Threads: ( => current thread )
  0x000002965be3d630 JavaThread "main" [_thread_blocked, id=7464, stack(0x000000bd60300000,0x000000bd60400000)]
  0x000002967e30b120 JavaThread "Reference Handler" daemon [_thread_blocked, id=10948, stack(0x000000bd60a00000,0x000000bd60b00000)]
  0x000002967e30bd80 JavaThread "Finalizer" daemon [_thread_blocked, id=9488, stack(0x000000bd60b00000,0x000000bd60c00000)]
  0x000002967e32a8f0 JavaThread "Signal Dispatcher" daemon [_thread_blocked, id=5716, stack(0x000000bd60c00000,0x000000bd60d00000)]
  0x000002967e32b290 JavaThread "Attach Listener" daemon [_thread_blocked, id=13236, stack(0x000000bd60d00000,0x000000bd60e00000)]
  0x000002967e32bc30 JavaThread "Service Thread" daemon [_thread_blocked, id=4304, stack(0x000000bd60e00000,0x000000bd60f00000)]
  0x000002967e32c5d0 JavaThread "Monitor Deflation Thread" daemon [_thread_blocked, id=5632, stack(0x000000bd60f00000,0x000000bd61000000)]
=>0x000002967e32d2a0 JavaThread "C2 CompilerThread0" daemon [_thread_in_native, id=6676, stack(0x000000bd61000000,0x000000bd61100000)]
  0x000002967e395410 JavaThread "C1 CompilerThread0" daemon [_thread_in_vm, id=10056, stack(0x000000bd61100000,0x000000bd61200000)]
  0x000002967e39fa00 JavaThread "Sweeper thread" daemon [_thread_blocked, id=5688, stack(0x000000bd61200000,0x000000bd61300000)]
  0x000002967e584540 JavaThread "Notification Thread" daemon [_thread_blocked, id=7484, stack(0x000000bd61300000,0x000000bd61400000)]
  0x000002967e590aa0 JavaThread "Common-Cleaner" daemon [_thread_blocked, id=5564, stack(0x000000bd61500000,0x000000bd61600000)]
  0x000002967ebba0f0 JavaThread "Thread-0" [_thread_blocked, id=6560, stack(0x000000bd61a00000,0x000000bd61b00000)]
  0x000002967efc79c0 JavaThread "restartedMain" [_thread_in_vm, id=12852, stack(0x000000bd61b00000,0x000000bd61c00000)]
  0x000002960410e860 JavaThread "C2 CompilerThread1" daemon [_thread_new, id=7900, stack(0x0000000000000000,0x0000000000000000)]

Other Threads:
  0x000002965becebd0 VMThread "VM Thread" [stack: 0x000000bd60900000,0x000000bd60a00000] [id=7564]
  0x000002967e58b860 WatcherThread "VM Periodic Task Thread" [stack: 0x000000bd61400000,0x000000bd61500000] [id=3760]
  0x000002965beabba0 WorkerThread "GC Thread#0" [stack: 0x000000bd60400000,0x000000bd60500000] [id=11420]
  0x000002967eb70c40 WorkerThread "GC Thread#1" [stack: 0x000000bd61600000,0x000000bd61700000] [id=11824]
  0x000002967eb70ee0 WorkerThread "GC Thread#2" [stack: 0x000000bd61700000,0x000000bd61800000] [id=3820]
  0x000002967eb4c030 WorkerThread "GC Thread#3" [stack: 0x000000bd61800000,0x000000bd61900000] [id=11712]
  0x000002965bebd920 ConcurrentGCThread "G1 Main Marker" [stack: 0x000000bd60500000,0x000000bd60600000] [id=4144]
  0x000002965bebf320 WorkerThread "G1 Conc#0" [stack: 0x000000bd60600000,0x000000bd60700000] [id=1764]
  0x000002965befe5a0 ConcurrentGCThread "G1 Refine#0" [stack: 0x000000bd60700000,0x000000bd60800000] [id=7224]
  0x000002967ec8f790 ConcurrentGCThread "G1 Refine#1" [stack: 0x000000bd61900000,0x000000bd61a00000] [id=10748]
  0x000002967e1c2090 ConcurrentGCThread "G1 Service" [stack: 0x000000bd60800000,0x000000bd60900000] [id=6296]

Threads with active compile tasks:
C2 CompilerThread0     1790 1242       4       jdk.internal.loader.URLClassPath::getResource (74 bytes)

VM state: not at safepoint (normal execution)

VM Mutex/Monitor currently owned by a thread: None

Heap address: 0x0000000701c00000, size: 4068 MB, Compressed Oops mode: Zero based, Oop shift amount: 3

CDS archive(s) mapped at: [0x0000000800000000-0x0000000800ba0000-0x0000000800ba0000), size 12189696, SharedBaseAddress: 0x0000000800000000, ArchiveRelocationMode: 0.
Compressed class space mapped at: 0x0000000800c00000-0x0000000840c00000, reserved size: 1073741824
Narrow klass base: 0x0000000800000000, Narrow klass shift: 0, Narrow klass range: 0x100000000

GC Precious Log:
 CardTable entry size: 512
 Card Set container configuration: InlinePtr #cards 4 size 8 Array Of Cards #cards 16 size 48 Howl #buckets 8 coarsen threshold 3686 Howl Bitmap #cards 512 size 80 coarsen threshold 460 Card regions per heap region 1 cards per card region 4096
 CPUs: 4 total, 4 available
 Memory: 16267M
 Large Page Support: Disabled
 NUMA Support: Disabled
 Compressed Oops: Enabled (Zero based)
 Heap Region Size: 2M
 Heap Min Capacity: 8M
 Heap Initial Capacity: 256M
 Heap Max Capacity: 4068M
 Pre-touch: Disabled
 Parallel Workers: 4
 Concurrent Workers: 1
 Concurrent Refinement Workers: 4
 Periodic GC: Disabled

Heap:
 garbage-first heap   total 262144K, used 10436K [0x0000000701c00000, 0x0000000800000000)
  region size 2048K, 4 young (8192K), 1 survivors (2048K)
 Metaspace       used 6783K, committed 6976K, reserved 1114112K
  class space    used 796K, committed 896K, reserved 1048576K

Heap Regions: E=young(eden), S=young(survivor), O=old, HS=humongous(starts), HC=humongous(continues), CS=collection set, F=free, OA=open archive, CA=closed archive, TAMS=top-at-mark-start (previous, next)
|   0|0x0000000701c00000, 0x0000000701e00000, 0x0000000701e00000|100%| O|  |TAMS 0x0000000701c00000, 0x0000000701c00000| Untracked 
|   1|0x0000000701e00000, 0x0000000702000000, 0x0000000702000000|100%| O|  |TAMS 0x0000000701e00000, 0x0000000701e00000| Untracked 
|   2|0x0000000702000000, 0x0000000702177800, 0x0000000702200000| 73%| O|  |TAMS 0x0000000702000000, 0x0000000702000000| Untracked 
|   3|0x0000000702200000, 0x0000000702200000, 0x0000000702400000|  0%| F|  |TAMS 0x0000000702200000, 0x0000000702200000| Untracked 
|   4|0x0000000702400000, 0x0000000702400000, 0x0000000702600000|  0%| F|  |TAMS 0x0000000702400000, 0x0000000702400000| Untracked 
|   5|0x0000000702600000, 0x0000000702600000, 0x0000000702800000|  0%| F|  |TAMS 0x0000000702600000, 0x0000000702600000| Untracked 
|   6|0x0000000702800000, 0x0000000702800000, 0x0000000702a00000|  0%| F|  |TAMS 0x0000000702800000, 0x0000000702800000| Untracked 
|   7|0x0000000702a00000, 0x0000000702a00000, 0x0000000702c00000|  0%| F|  |TAMS 0x0000000702a00000, 0x0000000702a00000| Untracked 
|   8|0x0000000702c00000, 0x0000000702c00000, 0x0000000702e00000|  0%| F|  |TAMS 0x0000000702c00000, 0x0000000702c00000| Untracked 
|   9|0x0000000702e00000, 0x0000000702e00000, 0x0000000703000000|  0%| F|  |TAMS 0x0000000702e00000, 0x0000000702e00000| Untracked 
|  10|0x0000000703000000, 0x0000000703000000, 0x0000000703200000|  0%| F|  |TAMS 0x0000000703000000, 0x0000000703000000| Untracked 
|  11|0x0000000703200000, 0x0000000703200000, 0x0000000703400000|  0%| F|  |TAMS 0x0000000703200000, 0x0000000703200000| Untracked 
|  12|0x0000000703400000, 0x0000000703400000, 0x0000000703600000|  0%| F|  |TAMS 0x0000000703400000, 0x0000000703400000| Untracked 
|  13|0x0000000703600000, 0x0000000703600000, 0x0000000703800000|  0%| F|  |TAMS 0x0000000703600000, 0x0000000703600000| Untracked 
|  14|0x0000000703800000, 0x0000000703800000, 0x0000000703a00000|  0%| F|  |TAMS 0x0000000703800000, 0x0000000703800000| Untracked 
|  15|0x0000000703a00000, 0x0000000703a00000, 0x0000000703c00000|  0%| F|  |TAMS 0x0000000703a00000, 0x0000000703a00000| Untracked 
|  16|0x0000000703c00000, 0x0000000703c00000, 0x0000000703e00000|  0%| F|  |TAMS 0x0000000703c00000, 0x0000000703c00000| Untracked 
|  17|0x0000000703e00000, 0x0000000703e00000, 0x0000000704000000|  0%| F|  |TAMS 0x0000000703e00000, 0x0000000703e00000| Untracked 
|  18|0x0000000704000000, 0x0000000704000000, 0x0000000704200000|  0%| F|  |TAMS 0x0000000704000000, 0x0000000704000000| Untracked 
|  19|0x0000000704200000, 0x0000000704200000, 0x0000000704400000|  0%| F|  |TAMS 0x0000000704200000, 0x0000000704200000| Untracked 
|  20|0x0000000704400000, 0x0000000704400000, 0x0000000704600000|  0%| F|  |TAMS 0x0000000704400000, 0x0000000704400000| Untracked 
|  21|0x0000000704600000, 0x0000000704600000, 0x0000000704800000|  0%| F|  |TAMS 0x0000000704600000, 0x0000000704600000| Untracked 
|  22|0x0000000704800000, 0x0000000704800000, 0x0000000704a00000|  0%| F|  |TAMS 0x0000000704800000, 0x0000000704800000| Untracked 
|  23|0x0000000704a00000, 0x0000000704a00000, 0x0000000704c00000|  0%| F|  |TAMS 0x0000000704a00000, 0x0000000704a00000| Untracked 
|  24|0x0000000704c00000, 0x0000000704c00000, 0x0000000704e00000|  0%| F|  |TAMS 0x0000000704c00000, 0x0000000704c00000| Untracked 
|  25|0x0000000704e00000, 0x0000000704e00000, 0x0000000705000000|  0%| F|  |TAMS 0x0000000704e00000, 0x0000000704e00000| Untracked 
|  26|0x0000000705000000, 0x0000000705000000, 0x0000000705200000|  0%| F|  |TAMS 0x0000000705000000, 0x0000000705000000| Untracked 
|  27|0x0000000705200000, 0x0000000705200000, 0x0000000705400000|  0%| F|  |TAMS 0x0000000705200000, 0x0000000705200000| Untracked 
|  28|0x0000000705400000, 0x0000000705400000, 0x0000000705600000|  0%| F|  |TAMS 0x0000000705400000, 0x0000000705400000| Untracked 
|  29|0x0000000705600000, 0x0000000705600000, 0x0000000705800000|  0%| F|  |TAMS 0x0000000705600000, 0x0000000705600000| Untracked 
|  30|0x0000000705800000, 0x0000000705800000, 0x0000000705a00000|  0%| F|  |TAMS 0x0000000705800000, 0x0000000705800000| Untracked 
|  31|0x0000000705a00000, 0x0000000705a00000, 0x0000000705c00000|  0%| F|  |TAMS 0x0000000705a00000, 0x0000000705a00000| Untracked 
|  32|0x0000000705c00000, 0x0000000705c00000, 0x0000000705e00000|  0%| F|  |TAMS 0x0000000705c00000, 0x0000000705c00000| Untracked 
|  33|0x0000000705e00000, 0x0000000705e00000, 0x0000000706000000|  0%| F|  |TAMS 0x0000000705e00000, 0x0000000705e00000| Untracked 
|  34|0x0000000706000000, 0x0000000706000000, 0x0000000706200000|  0%| F|  |TAMS 0x0000000706000000, 0x0000000706000000| Untracked 
|  35|0x0000000706200000, 0x0000000706200000, 0x0000000706400000|  0%| F|  |TAMS 0x0000000706200000, 0x0000000706200000| Untracked 
|  36|0x0000000706400000, 0x0000000706400000, 0x0000000706600000|  0%| F|  |TAMS 0x0000000706400000, 0x0000000706400000| Untracked 
|  37|0x0000000706600000, 0x0000000706600000, 0x0000000706800000|  0%| F|  |TAMS 0x0000000706600000, 0x0000000706600000| Untracked 
|  38|0x0000000706800000, 0x0000000706800000, 0x0000000706a00000|  0%| F|  |TAMS 0x0000000706800000, 0x0000000706800000| Untracked 
|  39|0x0000000706a00000, 0x0000000706a00000, 0x0000000706c00000|  0%| F|  |TAMS 0x0000000706a00000, 0x0000000706a00000| Untracked 
|  40|0x0000000706c00000, 0x0000000706c00000, 0x0000000706e00000|  0%| F|  |TAMS 0x0000000706c00000, 0x0000000706c00000| Untracked 
|  41|0x0000000706e00000, 0x0000000706e00000, 0x0000000707000000|  0%| F|  |TAMS 0x0000000706e00000, 0x0000000706e00000| Untracked 
|  42|0x0000000707000000, 0x0000000707000000, 0x0000000707200000|  0%| F|  |TAMS 0x0000000707000000, 0x0000000707000000| Untracked 
|  43|0x0000000707200000, 0x0000000707200000, 0x0000000707400000|  0%| F|  |TAMS 0x0000000707200000, 0x0000000707200000| Untracked 
|  44|0x0000000707400000, 0x0000000707400000, 0x0000000707600000|  0%| F|  |TAMS 0x0000000707400000, 0x0000000707400000| Untracked 
|  45|0x0000000707600000, 0x0000000707600000, 0x0000000707800000|  0%| F|  |TAMS 0x0000000707600000, 0x0000000707600000| Untracked 
|  46|0x0000000707800000, 0x0000000707800000, 0x0000000707a00000|  0%| F|  |TAMS 0x0000000707800000, 0x0000000707800000| Untracked 
|  47|0x0000000707a00000, 0x0000000707a00000, 0x0000000707c00000|  0%| F|  |TAMS 0x0000000707a00000, 0x0000000707a00000| Untracked 
|  48|0x0000000707c00000, 0x0000000707c00000, 0x0000000707e00000|  0%| F|  |TAMS 0x0000000707c00000, 0x0000000707c00000| Untracked 
|  49|0x0000000707e00000, 0x0000000707e00000, 0x0000000708000000|  0%| F|  |TAMS 0x0000000707e00000, 0x0000000707e00000| Untracked 
|  50|0x0000000708000000, 0x0000000708000000, 0x0000000708200000|  0%| F|  |TAMS 0x0000000708000000, 0x0000000708000000| Untracked 
|  51|0x0000000708200000, 0x0000000708200000, 0x0000000708400000|  0%| F|  |TAMS 0x0000000708200000, 0x0000000708200000| Untracked 
|  52|0x0000000708400000, 0x0000000708400000, 0x0000000708600000|  0%| F|  |TAMS 0x0000000708400000, 0x0000000708400000| Untracked 
|  53|0x0000000708600000, 0x0000000708600000, 0x0000000708800000|  0%| F|  |TAMS 0x0000000708600000, 0x0000000708600000| Untracked 
|  54|0x0000000708800000, 0x0000000708800000, 0x0000000708a00000|  0%| F|  |TAMS 0x0000000708800000, 0x0000000708800000| Untracked 
|  55|0x0000000708a00000, 0x0000000708a00000, 0x0000000708c00000|  0%| F|  |TAMS 0x0000000708a00000, 0x0000000708a00000| Untracked 
|  56|0x0000000708c00000, 0x0000000708c00000, 0x0000000708e00000|  0%| F|  |TAMS 0x0000000708c00000, 0x0000000708c00000| Untracked 
|  57|0x0000000708e00000, 0x0000000708e00000, 0x0000000709000000|  0%| F|  |TAMS 0x0000000708e00000, 0x0000000708e00000| Untracked 
|  58|0x0000000709000000, 0x0000000709000000, 0x0000000709200000|  0%| F|  |TAMS 0x0000000709000000, 0x0000000709000000| Untracked 
|  59|0x0000000709200000, 0x0000000709200000, 0x0000000709400000|  0%| F|  |TAMS 0x0000000709200000, 0x0000000709200000| Untracked 
|  60|0x0000000709400000, 0x0000000709400000, 0x0000000709600000|  0%| F|  |TAMS 0x0000000709400000, 0x0000000709400000| Untracked 
|  61|0x0000000709600000, 0x0000000709600000, 0x0000000709800000|  0%| F|  |TAMS 0x0000000709600000, 0x0000000709600000| Untracked 
|  62|0x0000000709800000, 0x0000000709800000, 0x0000000709a00000|  0%| F|  |TAMS 0x0000000709800000, 0x0000000709800000| Untracked 
|  63|0x0000000709a00000, 0x0000000709a00000, 0x0000000709c00000|  0%| F|  |TAMS 0x0000000709a00000, 0x0000000709a00000| Untracked 
|  64|0x0000000709c00000, 0x0000000709c00000, 0x0000000709e00000|  0%| F|  |TAMS 0x0000000709c00000, 0x0000000709c00000| Untracked 
|  65|0x0000000709e00000, 0x0000000709e00000, 0x000000070a000000|  0%| F|  |TAMS 0x0000000709e00000, 0x0000000709e00000| Untracked 
|  66|0x000000070a000000, 0x000000070a000000, 0x000000070a200000|  0%| F|  |TAMS 0x000000070a000000, 0x000000070a000000| Untracked 
|  67|0x000000070a200000, 0x000000070a200000, 0x000000070a400000|  0%| F|  |TAMS 0x000000070a200000, 0x000000070a200000| Untracked 
|  68|0x000000070a400000, 0x000000070a400000, 0x000000070a600000|  0%| F|  |TAMS 0x000000070a400000, 0x000000070a400000| Untracked 
|  69|0x000000070a600000, 0x000000070a600000, 0x000000070a800000|  0%| F|  |TAMS 0x000000070a600000, 0x000000070a600000| Untracked 
|  70|0x000000070a800000, 0x000000070a800000, 0x000000070aa00000|  0%| F|  |TAMS 0x000000070a800000, 0x000000070a800000| Untracked 
|  71|0x000000070aa00000, 0x000000070aa00000, 0x000000070ac00000|  0%| F|  |TAMS 0x000000070aa00000, 0x000000070aa00000| Untracked 
|  72|0x000000070ac00000, 0x000000070ac00000, 0x000000070ae00000|  0%| F|  |TAMS 0x000000070ac00000, 0x000000070ac00000| Untracked 
|  73|0x000000070ae00000, 0x000000070ae00000, 0x000000070b000000|  0%| F|  |TAMS 0x000000070ae00000, 0x000000070ae00000| Untracked 
|  74|0x000000070b000000, 0x000000070b000000, 0x000000070b200000|  0%| F|  |TAMS 0x000000070b000000, 0x000000070b000000| Untracked 
|  75|0x000000070b200000, 0x000000070b200000, 0x000000070b400000|  0%| F|  |TAMS 0x000000070b200000, 0x000000070b200000| Untracked 
|  76|0x000000070b400000, 0x000000070b400000, 0x000000070b600000|  0%| F|  |TAMS 0x000000070b400000, 0x000000070b400000| Untracked 
|  77|0x000000070b600000, 0x000000070b600000, 0x000000070b800000|  0%| F|  |TAMS 0x000000070b600000, 0x000000070b600000| Untracked 
|  78|0x000000070b800000, 0x000000070b800000, 0x000000070ba00000|  0%| F|  |TAMS 0x000000070b800000, 0x000000070b800000| Untracked 
|  79|0x000000070ba00000, 0x000000070ba00000, 0x000000070bc00000|  0%| F|  |TAMS 0x000000070ba00000, 0x000000070ba00000| Untracked 
|  80|0x000000070bc00000, 0x000000070bc00000, 0x000000070be00000|  0%| F|  |TAMS 0x000000070bc00000, 0x000000070bc00000| Untracked 
|  81|0x000000070be00000, 0x000000070be00000, 0x000000070c000000|  0%| F|  |TAMS 0x000000070be00000, 0x000000070be00000| Untracked 
|  82|0x000000070c000000, 0x000000070c000000, 0x000000070c200000|  0%| F|  |TAMS 0x000000070c000000, 0x000000070c000000| Untracked 
|  83|0x000000070c200000, 0x000000070c200000, 0x000000070c400000|  0%| F|  |TAMS 0x000000070c200000, 0x000000070c200000| Untracked 
|  84|0x000000070c400000, 0x000000070c400000, 0x000000070c600000|  0%| F|  |TAMS 0x000000070c400000, 0x000000070c400000| Untracked 
|  85|0x000000070c600000, 0x000000070c600000, 0x000000070c800000|  0%| F|  |TAMS 0x000000070c600000, 0x000000070c600000| Untracked 
|  86|0x000000070c800000, 0x000000070c800000, 0x000000070ca00000|  0%| F|  |TAMS 0x000000070c800000, 0x000000070c800000| Untracked 
|  87|0x000000070ca00000, 0x000000070ca00000, 0x000000070cc00000|  0%| F|  |TAMS 0x000000070ca00000, 0x000000070ca00000| Untracked 
|  88|0x000000070cc00000, 0x000000070cc00000, 0x000000070ce00000|  0%| F|  |TAMS 0x000000070cc00000, 0x000000070cc00000| Untracked 
|  89|0x000000070ce00000, 0x000000070ce00000, 0x000000070d000000|  0%| F|  |TAMS 0x000000070ce00000, 0x000000070ce00000| Untracked 
|  90|0x000000070d000000, 0x000000070d000000, 0x000000070d200000|  0%| F|  |TAMS 0x000000070d000000, 0x000000070d000000| Untracked 
|  91|0x000000070d200000, 0x000000070d200000, 0x000000070d400000|  0%| F|  |TAMS 0x000000070d200000, 0x000000070d200000| Untracked 
|  92|0x000000070d400000, 0x000000070d400000, 0x000000070d600000|  0%| F|  |TAMS 0x000000070d400000, 0x000000070d400000| Untracked 
|  93|0x000000070d600000, 0x000000070d600000, 0x000000070d800000|  0%| F|  |TAMS 0x000000070d600000, 0x000000070d600000| Untracked 
|  94|0x000000070d800000, 0x000000070d800000, 0x000000070da00000|  0%| F|  |TAMS 0x000000070d800000, 0x000000070d800000| Untracked 
|  95|0x000000070da00000, 0x000000070da00000, 0x000000070dc00000|  0%| F|  |TAMS 0x000000070da00000, 0x000000070da00000| Untracked 
|  96|0x000000070dc00000, 0x000000070dc00000, 0x000000070de00000|  0%| F|  |TAMS 0x000000070dc00000, 0x000000070dc00000| Untracked 
|  97|0x000000070de00000, 0x000000070de00000, 0x000000070e000000|  0%| F|  |TAMS 0x000000070de00000, 0x000000070de00000| Untracked 
|  98|0x000000070e000000, 0x000000070e000000, 0x000000070e200000|  0%| F|  |TAMS 0x000000070e000000, 0x000000070e000000| Untracked 
|  99|0x000000070e200000, 0x000000070e200000, 0x000000070e400000|  0%| F|  |TAMS 0x000000070e200000, 0x000000070e200000| Untracked 
| 100|0x000000070e400000, 0x000000070e400000, 0x000000070e600000|  0%| F|  |TAMS 0x000000070e400000, 0x000000070e400000| Untracked 
| 101|0x000000070e600000, 0x000000070e600000, 0x000000070e800000|  0%| F|  |TAMS 0x000000070e600000, 0x000000070e600000| Untracked 
| 102|0x000000070e800000, 0x000000070e800000, 0x000000070ea00000|  0%| F|  |TAMS 0x000000070e800000, 0x000000070e800000| Untracked 
| 103|0x000000070ea00000, 0x000000070ea00000, 0x000000070ec00000|  0%| F|  |TAMS 0x000000070ea00000, 0x000000070ea00000| Untracked 
| 104|0x000000070ec00000, 0x000000070ec00000, 0x000000070ee00000|  0%| F|  |TAMS 0x000000070ec00000, 0x000000070ec00000| Untracked 
| 105|0x000000070ee00000, 0x000000070ee00000, 0x000000070f000000|  0%| F|  |TAMS 0x000000070ee00000, 0x000000070ee00000| Untracked 
| 106|0x000000070f000000, 0x000000070f000000, 0x000000070f200000|  0%| F|  |TAMS 0x000000070f000000, 0x000000070f000000| Untracked 
| 107|0x000000070f200000, 0x000000070f200000, 0x000000070f400000|  0%| F|  |TAMS 0x000000070f200000, 0x000000070f200000| Untracked 
| 108|0x000000070f400000, 0x000000070f400000, 0x000000070f600000|  0%| F|  |TAMS 0x000000070f400000, 0x000000070f400000| Untracked 
| 109|0x000000070f600000, 0x000000070f600000, 0x000000070f800000|  0%| F|  |TAMS 0x000000070f600000, 0x000000070f600000| Untracked 
| 110|0x000000070f800000, 0x000000070f800000, 0x000000070fa00000|  0%| F|  |TAMS 0x000000070f800000, 0x000000070f800000| Untracked 
| 111|0x000000070fa00000, 0x000000070fa00000, 0x000000070fc00000|  0%| F|  |TAMS 0x000000070fa00000, 0x000000070fa00000| Untracked 
| 112|0x000000070fc00000, 0x000000070fc00000, 0x000000070fe00000|  0%| F|  |TAMS 0x000000070fc00000, 0x000000070fc00000| Untracked 
| 113|0x000000070fe00000, 0x000000070fe00000, 0x0000000710000000|  0%| F|  |TAMS 0x000000070fe00000, 0x000000070fe00000| Untracked 
| 114|0x0000000710000000, 0x0000000710000000, 0x0000000710200000|  0%| F|  |TAMS 0x0000000710000000, 0x0000000710000000| Untracked 
| 115|0x0000000710200000, 0x0000000710200000, 0x0000000710400000|  0%| F|  |TAMS 0x0000000710200000, 0x0000000710200000| Untracked 
| 116|0x0000000710400000, 0x0000000710400000, 0x0000000710600000|  0%| F|  |TAMS 0x0000000710400000, 0x0000000710400000| Untracked 
| 117|0x0000000710600000, 0x0000000710600000, 0x0000000710800000|  0%| F|  |TAMS 0x0000000710600000, 0x0000000710600000| Untracked 
| 118|0x0000000710800000, 0x0000000710800000, 0x0000000710a00000|  0%| F|  |TAMS 0x0000000710800000, 0x0000000710800000| Untracked 
| 119|0x0000000710a00000, 0x0000000710a00000, 0x0000000710c00000|  0%| F|  |TAMS 0x0000000710a00000, 0x0000000710a00000| Untracked 
| 120|0x0000000710c00000, 0x0000000710c00000, 0x0000000710e00000|  0%| F|  |TAMS 0x0000000710c00000, 0x0000000710c00000| Untracked 
| 121|0x0000000710e00000, 0x0000000710e00000, 0x0000000711000000|  0%| F|  |TAMS 0x0000000710e00000, 0x0000000710e00000| Untracked 
| 122|0x0000000711000000, 0x00000007110b9b80, 0x0000000711200000| 36%| S|CS|TAMS 0x0000000711000000, 0x0000000711000000| Complete 
| 123|0x0000000711200000, 0x0000000711200000, 0x0000000711400000|  0%| F|  |TAMS 0x0000000711200000, 0x0000000711200000| Untracked 
| 124|0x0000000711400000, 0x0000000711400000, 0x0000000711600000|  0%| F|  |TAMS 0x0000000711400000, 0x0000000711400000| Untracked 
| 125|0x0000000711600000, 0x00000007117dc590, 0x0000000711800000| 93%| E|  |TAMS 0x0000000711600000, 0x0000000711600000| Complete 
| 126|0x0000000711800000, 0x0000000711a00000, 0x0000000711a00000|100%| E|CS|TAMS 0x0000000711800000, 0x0000000711800000| Complete 
| 127|0x0000000711a00000, 0x0000000711c00000, 0x0000000711c00000|100%| E|CS|TAMS 0x0000000711a00000, 0x0000000711a00000| Complete 

Card table byte_map: [0x0000029672f70000,0x0000029673770000] _byte_map_base: 0x000002966f762000

Marking Bits (Prev, Next): (CMBitMap*) 0x000002965bead1b0, (CMBitMap*) 0x000002965bead1f0
 Prev Bits: [0x0000029673f70000, 0x0000029677f00000)
 Next Bits: [0x0000029677f00000, 0x000002967be90000)

Polling page: 0x0000029659d60000

Metaspace:

Usage:
  Non-class:      5.88 MB used.
      Class:    799.99 KB used.
       Both:      6.66 MB used.

Virtual space:
  Non-class space:       64.00 MB reserved,       5.94 MB (  9%) committed,  1 nodes.
      Class space:        1.00 GB reserved,     896.00 KB ( <1%) committed,  1 nodes.
             Both:        1.06 GB reserved,       6.81 MB ( <1%) committed. 

Chunk freelists:
   Non-Class:  896.00 KB
       Class:  2.95 MB
        Both:  3.83 MB

MaxMetaspaceSize: unlimited
CompressedClassSpaceSize: 1.00 GB
Initial GC threshold: 21.00 MB
Current GC threshold: 21.00 MB
CDS: on
MetaspaceReclaimPolicy: balanced
 - commit_granule_bytes: 65536.
 - commit_granule_words: 8192.
 - virtual_space_node_default_size: 8388608.
 - enlarge_chunks_in_place: 1.
 - new_chunks_are_fully_committed: 0.
 - uncommit_free_chunks: 1.
 - use_allocation_guard: 0.


Internal statistics:

num_allocs_failed_limit: 0.
num_arena_births: 98.
num_arena_deaths: 0.
num_vsnodes_births: 2.
num_vsnodes_deaths: 0.
num_space_committed: 109.
num_space_uncommitted: 0.
num_chunks_returned_to_freelist: 0.
num_chunks_taken_from_freelist: 286.
num_chunk_merges: 0.
num_chunk_splits: 182.
num_chunks_enlarged: 133.
num_inconsistent_stats: 0.

CodeHeap 'non-profiled nmethods': size=120000Kb used=412Kb max_used=412Kb free=119587Kb
 bounds [0x000002966b240000, 0x000002966b4b0000, 0x0000029672770000]
CodeHeap 'profiled nmethods': size=120000Kb used=2401Kb max_used=2401Kb free=117598Kb
 bounds [0x0000029663d10000, 0x0000029663f80000, 0x000002966b240000]
CodeHeap 'non-nmethods': size=5760Kb used=1162Kb max_used=1178Kb free=4598Kb
 bounds [0x0000029663770000, 0x00000296639e0000, 0x0000029663d10000]
 total_blobs=1722 nmethods=1282 adapters=353
 compilation: enabled
              stopped_count=0, restarted_count=0
 full_count=0

Compilation events (20 events):
Event: 1.751 Thread 0x000002967e395410 1257       3       java.util.function.BiPredicate::lambda$or$2 (28 bytes)
Event: 1.751 Thread 0x000002967e395410 nmethod 1257 0x0000029663f5b310 code [0x0000029663f5b4c0, 0x0000029663f5b818]
Event: 1.751 Thread 0x000002967e395410 1259       3       java.util.stream.StreamSpliterators$WrappingSpliterator$$Lambda$127/0x0000000800cc6258::getAsBoolean (8 bytes)
Event: 1.751 Thread 0x000002967e395410 nmethod 1259 0x0000029663f5b910 code [0x0000029663f5bac0, 0x0000029663f5bd08]
Event: 1.751 Thread 0x000002967e395410 1260       3       java.util.stream.StreamSpliterators$WrappingSpliterator::lambda$initPartialTraversalState$0 (14 bytes)
Event: 1.751 Thread 0x000002967e395410 nmethod 1260 0x0000029663f5be10 code [0x0000029663f5bfc0, 0x0000029663f5c1a8]
Event: 1.751 Thread 0x000002967e395410 1261       3       java.util.Objects::nonNull (10 bytes)
Event: 1.751 Thread 0x000002967e395410 nmethod 1261 0x0000029663f5c290 code [0x0000029663f5c420, 0x0000029663f5c578]
Event: 1.751 Thread 0x000002967e395410 1262       3       org.springframework.boot.context.properties.source.SpringIterableConfigurationPropertySource$$Lambda$124/0x0000000800cbe2f0::test (8 bytes)
Event: 1.751 Thread 0x000002967e395410 nmethod 1262 0x0000029663f5c610 code [0x0000029663f5c7c0, 0x0000029663f5ca78]
Event: 1.751 Thread 0x000002967e395410 1263       3       org.springframework.boot.context.properties.bind.IndexedElementsBinder$$Lambda$123/0x0000000800cbdaf8::test (12 bytes)
Event: 1.752 Thread 0x000002967e395410 nmethod 1263 0x0000029663f5cb90 code [0x0000029663f5cd80, 0x0000029663f5d2f8]
Event: 1.752 Thread 0x000002967e395410 1258       3       java.util.concurrent.CopyOnWriteArrayList$COWIterator::hasNext (18 bytes)
Event: 1.752 Thread 0x000002967e395410 nmethod 1258 0x0000029663f5d510 code [0x0000029663f5d6a0, 0x0000029663f5d818]
Event: 1.760 Thread 0x000002967e395410 1265       1       java.util.Collections$EmptyIterator::hasNext (2 bytes)
Event: 1.760 Thread 0x000002967e395410 nmethod 1265 0x000002966b2a7010 code [0x000002966b2a71a0, 0x000002966b2a7278]
Event: 1.761 Thread 0x000002967e395410 1266       3       java.lang.AbstractStringBuilder::append (55 bytes)
Event: 1.761 Thread 0x000002967e395410 nmethod 1266 0x0000029663f5d910 code [0x0000029663f5dae0, 0x0000029663f5de18]
Event: 1.761 Thread 0x000002967e395410 1267       3       java.lang.String::substring (10 bytes)
Event: 1.761 Thread 0x000002967e395410 nmethod 1267 0x0000029663f5df90 code [0x0000029663f5e140, 0x0000029663f5e388]

GC Heap History (4 events):
Event: 0.828 GC heap before
{Heap before GC invocations=0 (full 0):
 garbage-first heap   total 262144K, used 10240K [0x0000000701c00000, 0x0000000800000000)
  region size 2048K, 6 young (12288K), 0 survivors (0K)
 Metaspace       used 2773K, committed 2880K, reserved 1114112K
  class space    used 274K, committed 320K, reserved 1048576K
}
Event: 0.899 GC heap after
{Heap after GC invocations=1 (full 0):
 garbage-first heap   total 262144K, used 5460K [0x0000000701c00000, 0x0000000800000000)
  region size 2048K, 1 young (2048K), 1 survivors (2048K)
 Metaspace       used 2773K, committed 2880K, reserved 1114112K
  class space    used 274K, committed 320K, reserved 1048576K
}
Event: 1.515 GC heap before
{Heap before GC invocations=1 (full 0):
 garbage-first heap   total 262144K, used 13652K [0x0000000701c00000, 0x0000000800000000)
  region size 2048K, 6 young (12288K), 1 survivors (2048K)
 Metaspace       used 5407K, committed 5568K, reserved 1114112K
  class space    used 596K, committed 640K, reserved 1048576K
}
Event: 1.518 GC heap after
{Heap after GC invocations=2 (full 0):
 garbage-first heap   total 262144K, used 6340K [0x0000000701c00000, 0x0000000800000000)
  region size 2048K, 1 young (2048K), 1 survivors (2048K)
 Metaspace       used 5407K, committed 5568K, reserved 1114112K
  class space    used 596K, committed 640K, reserved 1048576K
}

Deoptimization events (20 events):
Event: 1.394 Thread 0x000002967efc79c0 DEOPT PACKING pc=0x000002966b284fbc sp=0x000000bd61bfe140
Event: 1.394 Thread 0x000002967efc79c0 DEOPT UNPACKING pc=0x00000296637c23a3 sp=0x000000bd61bfe0c8 mode 2
Event: 1.394 Thread 0x000002967efc79c0 Uncommon trap: trap_request=0xffffffc6 fr.pc=0x000002966b284fe8 relative=0x0000000000000c28
Event: 1.394 Thread 0x000002967efc79c0 Uncommon trap: reason=bimorphic_or_optimized_type_check action=maybe_recompile pc=0x000002966b284fe8 method=java.util.HashMap.putVal(ILjava/lang/Object;Ljava/lang/Object;ZZ)Ljava/lang/Object; @ 152 c2
Event: 1.394 Thread 0x000002967efc79c0 DEOPT PACKING pc=0x000002966b284fe8 sp=0x000000bd61bfe140
Event: 1.394 Thread 0x000002967efc79c0 DEOPT UNPACKING pc=0x00000296637c23a3 sp=0x000000bd61bfe0d0 mode 2
Event: 1.394 Thread 0x000002967efc79c0 Uncommon trap: trap_request=0xffffffc6 fr.pc=0x000002966b284fbc relative=0x0000000000000bfc
Event: 1.394 Thread 0x000002967efc79c0 Uncommon trap: reason=bimorphic_or_optimized_type_check action=maybe_recompile pc=0x000002966b284fbc method=java.util.HashMap.putVal(ILjava/lang/Object;Ljava/lang/Object;ZZ)Ljava/lang/Object; @ 56 c2
Event: 1.394 Thread 0x000002967efc79c0 DEOPT PACKING pc=0x000002966b284fbc sp=0x000000bd61bfe140
Event: 1.394 Thread 0x000002967efc79c0 DEOPT UNPACKING pc=0x00000296637c23a3 sp=0x000000bd61bfe0c8 mode 2
Event: 1.495 Thread 0x000002967efc79c0 DEOPT PACKING pc=0x0000029663d8e791 sp=0x000000bd61bfe160
Event: 1.495 Thread 0x000002967efc79c0 DEOPT UNPACKING pc=0x00000296637c2b43 sp=0x000000bd61bfd668 mode 0
Event: 1.524 Thread 0x000002967efc79c0 Uncommon trap: trap_request=0xffffff45 fr.pc=0x000002966b286184 relative=0x00000000000000e4
Event: 1.524 Thread 0x000002967efc79c0 Uncommon trap: reason=unstable_if action=reinterpret pc=0x000002966b286184 method=java.util.HashMap.hash(Ljava/lang/Object;)I @ 1 c2
Event: 1.524 Thread 0x000002967efc79c0 DEOPT PACKING pc=0x000002966b286184 sp=0x000000bd61bfe160
Event: 1.524 Thread 0x000002967efc79c0 DEOPT UNPACKING pc=0x00000296637c23a3 sp=0x000000bd61bfe0a0 mode 2
Event: 1.624 Thread 0x000002967efc79c0 Uncommon trap: trap_request=0xffffff45 fr.pc=0x000002966b299a0c relative=0x000000000000056c
Event: 1.624 Thread 0x000002967efc79c0 Uncommon trap: reason=unstable_if action=reinterpret pc=0x000002966b299a0c method=java.lang.Integer.getChars(II[B)I @ 25 c2
Event: 1.624 Thread 0x000002967efc79c0 DEOPT PACKING pc=0x000002966b299a0c sp=0x000000bd61bfd470
Event: 1.624 Thread 0x000002967efc79c0 DEOPT UNPACKING pc=0x00000296637c23a3 sp=0x000000bd61bfd3a8 mode 2

Classes loaded (20 events):
Event: 1.662 Loading class java/beans/PropertyEditorSupport
Event: 1.662 Loading class java/beans/PropertyEditor
Event: 1.662 Loading class java/beans/PropertyEditor done
Event: 1.662 Loading class java/beans/PropertyEditorSupport done
Event: 1.718 Loading class java/util/regex/Pattern$Neg
Event: 1.718 Loading class java/util/regex/Pattern$Neg done
Event: 1.728 Loading class java/util/stream/StreamSpliterators$WrappingSpliterator
Event: 1.728 Loading class java/util/stream/StreamSpliterators$AbstractWrappingSpliterator
Event: 1.728 Loading class java/util/stream/StreamSpliterators$AbstractWrappingSpliterator done
Event: 1.728 Loading class java/util/stream/StreamSpliterators$WrappingSpliterator done
Event: 1.728 Loading class java/util/stream/SpinedBuffer
Event: 1.728 Loading class java/util/stream/AbstractSpinedBuffer
Event: 1.728 Loading class java/util/stream/AbstractSpinedBuffer done
Event: 1.728 Loading class java/util/stream/SpinedBuffer done
Event: 1.729 Loading class java/util/stream/StreamSpliterators
Event: 1.731 Loading class java/util/stream/StreamSpliterators done
Event: 1.731 Loading class java/util/function/BooleanSupplier
Event: 1.731 Loading class java/util/function/BooleanSupplier done
Event: 1.739 Loading class java/lang/invoke/MethodHandle$1
Event: 1.739 Loading class java/lang/invoke/MethodHandle$1 done

Classes unloaded (0 events):
No events

Classes redefined (0 events):
No events

Internal exceptions (20 events):
Event: 0.972 Thread 0x000002965be3d630 Exception <a 'java/lang/NoSuchMethodError'{0x0000000711bc7768}: 'java.lang.Object java.lang.invoke.DirectMethodHandle$Holder.newInvokeSpecial(java.lang.Object, java.lang.Object, java.lang.Object, java.lang.Object, java.lang.Object)'> (0x0000000711bc7768) 
thrown [s\open\src\hotspot\share\interpreter\linkResolver.cpp, line 766]
Event: 0.981 Thread 0x000002965be3d630 Exception <a 'java/lang/NoSuchMethodError'{0x0000000711bfc1a0}: 'int java.lang.invoke.DirectMethodHandle$Holder.invokeInterface(java.lang.Object, java.lang.Object)'> (0x0000000711bfc1a0) 
thrown [s\open\src\hotspot\share\interpreter\linkResolver.cpp, line 766]
Event: 0.981 Thread 0x000002965be3d630 Exception <a 'java/lang/NoSuchMethodError'{0x0000000711807ef0}: 'int java.lang.invoke.DirectMethodHandle$Holder.invokeSpecial(java.lang.Object, java.lang.Object, java.lang.Object)'> (0x0000000711807ef0) 
thrown [s\open\src\hotspot\share\interpreter\linkResolver.cpp, line 766]
Event: 0.989 Thread 0x000002965be3d630 Exception <a 'java/lang/NoSuchMethodError'{0x000000071183f098}: 'void java.lang.invoke.DirectMethodHandle$Holder.invokeStatic(java.lang.Object, java.lang.Object, java.lang.Object)'> (0x000000071183f098) 
thrown [s\open\src\hotspot\share\interpreter\linkResolver.cpp, line 766]
Event: 1.075 Thread 0x000002965be3d630 Exception <a 'java/lang/NoSuchMethodError'{0x0000000711950790}: 'java.lang.Object java.lang.invoke.DirectMethodHandle$Holder.invokeStaticInit(java.lang.Object)'> (0x0000000711950790) 
thrown [s\open\src\hotspot\share\interpreter\linkResolver.cpp, line 766]
Event: 1.314 Thread 0x000002967ebba0f0 Exception <a 'java/lang/NoSuchMethodError'{0x00000007114094b0}: 'org.slf4j.impl.StaticMDCBinder org.slf4j.impl.StaticMDCBinder.getSingleton()'> (0x00000007114094b0) 
thrown [s\open\src\hotspot\share\interpreter\linkResolver.cpp, line 766]
Event: 1.322 Thread 0x000002967efc79c0 Exception <a 'java/lang/NoSuchMethodError'{0x000000071141e4f8}: 'void java.lang.invoke.DirectMethodHandle$Holder.invokeStatic(java.lang.Object, java.lang.Object)'> (0x000000071141e4f8) 
thrown [s\open\src\hotspot\share\interpreter\linkResolver.cpp, line 766]
Event: 1.322 Thread 0x000002967efc79c0 Exception <a 'java/lang/NoSuchMethodError'{0x0000000711421f50}: 'void java.lang.invoke.DirectMethodHandle$Holder.invokeSpecial(java.lang.Object, java.lang.Object, java.lang.Object)'> (0x0000000711421f50) 
thrown [s\open\src\hotspot\share\interpreter\linkResolver.cpp, line 766]
Event: 1.392 Thread 0x000002967efc79c0 Exception <a 'sun/nio/fs/WindowsException'{0x00000007115f7080}> (0x00000007115f7080) 
thrown [s\open\src\hotspot\share\prims\jni.cpp, line 516]
Event: 1.524 Thread 0x000002967efc79c0 Implicit null exception at 0x000002966b2860e0 to 0x000002966b28617a
Event: 1.564 Thread 0x000002967efc79c0 Exception <a 'java/lang/NoSuchMethodError'{0x0000000711addd88}: 'void java.lang.invoke.DirectMethodHandle$Holder.invokeStatic(java.lang.Object, java.lang.Object, java.lang.Object, java.lang.Object)'> (0x0000000711addd88) 
thrown [s\open\src\hotspot\share\interpreter\linkResolver.cpp, line 766]
Event: 1.580 Thread 0x000002967efc79c0 Exception <a 'java/lang/NoSuchMethodError'{0x0000000711afd1c0}: 'java.lang.Object java.lang.invoke.Invokers$Holder.invokeExact_MT(java.lang.Object, java.lang.Object, java.lang.Object, java.lang.Object, java.lang.Object, java.lang.Object)'> (0x0000000711afd1c0) 
thrown [s\open\src\hotspot\share\interpreter\linkResolver.cpp, line 766]
Event: 1.588 Thread 0x000002967efc79c0 Exception <a 'java/lang/NoSuchMethodError'{0x0000000711b12070}: 'java.lang.Object java.lang.invoke.DirectMethodHandle$Holder.invokeInterface(java.lang.Object, java.lang.Object, java.lang.Object)'> (0x0000000711b12070) 
thrown [s\open\src\hotspot\share\interpreter\linkResolver.cpp, line 766]
Event: 1.589 Thread 0x000002967efc79c0 Exception <a 'java/lang/IncompatibleClassChangeError'{0x0000000711b159f0}: Found class java.lang.Object, but interface was expected> (0x0000000711b159f0) 
thrown [s\open\src\hotspot\share\interpreter\linkResolver.cpp, line 833]
Event: 1.629 Thread 0x000002967efc79c0 Exception <a 'java/lang/NoSuchMethodError'{0x0000000711820478}: 'int java.lang.invoke.DirectMethodHandle$Holder.invokeSpecial(java.lang.Object, java.lang.Object, java.lang.Object, java.lang.Object)'> (0x0000000711820478) 
thrown [s\open\src\hotspot\share\interpreter\linkResolver.cpp, line 766]
Event: 1.707 Thread 0x000002967efc79c0 Exception <a 'java/lang/NoSuchMethodError'{0x00000007119a1f00}: 'java.lang.Object java.lang.invoke.DirectMethodHandle$Holder.newInvokeSpecial(java.lang.Object, java.lang.Object, java.lang.Object, java.lang.Object, java.lang.Object, java.lang.Object)'> (0x00000007119a1f00) 
thrown [s\open\src\hotspot\share\interpreter\linkResolver.cpp, line 766]
Event: 1.721 Thread 0x000002967efc79c0 Exception <a 'java/lang/NoSuchMethodError'{0x0000000711615230}: 'java.lang.Object java.lang.invoke.Invokers$Holder.invokeExact_MT(java.lang.Object, java.lang.Object, java.lang.Object, java.lang.Object, java.lang.Object)'> (0x0000000711615230) 
thrown [s\open\src\hotspot\share\interpreter\linkResolver.cpp, line 766]
Event: 1.732 Thread 0x000002967efc79c0 Exception <a 'java/lang/NoSuchMethodError'{0x000000071164edf0}: 'java.lang.Object java.lang.invoke.DirectMethodHandle$Holder.invokeSpecial(java.lang.Object, java.lang.Object, java.lang.Object, java.lang.Object, java.lang.Object, java.lang.Object, int)'> (0x000000071164edf0) 
thrown [s\open\src\hotspot\share\interpreter\linkResolver.cpp, line 766]
Event: 1.733 Thread 0x000002967efc79c0 Exception <a 'java/lang/NoSuchMethodError'{0x0000000711659348}: 'java.lang.Object java.lang.invoke.DirectMethodHandle$Holder.newInvokeSpecial(java.lang.Object, java.lang.Object, java.lang.Object, java.lang.Object, java.lang.Object, java.lang.Object, int)'> (0x0000000711659348) 
thrown [s\open\src\hotspot\share\interpreter\linkResolver.cpp, line 766]
Event: 1.734 Thread 0x000002967efc79c0 Exception <a 'java/lang/NoSuchMethodError'{0x000000071165e620}: 'java.lang.Object java.lang.invoke.DirectMethodHandle$Holder.invokeSpecial(java.lang.Object, java.lang.Object, java.lang.Object, java.lang.Object, java.lang.Object, java.lang.Object, java.lang.Object, int)'> (0x000000071165e620) 
thrown [s\open\src\hotspot\share\interpreter\linkResolver.cpp, line 766]

VM Operations (14 events):
Event: 0.179 Executing VM operation: HandshakeAllThreads
Event: 0.179 Executing VM operation: HandshakeAllThreads done
Event: 0.618 Executing VM operation: HandshakeAllThreads
Event: 0.618 Executing VM operation: HandshakeAllThreads done
Event: 0.649 Executing VM operation: HandshakeAllThreads
Event: 0.649 Executing VM operation: HandshakeAllThreads done
Event: 0.650 Executing VM operation: HandshakeAllThreads
Event: 0.650 Executing VM operation: HandshakeAllThreads done
Event: 0.828 Executing VM operation: G1CollectForAllocation
Event: 0.899 Executing VM operation: G1CollectForAllocation done
Event: 1.393 Executing VM operation: HandshakeAllThreads
Event: 1.393 Executing VM operation: HandshakeAllThreads done
Event: 1.515 Executing VM operation: G1CollectForAllocation
Event: 1.518 Executing VM operation: G1CollectForAllocation done

Events (20 events):
Event: 0.044 Thread 0x000002967e30b120 Thread added: 0x000002967e30b120
Event: 0.044 Thread 0x000002967e30bd80 Thread added: 0x000002967e30bd80
Event: 0.060 Thread 0x000002967e32a8f0 Thread added: 0x000002967e32a8f0
Event: 0.061 Thread 0x000002967e32b290 Thread added: 0x000002967e32b290
Event: 0.061 Thread 0x000002967e32bc30 Thread added: 0x000002967e32bc30
Event: 0.061 Thread 0x000002967e32c5d0 Thread added: 0x000002967e32c5d0
Event: 0.061 Thread 0x000002967e32d2a0 Thread added: 0x000002967e32d2a0
Event: 0.068 Thread 0x000002967e395410 Thread added: 0x000002967e395410
Event: 0.068 Thread 0x000002967e39fa00 Thread added: 0x000002967e39fa00
Event: 0.158 Thread 0x000002967e584540 Thread added: 0x000002967e584540
Event: 0.162 Thread 0x000002967e590aa0 Thread added: 0x000002967e590aa0
Event: 0.167 Loaded shared library C:\Program Files\Java\jdk-18.0.1\bin\net.dll
Event: 0.169 Loaded shared library C:\Program Files\Java\jdk-18.0.1\bin\nio.dll
Event: 0.172 Loaded shared library C:\Program Files\Java\jdk-18.0.1\bin\zip.dll
Event: 0.397 Loaded shared library C:\Program Files\Java\jdk-18.0.1\bin\verify.dll
Event: 0.428 Loaded shared library C:\Program Files\Java\jdk-18.0.1\bin\jimage.dll
Event: 1.079 Loaded shared library C:\Program Files\Java\jdk-18.0.1\bin\management.dll
Event: 1.082 Loaded shared library C:\Program Files\Java\jdk-18.0.1\bin\management_ext.dll
Event: 1.272 Thread 0x000002967ebba0f0 Thread added: 0x000002967ebba0f0
Event: 1.319 Thread 0x000002967efc79c0 Thread added: 0x000002967efc79c0


Dynamic libraries:
0x00007ff6387d0000 - 0x00007ff6387e0000 	C:\Program Files\Java\jdk-18.0.1\bin\java.exe
0x00007ffca81b0000 - 0x00007ffca83a8000 	C:\WINDOWS\SYSTEM32\ntdll.dll
0x00007ffca7c40000 - 0x00007ffca7cfd000 	C:\WINDOWS\System32\KERNEL32.DLL
0x00007ffca5cb0000 - 0x00007ffca5f7e000 	C:\WINDOWS\System32\KERNELBASE.dll
0x00007ffca6000000 - 0x00007ffca6100000 	C:\WINDOWS\System32\ucrtbase.dll
0x00007ffca2a00000 - 0x00007ffca2a18000 	C:\Program Files\Java\jdk-18.0.1\bin\jli.dll
0x00007ffca69c0000 - 0x00007ffca6a6e000 	C:\WINDOWS\System32\ADVAPI32.dll
0x00007ffca6b90000 - 0x00007ffca6c2e000 	C:\WINDOWS\System32\msvcrt.dll
0x00007ffca6c30000 - 0x00007ffca6ccc000 	C:\WINDOWS\System32\sechost.dll
0x00007ffca7e10000 - 0x00007ffca7f35000 	C:\WINDOWS\System32\RPCRT4.dll
0x00007ffca1720000 - 0x00007ffca173a000 	C:\Program Files\Java\jdk-18.0.1\bin\VCRUNTIME140.dll
0x00007ffca7220000 - 0x00007ffca73c0000 	C:\WINDOWS\System32\USER32.dll
0x00007ffca5be0000 - 0x00007ffca5c02000 	C:\WINDOWS\System32\win32u.dll
0x00007ffca7d00000 - 0x00007ffca7d2a000 	C:\WINDOWS\System32\GDI32.dll
0x00007ffca6100000 - 0x00007ffca620b000 	C:\WINDOWS\System32\gdi32full.dll
0x00007ffca5c10000 - 0x00007ffca5cad000 	C:\WINDOWS\System32\msvcp_win.dll
0x00007ffc903c0000 - 0x00007ffc9065a000 	C:\WINDOWS\WinSxS\amd64_microsoft.windows.common-controls_6595b64144ccf1df_6.0.19041.1110_none_60b5254171f9507e\COMCTL32.dll
0x00007ffc966b0000 - 0x00007ffc966ba000 	C:\WINDOWS\SYSTEM32\VERSION.dll
0x00007ffca71f0000 - 0x00007ffca7220000 	C:\WINDOWS\System32\IMM32.DLL
0x00007ffca27c0000 - 0x00007ffca27cc000 	C:\Program Files\Java\jdk-18.0.1\bin\vcruntime140_1.dll
0x00007ffc847f0000 - 0x00007ffc8487d000 	C:\Program Files\Java\jdk-18.0.1\bin\msvcp140.dll
0x00007ffc6a930000 - 0x00007ffc6b540000 	C:\Program Files\Java\jdk-18.0.1\bin\server\jvm.dll
0x00007ffca7e00000 - 0x00007ffca7e08000 	C:\WINDOWS\System32\PSAPI.DLL
0x00007ffca19d0000 - 0x00007ffca19d9000 	C:\WINDOWS\SYSTEM32\WSOCK32.dll
0x00007ffc8e980000 - 0x00007ffc8e9a7000 	C:\WINDOWS\SYSTEM32\WINMM.dll
0x00007ffca7d30000 - 0x00007ffca7d9b000 	C:\WINDOWS\System32\WS2_32.dll
0x00007ffca37b0000 - 0x00007ffca37c2000 	C:\WINDOWS\SYSTEM32\kernel.appcore.dll
0x00007ffca1a00000 - 0x00007ffca1a0a000 	C:\Program Files\Java\jdk-18.0.1\bin\jimage.dll
0x00007ffc964c0000 - 0x00007ffc966a4000 	C:\WINDOWS\SYSTEM32\DBGHELP.DLL
0x00007ffc96490000 - 0x00007ffc964bc000 	C:\WINDOWS\SYSTEM32\dbgcore.DLL
0x00007ffca5940000 - 0x00007ffca59c2000 	C:\WINDOWS\System32\bcryptPrimitives.dll
0x00007ffc9cff0000 - 0x00007ffc9d015000 	C:\Program Files\Java\jdk-18.0.1\bin\java.dll
0x00007ffc9c9d0000 - 0x00007ffc9caa6000 	C:\Program Files\Java\jdk-18.0.1\bin\jsvml.dll
0x00007ffca74f0000 - 0x00007ffca7c34000 	C:\WINDOWS\System32\SHELL32.dll
0x00007ffca39b0000 - 0x00007ffca4144000 	C:\WINDOWS\SYSTEM32\windows.storage.dll
0x00007ffca6e70000 - 0x00007ffca71c4000 	C:\WINDOWS\System32\combase.dll
0x00007ffca5260000 - 0x00007ffca5290000 	C:\WINDOWS\SYSTEM32\Wldp.dll
0x00007ffca6db0000 - 0x00007ffca6e5d000 	C:\WINDOWS\System32\SHCORE.dll
0x00007ffca7da0000 - 0x00007ffca7df5000 	C:\WINDOWS\System32\shlwapi.dll
0x00007ffca5810000 - 0x00007ffca582f000 	C:\WINDOWS\SYSTEM32\profapi.dll
0x00007ffc9eb30000 - 0x00007ffc9eb43000 	C:\Program Files\Java\jdk-18.0.1\bin\net.dll
0x00007ffc93f80000 - 0x00007ffc9408a000 	C:\WINDOWS\SYSTEM32\WINHTTP.dll
0x00007ffca4fc0000 - 0x00007ffca502a000 	C:\WINDOWS\system32\mswsock.dll
0x00007ffc9e980000 - 0x00007ffc9e996000 	C:\Program Files\Java\jdk-18.0.1\bin\nio.dll
0x00007ffc9d730000 - 0x00007ffc9d748000 	C:\Program Files\Java\jdk-18.0.1\bin\zip.dll
0x00007ffc9f4c0000 - 0x00007ffc9f4d0000 	C:\Program Files\Java\jdk-18.0.1\bin\verify.dll
0x00007ffc9f3d0000 - 0x00007ffc9f3d9000 	C:\Program Files\Java\jdk-18.0.1\bin\management.dll
0x00007ffc9e950000 - 0x00007ffc9e95b000 	C:\Program Files\Java\jdk-18.0.1\bin\management_ext.dll

dbghelp: loaded successfully - version: 4.0.5 - missing functions: none
symbol engine: initialized successfully - sym options: 0x614 - pdb path: .;C:\Program Files\Java\jdk-18.0.1\bin;C:\WINDOWS\SYSTEM32;C:\WINDOWS\WinSxS\amd64_microsoft.windows.common-controls_6595b64144ccf1df_6.0.19041.1110_none_60b5254171f9507e;C:\Program Files\Java\jdk-18.0.1\bin\server

VM Arguments:
java_command: com.portfoliofullstack.miportfolio.MiportfolioApplication
java_class_path (initial): C:\Users\Rodrigo\Desktop\Programacion\Cursos\ArgentinaProgramaGob\PortfolioWebFullStack\BackEnd\target\classes;C:\Users\Rodrigo\.m2\repository\org\springframework\boot\spring-boot-starter-data-jpa\2.6.7\spring-boot-starter-data-jpa-2.6.7.jar;C:\Users\Rodrigo\.m2\repository\org\springframework\boot\spring-boot-starter-aop\2.6.7\spring-boot-starter-aop-2.6.7.jar;C:\Users\Rodrigo\.m2\repository\org\springframework\spring-aop\5.3.19\spring-aop-5.3.19.jar;C:\Users\Rodrigo\.m2\repository\org\aspectj\aspectjweaver\1.9.7\aspectjweaver-1.9.7.jar;C:\Users\Rodrigo\.m2\repository\org\springframework\boot\spring-boot-starter-jdbc\2.6.7\spring-boot-starter-jdbc-2.6.7.jar;C:\Users\Rodrigo\.m2\repository\com\zaxxer\HikariCP\4.0.3\HikariCP-4.0.3.jar;C:\Users\Rodrigo\.m2\repository\org\springframework\spring-jdbc\5.3.19\spring-jdbc-5.3.19.jar;C:\Users\Rodrigo\.m2\repository\jakarta\transaction\jakarta.transaction-api\1.3.3\jakarta.transaction-api-1.3.3.jar;C:\Users\Rodrigo\.m2\repository\jakarta\persistence\jakarta.persistence-api\2.2.3\jakarta.persistence-api-2.2.3.jar;C:\Users\Rodrigo\.m2\repository\org\hibernate\hibernate-core\5.6.8.Final\hibernate-core-5.6.8.Final.jar;C:\Users\Rodrigo\.m2\repository\org\jboss\logging\jboss-logging\3.4.3.Final\jboss-logging-3.4.3.Final.jar;C:\Users\Rodrigo\.m2\repository\net\bytebuddy\byte-buddy\1.11.22\byte-buddy-1.11.22.jar;C:\Users\Rodrigo\.m2\repository\antlr\antlr\2.7.7\antlr-2.7.7.jar;C:\Users\Rodrigo\.m2\repository\org\jboss\jandex\2.4.2.Final\jandex-2.4.2.Final.jar;C:\Users\Rodrigo\.m2\repository\com\fasterxml\classmate\1.5.1\classmate-1.5.1.jar;C:\Users\Rodrigo\.m2\repository\org\hibernate\common\hibernate-commons-annotations\5.1.2.Final\hibernate-commons-annotations-5.1.2.Final.jar;C:\Users\Rodrigo\.m2\repository\org\glassfish\jaxb\jaxb-runtime\2.3.6\jaxb-runtime-2.3.6.jar;C:\Users\Rodrigo\.m2\repository\org\glassfish\jaxb\txw2\2.3.6\txw2-2.3.6.jar;C:\Users\Rodrigo\.m2\repository\com\sun\istack\istack-commons-runtime\3.0.12\istack-commons-runtime-3.0.12.jar;C:\Users\Rodrigo\.m2\repository\com\sun\activation\jakarta.activation\1.2.2\jakarta.activation-1.2.2.jar;C:\Users\Rodrigo\.m2\repository\org\springframework\data\spring-data-jpa\2.6.4\spring-data-jpa-2.6.4.jar;C:\Users\Rodrigo\.m2\repository\org\springframework\data\spring-data-commons\2.6.4\spring-data-commons-2.6.4.jar;C:\Users\Rodrigo\.m2\repository\org\springframework\spring-orm\5.3.19\spring-orm-5.3.19.jar;C:\Users\Rodrigo\.m2\repository\org\springframework\spring-context\5.3.19\spring-context-5.3.19.jar;C:\Users\Rodrigo\.m2\repository\org\springframework\spring-tx\5.3.19\spring-tx-5.3.19.jar;C:\Users\Rodrigo\.m2\repository\org\springframework\spring-beans\5.3.19\spring-beans-5.3.19.jar;C:\Users\Rodrigo\.m2\repository\org\slf4j\slf4j-api\1.7.36\slf4j-api-1.7.36.jar;C:\Users\Rodrigo\.m2\repository\org\springframework\spring-aspects\5.3.19\spring-aspects-5.3.19.jar;C:\Users\Rodrigo\.m2\repository\org\springframework\boot\spring-boot-starter-validation\2.6.7\spring-boot-starter-validation-2.6.7.jar;C:\Users\Rodrigo\.m2\repository\org\springframework\boot\spring-boot-starter\2.6.7\spring-boot-starter-2.6.7.jar;C:\Users\Rodrigo\.m2\repository\org\springframework\boot\spring-boot-starter-logging\2.6.7\spring-boot-starter-logging-2.6.7.jar;C:\Users\Rodrigo\.m2\repository\ch\qos\logback\logback-classic\1.2.11\logback-classic-1.2.11.jar;C:\Users\Rodrigo\.m2\repository\ch\qos\logback\logback-core\1.2.11\logback-core-1.2.11.jar;C:\Users\Rodrigo\.m2\repository\org\apache\logging\log4j\log4j-to-slf4j\2.17.2\log4j-to-slf4j-2.17.2.jar;C:\Users\Rodrigo\.m2\repository\org\apache\logging\log4j\log4j-api\2.17.2\log4j-api-2.17.2.jar;C:\Users\Rodrigo\.m2\repository\org\slf4j\jul-to-slf4j\1.7.36\jul-to-slf4j-1.7.36.jar;C:\Users\Rodrigo\.m2\repository\jakarta\annotation\jakarta.annotation-api\1.3.5\jakarta.annotation-api-1.3.5.jar;C:\Users\Rodrigo\.m2\repository\org\yaml\snakeyaml\1.29\snakeyaml-1.29.jar;C:\Users\Rodrigo\.m2\repository\org\apache\tomcat\embed\tomcat-embed-el\9.0.62\tomcat-embed-el-9.0.62.jar;C:\Users\Rodrigo\.m2\repository\org\hibernate\validator\hibernate-validator\6.2.3.Final\hibernate-validator-6.2.3.Final.jar;C:\Users\Rodrigo\.m2\repository\jakarta\validation\jakarta.validation-api\2.0.2\jakarta.validation-api-2.0.2.jar;C:\Users\Rodrigo\.m2\repository\org\springframework\boot\spring-boot-starter-web\2.6.7\spring-boot-starter-web-2.6.7.jar;C:\Users\Rodrigo\.m2\repository\org\springframework\boot\spring-boot-starter-json\2.6.7\spring-boot-starter-json-2.6.7.jar;C:\Users\Rodrigo\.m2\repository\com\fasterxml\jackson\core\jackson-databind\2.13.2.1\jackson-databind-2.13.2.1.jar;C:\Users\Rodrigo\.m2\repository\com\fasterxml\jackson\core\jackson-annotations\2.13.2\jackson-annotations-2.13.2.jar;C:\Users\Rodrigo\.m2\repository\com\fasterxml\jackson\core\jackson-core\2.13.2\jackson-core-2.13.2.jar;C:\Users\Rodrigo\.m2\repository\com\fasterxml\jackson\datatype\jackson-datatype-jdk8\2.13.2\jackson-datatype-jdk8-2.13.2.jar;C:\Users\Rodrigo\.m2\repository\com\fasterxml\jackson\datatype\jackson-datatype-jsr310\2.13.2\jackson-datatype-jsr310-2.13.2.jar;C:\Users\Rodrigo\.m2\repository\com\fasterxml\jackson\module\jackson-module-parameter-names\2.13.2\jackson-module-parameter-names-2.13.2.jar;C:\Users\Rodrigo\.m2\repository\org\springframework\boot\spring-boot-starter-tomcat\2.6.7\spring-boot-starter-tomcat-2.6.7.jar;C:\Users\Rodrigo\.m2\repository\org\apache\tomcat\embed\tomcat-embed-core\9.0.62\tomcat-embed-core-9.0.62.jar;C:\Users\Rodrigo\.m2\repository\org\apache\tomcat\embed\tomcat-embed-websocket\9.0.62\tomcat-embed-websocket-9.0.62.jar;C:\Users\Rodrigo\.m2\repository\org\springframework\spring-web\5.3.19\spring-web-5.3.19.jar;C:\Users\Rodrigo\.m2\repository\org\springframework\spring-webmvc\5.3.19\spring-webmvc-5.3.19.jar;C:\Users\Rodrigo\.m2\repository\org\springframework\spring-expression\5.3.19\spring-expression-5.3.19.jar;C:\Users\Rodrigo\.m2\repository\org\springframework\boot\spring-boot-devtools\2.6.7\spring-boot-devtools-2.6.7.jar;C:\Users\Rodrigo\.m2\repository\org\springframework\boot\spring-boot\2.6.7\spring-boot-2.6.7.jar;C:\Users\Rodrigo\.m2\repository\org\springframework\boot\spring-boot-autoconfigure\2.6.7\spring-boot-autoconfigure-2.6.7.jar;C:\Users\Rodrigo\.m2\repository\mysql\mysql-connector-java\8.0.28\mysql-connector-java-8.0.28.jar;C:\Users\Rodrigo\.m2\repository\org\projectlombok\lombok\1.18.24\lombok-1.18.24.jar;C:\Users\Rodrigo\.m2\repository\jakarta\xml\bind\jakarta.xml.bind-api\2.3.3\jakarta.xml.bind-api-2.3.3.jar;C:\Users\Rodrigo\.m2\repository\jakarta\activation\jakarta.activation-api\1.2.2\jakarta.activation-api-1.2.2.jar;C:\Users\Rodrigo\.m2\repository\org\springframework\spring-core\5.3.19\spring-core-5.3.19.jar;C:\Users\Rodrigo\.m2\repository\org\springframework\spring-jcl\5.3.19\spring-jcl-5.3.19.jar
Launcher Type: SUN_STANDARD

[Global flags]
     intx CICompilerCount                          = 3                                         {product} {ergonomic}
     uint ConcGCThreads                            = 1                                         {product} {ergonomic}
     uint G1ConcRefinementThreads                  = 4                                         {product} {ergonomic}
   size_t G1HeapRegionSize                         = 2097152                                   {product} {ergonomic}
    uintx GCDrainStackTargetSize                   = 64                                        {product} {ergonomic}
   size_t InitialHeapSize                          = 268435456                                 {product} {ergonomic}
   size_t MarkStackSize                            = 4194304                                   {product} {ergonomic}
   size_t MaxHeapSize                              = 4265607168                                {product} {ergonomic}
   size_t MaxNewSize                               = 2558525440                                {product} {ergonomic}
   size_t MinHeapDeltaBytes                        = 2097152                                   {product} {ergonomic}
   size_t MinHeapSize                              = 8388608                                   {product} {ergonomic}
    uintx NonNMethodCodeHeapSize                   = 5832780                                {pd product} {ergonomic}
    uintx NonProfiledCodeHeapSize                  = 122912730                              {pd product} {ergonomic}
    uintx ProfiledCodeHeapSize                     = 122912730                              {pd product} {ergonomic}
    uintx ReservedCodeCacheSize                    = 251658240                              {pd product} {ergonomic}
     bool SegmentedCodeCache                       = true                                      {product} {ergonomic}
   size_t SoftMaxHeapSize                          = 4265607168                             {manageable} {ergonomic}
     bool UseCompressedClassPointers               = true                           {product lp64_product} {ergonomic}
     bool UseCompressedOops                        = true                           {product lp64_product} {ergonomic}
     bool UseG1GC                                  = true                                      {product} {ergonomic}
     bool UseLargePagesIndividualAllocation        = false                                  {pd product} {ergonomic}

Logging:
Log output configuration:
 #0: stdout all=warning uptime,level,tags foldmultilines=false
 #1: stderr all=off uptime,level,tags foldmultilines=false

Environment Variables:
JAVA_HOME=C:\Program Files\Java\jdk-18.0.1
PATH=C:\Program Files\Eclipse Adoptium\jdk-11.0.15.10-hotspot\bin;C:\Program Files\Eclipse Adoptium\jdk-17.0.3.7-hotspot\bin;C:\Program Files\Common Files\Oracle\Java\javapath;C:\Ruby27-x64\bin;C:\Program Files (x86)\Intel\iCLS Client\;C:\Program Files (x86)\Common Files\Oracle\Java\javapath;C:\ProgramData\Oracle\Java\javapath;C:\Program Files\Intel\iCLS Client\;C:\Windows\system32;C:\Windows;C:\WINDOWS;C:\Windows\System32\Wbem;C:\WINDOWS\System32\Wbem;C:\Windows\System32\WindowsPowerShell\v1.0\;C:\WINDOWS\System32\WindowsPowerShell\v1.0\;C:\WINDOWS\system32;C:\WINDOWS\System32\OpenSSH\;%AppData%\npm;C:\Program Files\nodejs\;C:\Program Files (x86)\NVIDIA Corporation\PhysX\Common;C:\Program Files\NVIDIA Corporation\NVIDIA NvDLISR;C:\WINDOWS\system32;C:\WINDOWS;C:\WINDOWS\System32\Wbem;C:\WINDOWS\System32\WindowsPowerShell\v1.0\;C:\Program Files (x86)\Intel\Intel(R) Management Engine Components\DAL;C:\Program Files\Intel\Intel(R) Management Engine Components\DAL;C:\Program Files (x86)\Intel\Intel(R) Management Engine Components\IPT;C:\Program Files\Intel\Intel(R) Management Engine Components\IPT;C:\Program Files\Microsoft SQL Server\150\Tools\Binn\;C:\Program Files\nodejs\;C:\Program Files\Git\cmd;C:\Program Files\dotnet\;C:\Users\Rodrigo\AppData\Local\Programs\Python\Python310\Scripts\;C:\Users\Rodrigo\AppData\Local\Programs\Python\Python310\;C:\Users\Rodrigo\AppData\Local\Programs\Python\Python37\Scripts\;C:\Users\Rodrigo\AppData\Local\Programs\Python\Python37\;C:\Users\Rodrigo\AppData\Local\Programs\Microsoft VS Code\bin;C:\Program Files\apache-maven-3.8.6\bin;
USERNAME=Rodrigo
OS=Windows_NT
PROCESSOR_IDENTIFIER=Intel64 Family 6 Model 158 Stepping 9, GenuineIntel



---------------  S Y S T E M  ---------------

OS:
 Windows 10 , 64 bit Build 19041 (10.0.19041.1889)
OS uptime: 1 days 16:21 hours

CPU: total 4 (initial active 4) (4 cores per cpu, 1 threads per core) family 6 model 158 stepping 9 microcode 0xb4, cx8, cmov, fxsr, mmx, 3dnowpref, sse, sse2, sse3, ssse3, sse4.1, sse4.2, popcnt, lzcnt, tsc, tscinvbit, avx, avx2, aes, erms, clmul, bmi1, bmi2, adx, fma, vzeroupper, clflush, clflushopt

Memory: 4k page, system-wide physical 16267M (5683M free)
TotalPageFile size 16267M (AvailPageFile size 5M)
current process WorkingSet (physical memory assigned to process): 74M, peak: 74M
current process commit charge ("private bytes"): 353M, peak: 353M

vm_info: Java HotSpot(TM) 64-Bit Server VM (18.0.1+10-24) for windows-amd64 JRE (18.0.1+10-24), built on Mar  9 2022 22:41:56 by "mach5one" with MS VC++ 16.8 / 16.9 (VS2019)

END.
