#
# There is insufficient memory for the Java Runtime Environment to continue.
# Native memory allocation (malloc) failed to allocate 1013424 bytes for Chunk::new
# Possible reasons:
#   The system is out of physical RAM or swap space
#   The process is running with CompressedOops enabled, and the Java Heap may be blocking the growth of the native heap
# Possible solutions:
#   Reduce memory load on the system
#   Increase physical memory or swap space
#   Check if swap backing store is full
#   Decrease Java heap size (-Xmx/-Xms)
#   Decrease number of Java threads
#   Decrease Java thread stack sizes (-Xss)
#   Set larger code cache with -XX:ReservedCodeCacheSize=
#   JVM is running with Zero Based Compressed Oops mode in which the Java heap is
#     placed in the first 32GB address space. The Java Heap base address is the
#     maximum limit for the native heap growth. Please use -XX:HeapBaseMinAddress
#     to set the Java Heap base and to place the Java Heap above 32GB virtual address.
# This output file may be truncated or incomplete.
#
#  Out of Memory Error (arena.cpp:184), pid=8324, tid=12956
#
# JRE version: Java(TM) SE Runtime Environment (18.0.1+10) (build 18.0.1+10-24)
# Java VM: Java HotSpot(TM) 64-Bit Server VM (18.0.1+10-24, mixed mode, sharing, tiered, compressed oops, compressed class ptrs, g1 gc, windows-amd64)
# No core dump will be written. Minidumps are not enabled by default on client versions of Windows
#

---------------  S U M M A R Y ------------

Command Line: com.portfoliofullstack.miportfolio.MiportfolioApplication

Host: Intel(R) Core(TM) i5-7300HQ CPU @ 2.50GHz, 4 cores, 15G,  Windows 10 , 64 bit Build 19041 (10.0.19041.1889)
Time: Tue Aug 23 16:50:43 2022 Hora estándar de Argentina elapsed time: 1.442563 seconds (0d 0h 0m 1s)

---------------  T H R E A D  ---------------

Current thread (0x00000214627ee290):  JavaThread "C2 CompilerThread0" daemon [_thread_in_native, id=12956, stack(0x0000004397200000,0x0000004397300000)]


Current CompileTask:
C2:   1442 1874   !   4       java.net.URL::<init> (543 bytes)

Stack: [0x0000004397200000,0x0000004397300000]
Native frames: (J=compiled Java code, j=interpreted, Vv=VM code, C=native code)
V  [jvm.dll+0x69887a]
V  [jvm.dll+0x7f38bd]
V  [jvm.dll+0x7f51ce]
V  [jvm.dll+0x7f5883]
V  [jvm.dll+0x25ca3f]
V  [jvm.dll+0xb8c2f]
V  [jvm.dll+0xb8fa5]
V  [jvm.dll+0x385a6b]
V  [jvm.dll+0x1d29a8]
V  [jvm.dll+0x22fd79]
V  [jvm.dll+0x22eff1]
V  [jvm.dll+0x1b9cfc]
V  [jvm.dll+0x23e8ca]
V  [jvm.dll+0x23cbb5]
V  [jvm.dll+0x7a5fb1]
V  [jvm.dll+0x7a03ea]
V  [jvm.dll+0x697725]
C  [ucrtbase.dll+0x21bb2]
C  [KERNEL32.DLL+0x17034]
C  [ntdll.dll+0x52651]


---------------  P R O C E S S  ---------------

Threads class SMR info:
_java_thread_list=0x0000021467c98640, length=16, elements={
0x00000214402fdf30, 0x00000214627cb7b0, 0x00000214627ccbb0, 0x00000214627e7170,
0x00000214627e7b10, 0x00000214627e84b0, 0x00000214627e9500, 0x00000214627ee290,
0x00000214627f34b0, 0x00000214628077b0, 0x0000021466ca59d0, 0x0000021466cb0310,
0x00000214671309f0, 0x0000021467810300, 0x0000021467508a20, 0x00000214677fe110
}

Java Threads: ( => current thread )
  0x00000214402fdf30 JavaThread "main" [_thread_blocked, id=11824, stack(0x0000004396500000,0x0000004396600000)]
  0x00000214627cb7b0 JavaThread "Reference Handler" daemon [_thread_blocked, id=7836, stack(0x0000004396c00000,0x0000004396d00000)]
  0x00000214627ccbb0 JavaThread "Finalizer" daemon [_thread_blocked, id=4860, stack(0x0000004396d00000,0x0000004396e00000)]
  0x00000214627e7170 JavaThread "Signal Dispatcher" daemon [_thread_blocked, id=4844, stack(0x0000004396e00000,0x0000004396f00000)]
  0x00000214627e7b10 JavaThread "Attach Listener" daemon [_thread_blocked, id=2968, stack(0x0000004396f00000,0x0000004397000000)]
  0x00000214627e84b0 JavaThread "Service Thread" daemon [_thread_blocked, id=3524, stack(0x0000004397000000,0x0000004397100000)]
  0x00000214627e9500 JavaThread "Monitor Deflation Thread" daemon [_thread_blocked, id=4752, stack(0x0000004397100000,0x0000004397200000)]
=>0x00000214627ee290 JavaThread "C2 CompilerThread0" daemon [_thread_in_native, id=12956, stack(0x0000004397200000,0x0000004397300000)]
  0x00000214627f34b0 JavaThread "C1 CompilerThread0" daemon [_thread_in_native, id=5128, stack(0x0000004397300000,0x0000004397400000)]
  0x00000214628077b0 JavaThread "Sweeper thread" daemon [_thread_blocked, id=656, stack(0x0000004397400000,0x0000004397500000)]
  0x0000021466ca59d0 JavaThread "Notification Thread" daemon [_thread_blocked, id=13224, stack(0x0000004397500000,0x0000004397600000)]
  0x0000021466cb0310 JavaThread "Common-Cleaner" daemon [_thread_blocked, id=12720, stack(0x0000004397700000,0x0000004397800000)]
  0x00000214671309f0 JavaThread "C2 CompilerThread1" daemon [_thread_in_native, id=8156, stack(0x0000004397800000,0x0000004397900000)]
  0x0000021467810300 JavaThread "Thread-0" [_thread_blocked, id=13240, stack(0x0000004397d00000,0x0000004397e00000)]
  0x0000021467508a20 JavaThread "restartedMain" [_thread_in_Java, id=5024, stack(0x0000004397e00000,0x0000004397f00000)]
  0x00000214677fe110 JavaThread "background-preinit" [_thread_in_vm, id=7996, stack(0x0000004397f00000,0x0000004398000000)]

Other Threads:
  0x0000021440387950 VMThread "VM Thread" [stack: 0x0000004396b00000,0x0000004396c00000] [id=10628]
  0x0000021466cac6c0 WatcherThread "VM Periodic Task Thread" [stack: 0x0000004397600000,0x0000004397700000] [id=8512]
  0x000002144036c810 WorkerThread "GC Thread#0" [stack: 0x0000004396600000,0x0000004396700000] [id=6828]
  0x000002146724eb70 WorkerThread "GC Thread#1" [stack: 0x0000004397900000,0x0000004397a00000] [id=5836]
  0x000002146724ee10 WorkerThread "GC Thread#2" [stack: 0x0000004397a00000,0x0000004397b00000] [id=12132]
  0x00000214672dc4d0 WorkerThread "GC Thread#3" [stack: 0x0000004397b00000,0x0000004397c00000] [id=12696]
  0x000002144037e590 ConcurrentGCThread "G1 Main Marker" [stack: 0x0000004396700000,0x0000004396800000] [id=8564]
  0x0000021440380730 WorkerThread "G1 Conc#0" [stack: 0x0000004396800000,0x0000004396900000] [id=8768]
  0x00000214403becf0 ConcurrentGCThread "G1 Refine#0" [stack: 0x0000004396900000,0x0000004396a00000] [id=11948]
  0x00000214670ba210 ConcurrentGCThread "G1 Refine#1" [stack: 0x0000004397c00000,0x0000004397d00000] [id=132]
  0x00000214626826d0 ConcurrentGCThread "G1 Service" [stack: 0x0000004396a00000,0x0000004396b00000] [id=11108]

Threads with active compile tasks:
C2 CompilerThread0     1470 1874   !   4       java.net.URL::<init> (543 bytes)
C2 CompilerThread1     1470 2067       4       java.util.Properties::loadConvert (540 bytes)

VM state: not at safepoint (normal execution)

VM Mutex/Monitor currently owned by a thread: None

Heap address: 0x0000000701c00000, size: 4068 MB, Compressed Oops mode: Zero based, Oop shift amount: 3

CDS archive(s) mapped at: [0x0000000800000000-0x0000000800ba0000-0x0000000800ba0000), size 12189696, SharedBaseAddress: 0x0000000800000000, ArchiveRelocationMode: 0.
Compressed class space mapped at: 0x0000000800c00000-0x0000000840c00000, reserved size: 1073741824
Narrow klass base: 0x0000000800000000, Narrow klass shift: 0, Narrow klass range: 0x100000000

GC Precious Log:
 CardTable entry size: 512
 Card Set container configuration: InlinePtr #cards 4 size 8 Array Of Cards #cards 16 size 48 Howl #buckets 8 coarsen threshold 3686 Howl Bitmap #cards 512 size 80 coarsen threshold 460 Card regions per heap region 1 cards per card region 4096
 CPUs: 4 total, 4 available
 Memory: 16267M
 Large Page Support: Disabled
 NUMA Support: Disabled
 Compressed Oops: Enabled (Zero based)
 Heap Region Size: 2M
 Heap Min Capacity: 8M
 Heap Initial Capacity: 256M
 Heap Max Capacity: 4068M
 Pre-touch: Disabled
 Parallel Workers: 4
 Concurrent Workers: 1
 Concurrent Refinement Workers: 4
 Periodic GC: Disabled

Heap:
 garbage-first heap   total 262144K, used 32501K [0x0000000701c00000, 0x0000000800000000)
  region size 2048K, 16 young (32768K), 2 survivors (4096K)
 Metaspace       used 17246K, committed 17472K, reserved 1114112K
  class space    used 2138K, committed 2240K, reserved 1048576K

Heap Regions: E=young(eden), S=young(survivor), O=old, HS=humongous(starts), HC=humongous(continues), CS=collection set, F=free, OA=open archive, CA=closed archive, TAMS=top-at-mark-start (previous, next)
|   0|0x0000000701c00000, 0x0000000701e00000, 0x0000000701e00000|100%| O|  |TAMS 0x0000000701c00000, 0x0000000701c00000| Untracked 
|   1|0x0000000701e00000, 0x0000000702000000, 0x0000000702000000|100%| O|  |TAMS 0x0000000701e00000, 0x0000000701e00000| Untracked 
|   2|0x0000000702000000, 0x000000070217dc00, 0x0000000702200000| 74%| O|  |TAMS 0x0000000702000000, 0x0000000702000000| Untracked 
|   3|0x0000000702200000, 0x0000000702200000, 0x0000000702400000|  0%| F|  |TAMS 0x0000000702200000, 0x0000000702200000| Untracked 
|   4|0x0000000702400000, 0x0000000702400000, 0x0000000702600000|  0%| F|  |TAMS 0x0000000702400000, 0x0000000702400000| Untracked 
|   5|0x0000000702600000, 0x0000000702600000, 0x0000000702800000|  0%| F|  |TAMS 0x0000000702600000, 0x0000000702600000| Untracked 
|   6|0x0000000702800000, 0x0000000702800000, 0x0000000702a00000|  0%| F|  |TAMS 0x0000000702800000, 0x0000000702800000| Untracked 
|   7|0x0000000702a00000, 0x0000000702a00000, 0x0000000702c00000|  0%| F|  |TAMS 0x0000000702a00000, 0x0000000702a00000| Untracked 
|   8|0x0000000702c00000, 0x0000000702c00000, 0x0000000702e00000|  0%| F|  |TAMS 0x0000000702c00000, 0x0000000702c00000| Untracked 
|   9|0x0000000702e00000, 0x0000000702e00000, 0x0000000703000000|  0%| F|  |TAMS 0x0000000702e00000, 0x0000000702e00000| Untracked 
|  10|0x0000000703000000, 0x0000000703000000, 0x0000000703200000|  0%| F|  |TAMS 0x0000000703000000, 0x0000000703000000| Untracked 
|  11|0x0000000703200000, 0x0000000703200000, 0x0000000703400000|  0%| F|  |TAMS 0x0000000703200000, 0x0000000703200000| Untracked 
|  12|0x0000000703400000, 0x0000000703400000, 0x0000000703600000|  0%| F|  |TAMS 0x0000000703400000, 0x0000000703400000| Untracked 
|  13|0x0000000703600000, 0x0000000703600000, 0x0000000703800000|  0%| F|  |TAMS 0x0000000703600000, 0x0000000703600000| Untracked 
|  14|0x0000000703800000, 0x0000000703800000, 0x0000000703a00000|  0%| F|  |TAMS 0x0000000703800000, 0x0000000703800000| Untracked 
|  15|0x0000000703a00000, 0x0000000703a00000, 0x0000000703c00000|  0%| F|  |TAMS 0x0000000703a00000, 0x0000000703a00000| Untracked 
|  16|0x0000000703c00000, 0x0000000703c00000, 0x0000000703e00000|  0%| F|  |TAMS 0x0000000703c00000, 0x0000000703c00000| Untracked 
|  17|0x0000000703e00000, 0x0000000703e00000, 0x0000000704000000|  0%| F|  |TAMS 0x0000000703e00000, 0x0000000703e00000| Untracked 
|  18|0x0000000704000000, 0x0000000704000000, 0x0000000704200000|  0%| F|  |TAMS 0x0000000704000000, 0x0000000704000000| Untracked 
|  19|0x0000000704200000, 0x0000000704200000, 0x0000000704400000|  0%| F|  |TAMS 0x0000000704200000, 0x0000000704200000| Untracked 
|  20|0x0000000704400000, 0x0000000704400000, 0x0000000704600000|  0%| F|  |TAMS 0x0000000704400000, 0x0000000704400000| Untracked 
|  21|0x0000000704600000, 0x0000000704600000, 0x0000000704800000|  0%| F|  |TAMS 0x0000000704600000, 0x0000000704600000| Untracked 
|  22|0x0000000704800000, 0x0000000704800000, 0x0000000704a00000|  0%| F|  |TAMS 0x0000000704800000, 0x0000000704800000| Untracked 
|  23|0x0000000704a00000, 0x0000000704a00000, 0x0000000704c00000|  0%| F|  |TAMS 0x0000000704a00000, 0x0000000704a00000| Untracked 
|  24|0x0000000704c00000, 0x0000000704c00000, 0x0000000704e00000|  0%| F|  |TAMS 0x0000000704c00000, 0x0000000704c00000| Untracked 
|  25|0x0000000704e00000, 0x0000000704e00000, 0x0000000705000000|  0%| F|  |TAMS 0x0000000704e00000, 0x0000000704e00000| Untracked 
|  26|0x0000000705000000, 0x0000000705000000, 0x0000000705200000|  0%| F|  |TAMS 0x0000000705000000, 0x0000000705000000| Untracked 
|  27|0x0000000705200000, 0x0000000705200000, 0x0000000705400000|  0%| F|  |TAMS 0x0000000705200000, 0x0000000705200000| Untracked 
|  28|0x0000000705400000, 0x0000000705400000, 0x0000000705600000|  0%| F|  |TAMS 0x0000000705400000, 0x0000000705400000| Untracked 
|  29|0x0000000705600000, 0x0000000705600000, 0x0000000705800000|  0%| F|  |TAMS 0x0000000705600000, 0x0000000705600000| Untracked 
|  30|0x0000000705800000, 0x0000000705800000, 0x0000000705a00000|  0%| F|  |TAMS 0x0000000705800000, 0x0000000705800000| Untracked 
|  31|0x0000000705a00000, 0x0000000705a00000, 0x0000000705c00000|  0%| F|  |TAMS 0x0000000705a00000, 0x0000000705a00000| Untracked 
|  32|0x0000000705c00000, 0x0000000705c00000, 0x0000000705e00000|  0%| F|  |TAMS 0x0000000705c00000, 0x0000000705c00000| Untracked 
|  33|0x0000000705e00000, 0x0000000705e00000, 0x0000000706000000|  0%| F|  |TAMS 0x0000000705e00000, 0x0000000705e00000| Untracked 
|  34|0x0000000706000000, 0x0000000706000000, 0x0000000706200000|  0%| F|  |TAMS 0x0000000706000000, 0x0000000706000000| Untracked 
|  35|0x0000000706200000, 0x0000000706200000, 0x0000000706400000|  0%| F|  |TAMS 0x0000000706200000, 0x0000000706200000| Untracked 
|  36|0x0000000706400000, 0x0000000706400000, 0x0000000706600000|  0%| F|  |TAMS 0x0000000706400000, 0x0000000706400000| Untracked 
|  37|0x0000000706600000, 0x0000000706600000, 0x0000000706800000|  0%| F|  |TAMS 0x0000000706600000, 0x0000000706600000| Untracked 
|  38|0x0000000706800000, 0x0000000706800000, 0x0000000706a00000|  0%| F|  |TAMS 0x0000000706800000, 0x0000000706800000| Untracked 
|  39|0x0000000706a00000, 0x0000000706a00000, 0x0000000706c00000|  0%| F|  |TAMS 0x0000000706a00000, 0x0000000706a00000| Untracked 
|  40|0x0000000706c00000, 0x0000000706c00000, 0x0000000706e00000|  0%| F|  |TAMS 0x0000000706c00000, 0x0000000706c00000| Untracked 
|  41|0x0000000706e00000, 0x0000000706e00000, 0x0000000707000000|  0%| F|  |TAMS 0x0000000706e00000, 0x0000000706e00000| Untracked 
|  42|0x0000000707000000, 0x0000000707000000, 0x0000000707200000|  0%| F|  |TAMS 0x0000000707000000, 0x0000000707000000| Untracked 
|  43|0x0000000707200000, 0x0000000707200000, 0x0000000707400000|  0%| F|  |TAMS 0x0000000707200000, 0x0000000707200000| Untracked 
|  44|0x0000000707400000, 0x0000000707400000, 0x0000000707600000|  0%| F|  |TAMS 0x0000000707400000, 0x0000000707400000| Untracked 
|  45|0x0000000707600000, 0x0000000707600000, 0x0000000707800000|  0%| F|  |TAMS 0x0000000707600000, 0x0000000707600000| Untracked 
|  46|0x0000000707800000, 0x0000000707800000, 0x0000000707a00000|  0%| F|  |TAMS 0x0000000707800000, 0x0000000707800000| Untracked 
|  47|0x0000000707a00000, 0x0000000707a00000, 0x0000000707c00000|  0%| F|  |TAMS 0x0000000707a00000, 0x0000000707a00000| Untracked 
|  48|0x0000000707c00000, 0x0000000707c00000, 0x0000000707e00000|  0%| F|  |TAMS 0x0000000707c00000, 0x0000000707c00000| Untracked 
|  49|0x0000000707e00000, 0x0000000707e00000, 0x0000000708000000|  0%| F|  |TAMS 0x0000000707e00000, 0x0000000707e00000| Untracked 
|  50|0x0000000708000000, 0x0000000708000000, 0x0000000708200000|  0%| F|  |TAMS 0x0000000708000000, 0x0000000708000000| Untracked 
|  51|0x0000000708200000, 0x0000000708200000, 0x0000000708400000|  0%| F|  |TAMS 0x0000000708200000, 0x0000000708200000| Untracked 
|  52|0x0000000708400000, 0x0000000708400000, 0x0000000708600000|  0%| F|  |TAMS 0x0000000708400000, 0x0000000708400000| Untracked 
|  53|0x0000000708600000, 0x0000000708600000, 0x0000000708800000|  0%| F|  |TAMS 0x0000000708600000, 0x0000000708600000| Untracked 
|  54|0x0000000708800000, 0x0000000708800000, 0x0000000708a00000|  0%| F|  |TAMS 0x0000000708800000, 0x0000000708800000| Untracked 
|  55|0x0000000708a00000, 0x0000000708a00000, 0x0000000708c00000|  0%| F|  |TAMS 0x0000000708a00000, 0x0000000708a00000| Untracked 
|  56|0x0000000708c00000, 0x0000000708c00000, 0x0000000708e00000|  0%| F|  |TAMS 0x0000000708c00000, 0x0000000708c00000| Untracked 
|  57|0x0000000708e00000, 0x0000000708e00000, 0x0000000709000000|  0%| F|  |TAMS 0x0000000708e00000, 0x0000000708e00000| Untracked 
|  58|0x0000000709000000, 0x0000000709000000, 0x0000000709200000|  0%| F|  |TAMS 0x0000000709000000, 0x0000000709000000| Untracked 
|  59|0x0000000709200000, 0x0000000709200000, 0x0000000709400000|  0%| F|  |TAMS 0x0000000709200000, 0x0000000709200000| Untracked 
|  60|0x0000000709400000, 0x0000000709400000, 0x0000000709600000|  0%| F|  |TAMS 0x0000000709400000, 0x0000000709400000| Untracked 
|  61|0x0000000709600000, 0x0000000709600000, 0x0000000709800000|  0%| F|  |TAMS 0x0000000709600000, 0x0000000709600000| Untracked 
|  62|0x0000000709800000, 0x0000000709800000, 0x0000000709a00000|  0%| F|  |TAMS 0x0000000709800000, 0x0000000709800000| Untracked 
|  63|0x0000000709a00000, 0x0000000709a00000, 0x0000000709c00000|  0%| F|  |TAMS 0x0000000709a00000, 0x0000000709a00000| Untracked 
|  64|0x0000000709c00000, 0x0000000709c00000, 0x0000000709e00000|  0%| F|  |TAMS 0x0000000709c00000, 0x0000000709c00000| Untracked 
|  65|0x0000000709e00000, 0x0000000709e00000, 0x000000070a000000|  0%| F|  |TAMS 0x0000000709e00000, 0x0000000709e00000| Untracked 
|  66|0x000000070a000000, 0x000000070a000000, 0x000000070a200000|  0%| F|  |TAMS 0x000000070a000000, 0x000000070a000000| Untracked 
|  67|0x000000070a200000, 0x000000070a200000, 0x000000070a400000|  0%| F|  |TAMS 0x000000070a200000, 0x000000070a200000| Untracked 
|  68|0x000000070a400000, 0x000000070a400000, 0x000000070a600000|  0%| F|  |TAMS 0x000000070a400000, 0x000000070a400000| Untracked 
|  69|0x000000070a600000, 0x000000070a600000, 0x000000070a800000|  0%| F|  |TAMS 0x000000070a600000, 0x000000070a600000| Untracked 
|  70|0x000000070a800000, 0x000000070a800000, 0x000000070aa00000|  0%| F|  |TAMS 0x000000070a800000, 0x000000070a800000| Untracked 
|  71|0x000000070aa00000, 0x000000070aa00000, 0x000000070ac00000|  0%| F|  |TAMS 0x000000070aa00000, 0x000000070aa00000| Untracked 
|  72|0x000000070ac00000, 0x000000070ac00000, 0x000000070ae00000|  0%| F|  |TAMS 0x000000070ac00000, 0x000000070ac00000| Untracked 
|  73|0x000000070ae00000, 0x000000070ae00000, 0x000000070b000000|  0%| F|  |TAMS 0x000000070ae00000, 0x000000070ae00000| Untracked 
|  74|0x000000070b000000, 0x000000070b000000, 0x000000070b200000|  0%| F|  |TAMS 0x000000070b000000, 0x000000070b000000| Untracked 
|  75|0x000000070b200000, 0x000000070b200000, 0x000000070b400000|  0%| F|  |TAMS 0x000000070b200000, 0x000000070b200000| Untracked 
|  76|0x000000070b400000, 0x000000070b400000, 0x000000070b600000|  0%| F|  |TAMS 0x000000070b400000, 0x000000070b400000| Untracked 
|  77|0x000000070b600000, 0x000000070b600000, 0x000000070b800000|  0%| F|  |TAMS 0x000000070b600000, 0x000000070b600000| Untracked 
|  78|0x000000070b800000, 0x000000070b800000, 0x000000070ba00000|  0%| F|  |TAMS 0x000000070b800000, 0x000000070b800000| Untracked 
|  79|0x000000070ba00000, 0x000000070ba00000, 0x000000070bc00000|  0%| F|  |TAMS 0x000000070ba00000, 0x000000070ba00000| Untracked 
|  80|0x000000070bc00000, 0x000000070bc00000, 0x000000070be00000|  0%| F|  |TAMS 0x000000070bc00000, 0x000000070bc00000| Untracked 
|  81|0x000000070be00000, 0x000000070be00000, 0x000000070c000000|  0%| F|  |TAMS 0x000000070be00000, 0x000000070be00000| Untracked 
|  82|0x000000070c000000, 0x000000070c000000, 0x000000070c200000|  0%| F|  |TAMS 0x000000070c000000, 0x000000070c000000| Untracked 
|  83|0x000000070c200000, 0x000000070c200000, 0x000000070c400000|  0%| F|  |TAMS 0x000000070c200000, 0x000000070c200000| Untracked 
|  84|0x000000070c400000, 0x000000070c400000, 0x000000070c600000|  0%| F|  |TAMS 0x000000070c400000, 0x000000070c400000| Untracked 
|  85|0x000000070c600000, 0x000000070c600000, 0x000000070c800000|  0%| F|  |TAMS 0x000000070c600000, 0x000000070c600000| Untracked 
|  86|0x000000070c800000, 0x000000070c800000, 0x000000070ca00000|  0%| F|  |TAMS 0x000000070c800000, 0x000000070c800000| Untracked 
|  87|0x000000070ca00000, 0x000000070ca00000, 0x000000070cc00000|  0%| F|  |TAMS 0x000000070ca00000, 0x000000070ca00000| Untracked 
|  88|0x000000070cc00000, 0x000000070cc00000, 0x000000070ce00000|  0%| F|  |TAMS 0x000000070cc00000, 0x000000070cc00000| Untracked 
|  89|0x000000070ce00000, 0x000000070ce00000, 0x000000070d000000|  0%| F|  |TAMS 0x000000070ce00000, 0x000000070ce00000| Untracked 
|  90|0x000000070d000000, 0x000000070d000000, 0x000000070d200000|  0%| F|  |TAMS 0x000000070d000000, 0x000000070d000000| Untracked 
|  91|0x000000070d200000, 0x000000070d200000, 0x000000070d400000|  0%| F|  |TAMS 0x000000070d200000, 0x000000070d200000| Untracked 
|  92|0x000000070d400000, 0x000000070d400000, 0x000000070d600000|  0%| F|  |TAMS 0x000000070d400000, 0x000000070d400000| Untracked 
|  93|0x000000070d600000, 0x000000070d600000, 0x000000070d800000|  0%| F|  |TAMS 0x000000070d600000, 0x000000070d600000| Untracked 
|  94|0x000000070d800000, 0x000000070d800000, 0x000000070da00000|  0%| F|  |TAMS 0x000000070d800000, 0x000000070d800000| Untracked 
|  95|0x000000070da00000, 0x000000070da00000, 0x000000070dc00000|  0%| F|  |TAMS 0x000000070da00000, 0x000000070da00000| Untracked 
|  96|0x000000070dc00000, 0x000000070dc00000, 0x000000070de00000|  0%| F|  |TAMS 0x000000070dc00000, 0x000000070dc00000| Untracked 
|  97|0x000000070de00000, 0x000000070de00000, 0x000000070e000000|  0%| F|  |TAMS 0x000000070de00000, 0x000000070de00000| Untracked 
|  98|0x000000070e000000, 0x000000070e000000, 0x000000070e200000|  0%| F|  |TAMS 0x000000070e000000, 0x000000070e000000| Untracked 
|  99|0x000000070e200000, 0x000000070e200000, 0x000000070e400000|  0%| F|  |TAMS 0x000000070e200000, 0x000000070e200000| Untracked 
| 100|0x000000070e400000, 0x000000070e400000, 0x000000070e600000|  0%| F|  |TAMS 0x000000070e400000, 0x000000070e400000| Untracked 
| 101|0x000000070e600000, 0x000000070e600000, 0x000000070e800000|  0%| F|  |TAMS 0x000000070e600000, 0x000000070e600000| Untracked 
| 102|0x000000070e800000, 0x000000070e800000, 0x000000070ea00000|  0%| F|  |TAMS 0x000000070e800000, 0x000000070e800000| Untracked 
| 103|0x000000070ea00000, 0x000000070ea00000, 0x000000070ec00000|  0%| F|  |TAMS 0x000000070ea00000, 0x000000070ea00000| Untracked 
| 104|0x000000070ec00000, 0x000000070ec00000, 0x000000070ee00000|  0%| F|  |TAMS 0x000000070ec00000, 0x000000070ec00000| Untracked 
| 105|0x000000070ee00000, 0x000000070ee00000, 0x000000070f000000|  0%| F|  |TAMS 0x000000070ee00000, 0x000000070ee00000| Untracked 
| 106|0x000000070f000000, 0x000000070f000000, 0x000000070f200000|  0%| F|  |TAMS 0x000000070f000000, 0x000000070f000000| Untracked 
| 107|0x000000070f200000, 0x000000070f200000, 0x000000070f400000|  0%| F|  |TAMS 0x000000070f200000, 0x000000070f200000| Untracked 
| 108|0x000000070f400000, 0x000000070f400000, 0x000000070f600000|  0%| F|  |TAMS 0x000000070f400000, 0x000000070f400000| Untracked 
| 109|0x000000070f600000, 0x000000070f600000, 0x000000070f800000|  0%| F|  |TAMS 0x000000070f600000, 0x000000070f600000| Untracked 
| 110|0x000000070f800000, 0x000000070f800000, 0x000000070fa00000|  0%| F|  |TAMS 0x000000070f800000, 0x000000070f800000| Untracked 
| 111|0x000000070fa00000, 0x000000070fa00000, 0x000000070fc00000|  0%| F|  |TAMS 0x000000070fa00000, 0x000000070fa00000| Untracked 
| 112|0x000000070fc00000, 0x000000070fca7d50, 0x000000070fe00000| 32%| E|  |TAMS 0x000000070fc00000, 0x000000070fc00000| Complete 
| 113|0x000000070fe00000, 0x0000000710000000, 0x0000000710000000|100%| E|CS|TAMS 0x000000070fe00000, 0x000000070fe00000| Complete 
| 114|0x0000000710000000, 0x000000071003f8f8, 0x0000000710200000| 12%| S|CS|TAMS 0x0000000710000000, 0x0000000710000000| Complete 
| 115|0x0000000710200000, 0x0000000710400000, 0x0000000710400000|100%| S|CS|TAMS 0x0000000710200000, 0x0000000710200000| Complete 
| 116|0x0000000710400000, 0x0000000710600000, 0x0000000710600000|100%| E|CS|TAMS 0x0000000710400000, 0x0000000710400000| Complete 
| 117|0x0000000710600000, 0x0000000710800000, 0x0000000710800000|100%| E|CS|TAMS 0x0000000710600000, 0x0000000710600000| Complete 
| 118|0x0000000710800000, 0x0000000710a00000, 0x0000000710a00000|100%| E|CS|TAMS 0x0000000710800000, 0x0000000710800000| Complete 
| 119|0x0000000710a00000, 0x0000000710c00000, 0x0000000710c00000|100%| E|CS|TAMS 0x0000000710a00000, 0x0000000710a00000| Complete 
| 120|0x0000000710c00000, 0x0000000710e00000, 0x0000000710e00000|100%| E|  |TAMS 0x0000000710c00000, 0x0000000710c00000| Complete 
| 121|0x0000000710e00000, 0x0000000711000000, 0x0000000711000000|100%| E|CS|TAMS 0x0000000710e00000, 0x0000000710e00000| Complete 
| 122|0x0000000711000000, 0x0000000711200000, 0x0000000711200000|100%| E|CS|TAMS 0x0000000711000000, 0x0000000711000000| Complete 
| 123|0x0000000711200000, 0x0000000711400000, 0x0000000711400000|100%| E|CS|TAMS 0x0000000711200000, 0x0000000711200000| Complete 
| 124|0x0000000711400000, 0x0000000711600000, 0x0000000711600000|100%| E|CS|TAMS 0x0000000711400000, 0x0000000711400000| Complete 
| 125|0x0000000711600000, 0x0000000711800000, 0x0000000711800000|100%| E|CS|TAMS 0x0000000711600000, 0x0000000711600000| Complete 
| 126|0x0000000711800000, 0x0000000711a00000, 0x0000000711a00000|100%| E|CS|TAMS 0x0000000711800000, 0x0000000711800000| Complete 
| 127|0x0000000711a00000, 0x0000000711c00000, 0x0000000711c00000|100%| E|CS|TAMS 0x0000000711a00000, 0x0000000711a00000| Complete 

Card table byte_map: [0x0000021457430000,0x0000021457c30000] _byte_map_base: 0x0000021453c22000

Marking Bits (Prev, Next): (CMBitMap*) 0x000002144036de20, (CMBitMap*) 0x000002144036de60
 Prev Bits: [0x0000021458430000, 0x000002145c3c0000)
 Next Bits: [0x000002145c3c0000, 0x0000021460350000)

Polling page: 0x000002143e300000

Metaspace:

Usage:
  Non-class:     14.78 MB used.
      Class:      2.09 MB used.
       Both:     16.87 MB used.

Virtual space:
  Non-class space:       64.00 MB reserved,      14.88 MB ( 23%) committed,  1 nodes.
      Class space:        1.00 GB reserved,       2.19 MB ( <1%) committed,  1 nodes.
             Both:        1.06 GB reserved,      17.06 MB (  2%) committed. 

Chunk freelists:
   Non-Class:  256.00 KB
       Class:  1.77 MB
        Both:  2.02 MB

MaxMetaspaceSize: unlimited
CompressedClassSpaceSize: 1.00 GB
Initial GC threshold: 21.00 MB
Current GC threshold: 21.00 MB
CDS: on
MetaspaceReclaimPolicy: balanced
 - commit_granule_bytes: 65536.
 - commit_granule_words: 8192.
 - virtual_space_node_default_size: 8388608.
 - enlarge_chunks_in_place: 1.
 - new_chunks_are_fully_committed: 0.
 - uncommit_free_chunks: 1.
 - use_allocation_guard: 0.


Internal statistics:

num_allocs_failed_limit: 0.
num_arena_births: 182.
num_arena_deaths: 0.
num_vsnodes_births: 2.
num_vsnodes_deaths: 0.
num_space_committed: 274.
num_space_uncommitted: 0.
num_chunks_returned_to_freelist: 0.
num_chunks_taken_from_freelist: 728.
num_chunk_merges: 0.
num_chunk_splits: 518.
num_chunks_enlarged: 430.
num_inconsistent_stats: 0.

CodeHeap 'non-profiled nmethods': size=120000Kb used=749Kb max_used=749Kb free=119250Kb
 bounds [0x000002144f700000, 0x000002144f970000, 0x0000021456c30000]
CodeHeap 'profiled nmethods': size=120000Kb used=4138Kb max_used=4138Kb free=115861Kb
 bounds [0x00000214481d0000, 0x00000214485e0000, 0x000002144f700000]
CodeHeap 'non-nmethods': size=5760Kb used=1189Kb max_used=1219Kb free=4570Kb
 bounds [0x0000021447c30000, 0x0000021447ea0000, 0x00000214481d0000]
 total_blobs=2626 nmethods=2156 adapters=382
 compilation: enabled
              stopped_count=0, restarted_count=0
 full_count=0

Compilation events (20 events):
Event: 1.434 Thread 0x00000214627f34b0 nmethod 2114 0x00000214485b5510 code [0x00000214485b57a0, 0x00000214485b6b18]
Event: 1.434 Thread 0x00000214627f34b0 2115       3       java.lang.invoke.MethodHandles$Lookup::resolveOrFail (44 bytes)
Event: 1.434 Thread 0x00000214627f34b0 nmethod 2115 0x00000214485b6f90 code [0x00000214485b7240, 0x00000214485b7f28]
Event: 1.434 Thread 0x00000214627f34b0 2116       3       java.lang.invoke.MethodHandles$Lookup::getDirectMethodForConstant (72 bytes)
Event: 1.436 Thread 0x00000214627f34b0 nmethod 2116 0x00000214485b8390 code [0x00000214485b86e0, 0x00000214485b99e8]
Event: 1.436 Thread 0x00000214627f34b0 2117       3       java.util.stream.Collectors$$Lambda$17/0x0000000800c59cb8::accept (14 bytes)
Event: 1.436 Thread 0x00000214627f34b0 nmethod 2117 0x00000214485ba010 code [0x00000214485ba1e0, 0x00000214485ba7a8]
Event: 1.436 Thread 0x00000214627f34b0 2118       3       java.util.stream.Sink::end (1 bytes)
Event: 1.436 Thread 0x00000214627f34b0 nmethod 2118 0x00000214485baa10 code [0x00000214485baba0, 0x00000214485bacb8]
Event: 1.437 Thread 0x00000214627f34b0 2119   !   3       org.springframework.boot.devtools.restart.classloader.RestartClassLoader::loadClass (119 bytes)
Event: 1.438 Thread 0x00000214627f34b0 nmethod 2119 0x00000214485bad90 code [0x00000214485bb1a0, 0x00000214485bccc8]
Event: 1.438 Thread 0x00000214627f34b0 2120       3       sun.reflect.annotation.AnnotationParser::annotationForMap (16 bytes)
Event: 1.439 Thread 0x00000214627f34b0 nmethod 2120 0x00000214485bd810 code [0x00000214485bda20, 0x00000214485be078]
Event: 1.439 Thread 0x00000214627f34b0 2122       3       java.lang.reflect.Method::getRoot (5 bytes)
Event: 1.439 Thread 0x00000214627f34b0 nmethod 2122 0x00000214485be290 code [0x00000214485be420, 0x00000214485be538]
Event: 1.439 Thread 0x00000214627f34b0 2121       3       sun.reflect.annotation.AnnotationParser$1::<init> (15 bytes)
Event: 1.439 Thread 0x00000214627f34b0 nmethod 2121 0x00000214485be610 code [0x00000214485be7c0, 0x00000214485be9f8]
Event: 1.439 Thread 0x00000214627f34b0 2123       3       java.lang.reflect.Method::getDeclaredAnnotations (5 bytes)
Event: 1.439 Thread 0x00000214627f34b0 nmethod 2123 0x00000214485bea90 code [0x00000214485bec80, 0x00000214485bf128]
Event: 1.439 Thread 0x00000214627f34b0 2124   !   3       jdk.internal.reflect.DirectConstructorHandleAccessor::newInstance (148 bytes)

GC Heap History (6 events):
Event: 0.380 GC heap before
{Heap before GC invocations=0 (full 0):
 garbage-first heap   total 262144K, used 10240K [0x0000000701c00000, 0x0000000800000000)
  region size 2048K, 6 young (12288K), 0 survivors (0K)
 Metaspace       used 2763K, committed 2880K, reserved 1114112K
  class space    used 275K, committed 320K, reserved 1048576K
}
Event: 0.384 GC heap after
{Heap after GC invocations=1 (full 0):
 garbage-first heap   total 262144K, used 5474K [0x0000000701c00000, 0x0000000800000000)
  region size 2048K, 1 young (2048K), 1 survivors (2048K)
 Metaspace       used 2763K, committed 2880K, reserved 1114112K
  class space    used 275K, committed 320K, reserved 1048576K
}
Event: 0.632 GC heap before
{Heap before GC invocations=1 (full 0):
 garbage-first heap   total 262144K, used 13666K [0x0000000701c00000, 0x0000000800000000)
  region size 2048K, 6 young (12288K), 1 survivors (2048K)
 Metaspace       used 5363K, committed 5504K, reserved 1114112K
  class space    used 596K, committed 640K, reserved 1048576K
}
Event: 0.635 GC heap after
{Heap after GC invocations=2 (full 0):
 garbage-first heap   total 262144K, used 6350K [0x0000000701c00000, 0x0000000800000000)
  region size 2048K, 1 young (2048K), 1 survivors (2048K)
 Metaspace       used 5363K, committed 5504K, reserved 1114112K
  class space    used 596K, committed 640K, reserved 1048576K
}
Event: 1.098 GC heap before
{Heap before GC invocations=2 (full 0):
 garbage-first heap   total 262144K, used 26830K [0x0000000701c00000, 0x0000000800000000)
  region size 2048K, 12 young (24576K), 1 survivors (2048K)
 Metaspace       used 10958K, committed 11200K, reserved 1114112K
  class space    used 1375K, committed 1472K, reserved 1048576K
}
Event: 1.101 GC heap after
{Heap after GC invocations=3 (full 0):
 garbage-first heap   total 262144K, used 7925K [0x0000000701c00000, 0x0000000800000000)
  region size 2048K, 2 young (4096K), 2 survivors (4096K)
 Metaspace       used 10958K, committed 11200K, reserved 1114112K
  class space    used 1375K, committed 1472K, reserved 1048576K
}

Deoptimization events (20 events):
Event: 1.405 Thread 0x0000021467508a20 DEOPT PACKING pc=0x00000214482c3566 sp=0x0000004397efe340
Event: 1.405 Thread 0x0000021467508a20 DEOPT UNPACKING pc=0x0000021447c82b43 sp=0x0000004397efd808 mode 0
Event: 1.405 Thread 0x0000021467508a20 DEOPT PACKING pc=0x000002144837abe5 sp=0x0000004397efe310
Event: 1.405 Thread 0x0000021467508a20 DEOPT UNPACKING pc=0x0000021447c82b43 sp=0x0000004397efd800 mode 0
Event: 1.405 Thread 0x0000021467508a20 DEOPT PACKING pc=0x00000214482c3566 sp=0x0000004397efe340
Event: 1.405 Thread 0x0000021467508a20 DEOPT UNPACKING pc=0x0000021447c82b43 sp=0x0000004397efd808 mode 0
Event: 1.405 Thread 0x0000021467508a20 DEOPT PACKING pc=0x000002144837abe5 sp=0x0000004397efe310
Event: 1.405 Thread 0x0000021467508a20 DEOPT UNPACKING pc=0x0000021447c82b43 sp=0x0000004397efd800 mode 0
Event: 1.405 Thread 0x0000021467508a20 DEOPT PACKING pc=0x00000214482c3566 sp=0x0000004397efe340
Event: 1.405 Thread 0x0000021467508a20 DEOPT UNPACKING pc=0x0000021447c82b43 sp=0x0000004397efd808 mode 0
Event: 1.406 Thread 0x0000021467508a20 DEOPT PACKING pc=0x000002144837abe5 sp=0x0000004397efe310
Event: 1.406 Thread 0x0000021467508a20 DEOPT UNPACKING pc=0x0000021447c82b43 sp=0x0000004397efd800 mode 0
Event: 1.406 Thread 0x0000021467508a20 DEOPT PACKING pc=0x00000214482c3566 sp=0x0000004397efe340
Event: 1.406 Thread 0x0000021467508a20 DEOPT UNPACKING pc=0x0000021447c82b43 sp=0x0000004397efd808 mode 0
Event: 1.406 Thread 0x0000021467508a20 DEOPT PACKING pc=0x000002144837abe5 sp=0x0000004397efe310
Event: 1.406 Thread 0x0000021467508a20 DEOPT UNPACKING pc=0x0000021447c82b43 sp=0x0000004397efd800 mode 0
Event: 1.406 Thread 0x0000021467508a20 DEOPT PACKING pc=0x00000214482c3566 sp=0x0000004397efe340
Event: 1.406 Thread 0x0000021467508a20 DEOPT UNPACKING pc=0x0000021447c82b43 sp=0x0000004397efd808 mode 0
Event: 1.418 Thread 0x0000021467508a20 DEOPT PACKING pc=0x0000021448589fce sp=0x0000004397efd9c0
Event: 1.418 Thread 0x0000021467508a20 DEOPT UNPACKING pc=0x0000021447c82b43 sp=0x0000004397efce08 mode 0

Classes loaded (20 events):
Event: 1.299 Loading class jdk/xml/internal/XMLSecurityManager$Processor
Event: 1.299 Loading class jdk/xml/internal/XMLSecurityManager$Processor done
Event: 1.299 Loading class jdk/xml/internal/XMLSecurityManager$NameMap
Event: 1.299 Loading class jdk/xml/internal/XMLSecurityManager$NameMap done
Event: 1.299 Loading class jdk/xml/internal/JdkProperty
Event: 1.299 Loading class jdk/xml/internal/JdkProperty done
Event: 1.321 Loading class javax/naming/ldap/LdapContext
Event: 1.321 Loading class javax/naming/directory/DirContext
Event: 1.321 Loading class javax/naming/directory/DirContext done
Event: 1.321 Loading class javax/naming/ldap/LdapContext done
Event: 1.361 Loading class java/beans/ConstructorProperties
Event: 1.361 Loading class java/beans/ConstructorProperties done
Event: 1.374 Loading class sun/text/resources/cldr/FormatData_en
Event: 1.374 Loading class sun/text/resources/cldr/FormatData_en done
Event: 1.374 Loading class sun/text/resources/cldr/FormatData_en_US
Event: 1.374 Loading class sun/text/resources/cldr/FormatData_en_US done
Event: 1.384 Loading class java/io/CharArrayReader
Event: 1.384 Loading class java/io/CharArrayReader done
Event: 1.401 Loading class java/util/concurrent/atomic/AtomicReference
Event: 1.402 Loading class java/util/concurrent/atomic/AtomicReference done

Classes unloaded (0 events):
No events

Classes redefined (0 events):
No events

Internal exceptions (20 events):
Event: 1.032 Thread 0x0000021467508a20 Exception <a 'java/lang/NoSuchMethodError'{0x0000000710930958}: 'int java.lang.invoke.Invokers$Holder.invokeExact_MT(java.lang.Object, java.lang.Object)'> (0x0000000710930958) 
thrown [s\open\src\hotspot\share\interpreter\linkResolver.cpp, line 766]
Event: 1.156 Thread 0x0000021467508a20 Exception <a 'java/lang/ClassNotFoundException'{0x00000007119e3d68}: java/lang/ObjectCustomizer> (0x00000007119e3d68) 
thrown [s\open\src\hotspot\share\classfile\systemDictionary.cpp, line 255]
Event: 1.158 Thread 0x0000021467508a20 Exception <a 'java/lang/IncompatibleClassChangeError'{0x00000007119e8c08}: Found class java.lang.Object, but interface was expected> (0x00000007119e8c08) 
thrown [s\open\src\hotspot\share\interpreter\linkResolver.cpp, line 833]
Event: 1.163 Thread 0x0000021467508a20 Exception <a 'java/lang/ClassNotFoundException'{0x0000000711668960}: org/springframework/context/annotation/ConfigurationClassPostProcessorCustomizer> (0x0000000711668960) 
thrown [s\open\src\hotspot\share\classfile\systemDictionary.cpp, line 255]
Event: 1.166 Thread 0x0000021467508a20 Exception <a 'java/lang/ClassNotFoundException'{0x0000000711686c98}: org/springframework/beans/factory/support/BeanDefinitionRegistryPostProcessorCustomizer> (0x0000000711686c98) 
thrown [s\open\src\hotspot\share\classfile\systemDictionary.cpp, line 255]
Event: 1.167 Thread 0x0000021467508a20 Exception <a 'java/lang/ClassNotFoundException'{0x000000071168b890}: org/springframework/beans/factory/config/BeanFactoryPostProcessorCustomizer> (0x000000071168b890) 
thrown [s\open\src\hotspot\share\classfile\systemDictionary.cpp, line 255]
Event: 1.167 Thread 0x0000021467508a20 Exception <a 'java/lang/ClassNotFoundException'{0x0000000711690248}: org/springframework/core/PriorityOrderedCustomizer> (0x0000000711690248) 
thrown [s\open\src\hotspot\share\classfile\systemDictionary.cpp, line 255]
Event: 1.168 Thread 0x0000021467508a20 Exception <a 'java/lang/ClassNotFoundException'{0x0000000711693850}: org/springframework/core/OrderedCustomizer> (0x0000000711693850) 
thrown [s\open\src\hotspot\share\classfile\systemDictionary.cpp, line 255]
Event: 1.168 Thread 0x0000021467508a20 Exception <a 'java/lang/ClassNotFoundException'{0x00000007116d7d58}: org/springframework/context/ResourceLoaderAwareCustomizer> (0x00000007116d7d58) 
thrown [s\open\src\hotspot\share\classfile\systemDictionary.cpp, line 255]
Event: 1.169 Thread 0x0000021467508a20 Exception <a 'java/lang/ClassNotFoundException'{0x00000007116dc6f0}: org/springframework/beans/factory/AwareCustomizer> (0x00000007116dc6f0) 
thrown [s\open\src\hotspot\share\classfile\systemDictionary.cpp, line 255]
Event: 1.169 Thread 0x0000021467508a20 Exception <a 'java/lang/ClassNotFoundException'{0x00000007116e00a8}: org/springframework/context/ApplicationStartupAwareCustomizer> (0x00000007116e00a8) 
thrown [s\open\src\hotspot\share\classfile\systemDictionary.cpp, line 255]
Event: 1.170 Thread 0x0000021467508a20 Exception <a 'java/lang/ClassNotFoundException'{0x00000007116e4cc8}: org/springframework/beans/factory/AwareCustomizer> (0x00000007116e4cc8) 
thrown [s\open\src\hotspot\share\classfile\systemDictionary.cpp, line 255]
Event: 1.171 Thread 0x0000021467508a20 Exception <a 'java/lang/ClassNotFoundException'{0x00000007116e8690}: org/springframework/beans/factory/BeanClassLoaderAwareCustomizer> (0x00000007116e8690) 
thrown [s\open\src\hotspot\share\classfile\systemDictionary.cpp, line 255]
Event: 1.171 Thread 0x0000021467508a20 Exception <a 'java/lang/ClassNotFoundException'{0x00000007116ed010}: org/springframework/beans/factory/AwareCustomizer> (0x00000007116ed010) 
thrown [s\open\src\hotspot\share\classfile\systemDictionary.cpp, line 255]
Event: 1.172 Thread 0x0000021467508a20 Exception <a 'java/lang/ClassNotFoundException'{0x00000007116f0760}: org/springframework/context/EnvironmentAwareCustomizer> (0x00000007116f0760) 
thrown [s\open\src\hotspot\share\classfile\systemDictionary.cpp, line 255]
Event: 1.172 Thread 0x0000021467508a20 Exception <a 'java/lang/ClassNotFoundException'{0x00000007116f5078}: org/springframework/beans/factory/AwareCustomizer> (0x00000007116f5078) 
thrown [s\open\src\hotspot\share\classfile\systemDictionary.cpp, line 255]
Event: 1.194 Thread 0x0000021467508a20 Exception <a 'java/lang/NoSuchMethodError'{0x00000007114a68a8}: 'java.lang.Object java.lang.invoke.DirectMethodHandle$Holder.invokeVirtual(java.lang.Object, java.lang.Object, java.lang.Object)'> (0x00000007114a68a8) 
thrown [s\open\src\hotspot\share\interpreter\linkResolver.cpp, line 766]
Event: 1.275 Thread 0x00000214677fe110 Exception <a 'java/lang/NoSuchMethodError'{0x00000007111ba1c8}: 'java.lang.Object java.lang.invoke.DirectMethodHandle$Holder.invokeStaticInit(java.lang.Object, java.lang.Object, java.lang.Object)'> (0x00000007111ba1c8) 
thrown [s\open\src\hotspot\share\interpreter\linkResolver.cpp, line 766]
Event: 1.276 Thread 0x00000214677fe110 Exception <a 'java/lang/NoSuchMethodError'{0x00000007111c01e0}: 'java.lang.Object java.lang.invoke.DirectMethodHandle$Holder.invokeStaticInit(java.lang.Object, java.lang.Object, java.lang.Object, java.lang.Object, java.lang.Object)'> (0x00000007111c01e0) 
thrown [s\open\src\hotspot\share\interpreter\linkResolver.cpp, line 766]
Event: 1.399 Thread 0x0000021467508a20 Exception <a 'java/lang/IncompatibleClassChangeError'{0x00000007104afa10}: Found class java.lang.Object, but interface was expected> (0x00000007104afa10) 
thrown [s\open\src\hotspot\share\interpreter\linkResolver.cpp, line 833]

VM Operations (20 events):
Event: 0.581 Executing VM operation: HandshakeAllThreads
Event: 0.581 Executing VM operation: HandshakeAllThreads done
Event: 0.632 Executing VM operation: G1CollectForAllocation
Event: 0.635 Executing VM operation: G1CollectForAllocation done
Event: 0.795 Executing VM operation: HandshakeAllThreads
Event: 0.795 Executing VM operation: HandshakeAllThreads done
Event: 1.024 Executing VM operation: ICBufferFull
Event: 1.024 Executing VM operation: ICBufferFull done
Event: 1.067 Executing VM operation: HandshakeAllThreads
Event: 1.067 Executing VM operation: HandshakeAllThreads done
Event: 1.074 Executing VM operation: HandshakeAllThreads
Event: 1.074 Executing VM operation: HandshakeAllThreads done
Event: 1.093 Executing VM operation: HandshakeAllThreads
Event: 1.093 Executing VM operation: HandshakeAllThreads done
Event: 1.098 Executing VM operation: G1CollectForAllocation
Event: 1.101 Executing VM operation: G1CollectForAllocation done
Event: 1.121 Executing VM operation: HandshakeAllThreads
Event: 1.121 Executing VM operation: HandshakeAllThreads done
Event: 1.185 Executing VM operation: HandshakeAllThreads
Event: 1.185 Executing VM operation: HandshakeAllThreads done

Events (20 events):
Event: 0.031 Thread 0x00000214627e84b0 Thread added: 0x00000214627e84b0
Event: 0.031 Thread 0x00000214627e9500 Thread added: 0x00000214627e9500
Event: 0.031 Thread 0x00000214627ee290 Thread added: 0x00000214627ee290
Event: 0.031 Thread 0x00000214627f34b0 Thread added: 0x00000214627f34b0
Event: 0.031 Thread 0x00000214628077b0 Thread added: 0x00000214628077b0
Event: 0.089 Thread 0x0000021466ca59d0 Thread added: 0x0000021466ca59d0
Event: 0.092 Thread 0x0000021466cb0310 Thread added: 0x0000021466cb0310
Event: 0.098 Loaded shared library C:\Program Files\Java\jdk-18.0.1\bin\net.dll
Event: 0.099 Loaded shared library C:\Program Files\Java\jdk-18.0.1\bin\nio.dll
Event: 0.102 Loaded shared library C:\Program Files\Java\jdk-18.0.1\bin\zip.dll
Event: 0.179 Loaded shared library C:\Program Files\Java\jdk-18.0.1\bin\verify.dll
Event: 0.184 Loaded shared library C:\Program Files\Java\jdk-18.0.1\bin\jimage.dll
Event: 0.308 Thread 0x00000214671309f0 Thread added: 0x00000214671309f0
Event: 0.476 Loaded shared library C:\Program Files\Java\jdk-18.0.1\bin\management.dll
Event: 0.478 Loaded shared library C:\Program Files\Java\jdk-18.0.1\bin\management_ext.dll
Event: 0.522 Thread 0x0000021467810300 Thread added: 0x0000021467810300
Event: 0.530 Thread 0x0000021467508a20 Thread added: 0x0000021467508a20
Event: 0.924 Thread 0x00000214677fe110 Thread added: 0x00000214677fe110
Event: 1.305 Thread 0x00000214678be930 Thread added: 0x00000214678be930
Event: 1.361 Thread 0x00000214678be930 Thread exited: 0x00000214678be930


Dynamic libraries:
0x00007ff6387d0000 - 0x00007ff6387e0000 	C:\Program Files\Java\jdk-18.0.1\bin\java.exe
0x00007ffca81b0000 - 0x00007ffca83a8000 	C:\WINDOWS\SYSTEM32\ntdll.dll
0x00007ffca7c40000 - 0x00007ffca7cfd000 	C:\WINDOWS\System32\KERNEL32.DLL
0x00007ffca5cb0000 - 0x00007ffca5f7e000 	C:\WINDOWS\System32\KERNELBASE.dll
0x00007ffca6000000 - 0x00007ffca6100000 	C:\WINDOWS\System32\ucrtbase.dll
0x00007ffca2880000 - 0x00007ffca2898000 	C:\Program Files\Java\jdk-18.0.1\bin\jli.dll
0x00007ffc9e980000 - 0x00007ffc9e99a000 	C:\Program Files\Java\jdk-18.0.1\bin\VCRUNTIME140.dll
0x00007ffca69c0000 - 0x00007ffca6a6e000 	C:\WINDOWS\System32\ADVAPI32.dll
0x00007ffca6b90000 - 0x00007ffca6c2e000 	C:\WINDOWS\System32\msvcrt.dll
0x00007ffca6c30000 - 0x00007ffca6ccc000 	C:\WINDOWS\System32\sechost.dll
0x00007ffca7e10000 - 0x00007ffca7f35000 	C:\WINDOWS\System32\RPCRT4.dll
0x00007ffca7220000 - 0x00007ffca73c0000 	C:\WINDOWS\System32\USER32.dll
0x00007ffca5be0000 - 0x00007ffca5c02000 	C:\WINDOWS\System32\win32u.dll
0x00007ffc903c0000 - 0x00007ffc9065a000 	C:\WINDOWS\WinSxS\amd64_microsoft.windows.common-controls_6595b64144ccf1df_6.0.19041.1110_none_60b5254171f9507e\COMCTL32.dll
0x00007ffca7d00000 - 0x00007ffca7d2a000 	C:\WINDOWS\System32\GDI32.dll
0x00007ffca6100000 - 0x00007ffca620b000 	C:\WINDOWS\System32\gdi32full.dll
0x00007ffca5c10000 - 0x00007ffca5cad000 	C:\WINDOWS\System32\msvcp_win.dll
0x00007ffc966b0000 - 0x00007ffc966ba000 	C:\WINDOWS\SYSTEM32\VERSION.dll
0x00007ffca71f0000 - 0x00007ffca7220000 	C:\WINDOWS\System32\IMM32.DLL
0x00007ffc9f4c0000 - 0x00007ffc9f4cc000 	C:\Program Files\Java\jdk-18.0.1\bin\vcruntime140_1.dll
0x00007ffc74470000 - 0x00007ffc744fd000 	C:\Program Files\Java\jdk-18.0.1\bin\msvcp140.dll
0x00007ffc461d0000 - 0x00007ffc46de0000 	C:\Program Files\Java\jdk-18.0.1\bin\server\jvm.dll
0x00007ffca7e00000 - 0x00007ffca7e08000 	C:\WINDOWS\System32\PSAPI.DLL
0x00007ffc8e980000 - 0x00007ffc8e9a7000 	C:\WINDOWS\SYSTEM32\WINMM.dll
0x00007ffca19d0000 - 0x00007ffca19d9000 	C:\WINDOWS\SYSTEM32\WSOCK32.dll
0x00007ffca7d30000 - 0x00007ffca7d9b000 	C:\WINDOWS\System32\WS2_32.dll
0x00007ffca37b0000 - 0x00007ffca37c2000 	C:\WINDOWS\SYSTEM32\kernel.appcore.dll
0x00007ffc9e950000 - 0x00007ffc9e95a000 	C:\Program Files\Java\jdk-18.0.1\bin\jimage.dll
0x00007ffc964c0000 - 0x00007ffc966a4000 	C:\WINDOWS\SYSTEM32\DBGHELP.DLL
0x00007ffc96490000 - 0x00007ffc964bc000 	C:\WINDOWS\SYSTEM32\dbgcore.DLL
0x00007ffca5940000 - 0x00007ffca59c2000 	C:\WINDOWS\System32\bcryptPrimitives.dll
0x00007ffc9a160000 - 0x00007ffc9a185000 	C:\Program Files\Java\jdk-18.0.1\bin\java.dll
0x00007ffc460f0000 - 0x00007ffc461c6000 	C:\Program Files\Java\jdk-18.0.1\bin\jsvml.dll
0x00007ffca74f0000 - 0x00007ffca7c34000 	C:\WINDOWS\System32\SHELL32.dll
0x00007ffca39b0000 - 0x00007ffca4144000 	C:\WINDOWS\SYSTEM32\windows.storage.dll
0x00007ffca6e70000 - 0x00007ffca71c4000 	C:\WINDOWS\System32\combase.dll
0x00007ffca5260000 - 0x00007ffca5290000 	C:\WINDOWS\SYSTEM32\Wldp.dll
0x00007ffca6db0000 - 0x00007ffca6e5d000 	C:\WINDOWS\System32\SHCORE.dll
0x00007ffca7da0000 - 0x00007ffca7df5000 	C:\WINDOWS\System32\shlwapi.dll
0x00007ffca5810000 - 0x00007ffca582f000 	C:\WINDOWS\SYSTEM32\profapi.dll
0x00007ffc9d6c0000 - 0x00007ffc9d6d3000 	C:\Program Files\Java\jdk-18.0.1\bin\net.dll
0x00007ffc93f80000 - 0x00007ffc9408a000 	C:\WINDOWS\SYSTEM32\WINHTTP.dll
0x00007ffca4fc0000 - 0x00007ffca502a000 	C:\WINDOWS\system32\mswsock.dll
0x00007ffc9bfc0000 - 0x00007ffc9bfd6000 	C:\Program Files\Java\jdk-18.0.1\bin\nio.dll
0x00007ffc9bf00000 - 0x00007ffc9bf18000 	C:\Program Files\Java\jdk-18.0.1\bin\zip.dll
0x00007ffc9d740000 - 0x00007ffc9d750000 	C:\Program Files\Java\jdk-18.0.1\bin\verify.dll
0x00007ffca1730000 - 0x00007ffca1739000 	C:\Program Files\Java\jdk-18.0.1\bin\management.dll
0x00007ffc9f3d0000 - 0x00007ffc9f3db000 	C:\Program Files\Java\jdk-18.0.1\bin\management_ext.dll
0x00007ffc8c2c0000 - 0x00007ffc8c2d7000 	C:\WINDOWS\system32\napinsp.dll
0x00007ffc86820000 - 0x00007ffc8683b000 	C:\WINDOWS\system32\pnrpnsp.dll
0x00007ffc88890000 - 0x00007ffc888a5000 	C:\WINDOWS\system32\wshbth.dll
0x00007ffca0540000 - 0x00007ffca055d000 	C:\WINDOWS\system32\NLAapi.dll
0x00007ffca4cb0000 - 0x00007ffca4ceb000 	C:\WINDOWS\SYSTEM32\IPHLPAPI.DLL
0x00007ffca4cf0000 - 0x00007ffca4dba000 	C:\WINDOWS\SYSTEM32\DNSAPI.dll
0x00007ffca7fd0000 - 0x00007ffca7fd8000 	C:\WINDOWS\System32\NSI.dll
0x00007ffc86630000 - 0x00007ffc86642000 	C:\WINDOWS\System32\winrnr.dll
0x0000000074dd0000 - 0x0000000074df6000 	C:\Program Files\Bonjour\mdnsNSP.dll
0x00007ffc93710000 - 0x00007ffc9371a000 	C:\Windows\System32\rasadhlp.dll
0x00007ffc93dc0000 - 0x00007ffc93e40000 	C:\WINDOWS\System32\fwpuclnt.dll
0x00007ffca5fd0000 - 0x00007ffca5ff7000 	C:\WINDOWS\System32\bcrypt.dll

dbghelp: loaded successfully - version: 4.0.5 - missing functions: none
symbol engine: initialized successfully - sym options: 0x614 - pdb path: .;C:\Program Files\Java\jdk-18.0.1\bin;C:\WINDOWS\SYSTEM32;C:\WINDOWS\WinSxS\amd64_microsoft.windows.common-controls_6595b64144ccf1df_6.0.19041.1110_none_60b5254171f9507e;C:\Program Files\Java\jdk-18.0.1\bin\server;C:\Program Files\Bonjour

VM Arguments:
java_command: com.portfoliofullstack.miportfolio.MiportfolioApplication
java_class_path (initial): C:\Users\Rodrigo\Desktop\Programacion\Cursos\ArgentinaProgramaGob\PortfolioWebFullStack\BackEnd\target\classes;C:\Users\Rodrigo\.m2\repository\org\springframework\boot\spring-boot-starter-data-jpa\2.6.7\spring-boot-starter-data-jpa-2.6.7.jar;C:\Users\Rodrigo\.m2\repository\org\springframework\boot\spring-boot-starter-aop\2.6.7\spring-boot-starter-aop-2.6.7.jar;C:\Users\Rodrigo\.m2\repository\org\springframework\spring-aop\5.3.19\spring-aop-5.3.19.jar;C:\Users\Rodrigo\.m2\repository\org\aspectj\aspectjweaver\1.9.7\aspectjweaver-1.9.7.jar;C:\Users\Rodrigo\.m2\repository\org\springframework\boot\spring-boot-starter-jdbc\2.6.7\spring-boot-starter-jdbc-2.6.7.jar;C:\Users\Rodrigo\.m2\repository\com\zaxxer\HikariCP\4.0.3\HikariCP-4.0.3.jar;C:\Users\Rodrigo\.m2\repository\org\springframework\spring-jdbc\5.3.19\spring-jdbc-5.3.19.jar;C:\Users\Rodrigo\.m2\repository\jakarta\transaction\jakarta.transaction-api\1.3.3\jakarta.transaction-api-1.3.3.jar;C:\Users\Rodrigo\.m2\repository\jakarta\persistence\jakarta.persistence-api\2.2.3\jakarta.persistence-api-2.2.3.jar;C:\Users\Rodrigo\.m2\repository\org\hibernate\hibernate-core\5.6.8.Final\hibernate-core-5.6.8.Final.jar;C:\Users\Rodrigo\.m2\repository\org\jboss\logging\jboss-logging\3.4.3.Final\jboss-logging-3.4.3.Final.jar;C:\Users\Rodrigo\.m2\repository\net\bytebuddy\byte-buddy\1.11.22\byte-buddy-1.11.22.jar;C:\Users\Rodrigo\.m2\repository\antlr\antlr\2.7.7\antlr-2.7.7.jar;C:\Users\Rodrigo\.m2\repository\org\jboss\jandex\2.4.2.Final\jandex-2.4.2.Final.jar;C:\Users\Rodrigo\.m2\repository\com\fasterxml\classmate\1.5.1\classmate-1.5.1.jar;C:\Users\Rodrigo\.m2\repository\org\hibernate\common\hibernate-commons-annotations\5.1.2.Final\hibernate-commons-annotations-5.1.2.Final.jar;C:\Users\Rodrigo\.m2\repository\org\glassfish\jaxb\jaxb-runtime\2.3.6\jaxb-runtime-2.3.6.jar;C:\Users\Rodrigo\.m2\repository\org\glassfish\jaxb\txw2\2.3.6\txw2-2.3.6.jar;C:\Users\Rodrigo\.m2\repository\com\sun\istack\istack-commons-runtime\3.0.12\istack-commons-runtime-3.0.12.jar;C:\Users\Rodrigo\.m2\repository\com\sun\activation\jakarta.activation\1.2.2\jakarta.activation-1.2.2.jar;C:\Users\Rodrigo\.m2\repository\org\springframework\data\spring-data-jpa\2.6.4\spring-data-jpa-2.6.4.jar;C:\Users\Rodrigo\.m2\repository\org\springframework\data\spring-data-commons\2.6.4\spring-data-commons-2.6.4.jar;C:\Users\Rodrigo\.m2\repository\org\springframework\spring-orm\5.3.19\spring-orm-5.3.19.jar;C:\Users\Rodrigo\.m2\repository\org\springframework\spring-context\5.3.19\spring-context-5.3.19.jar;C:\Users\Rodrigo\.m2\repository\org\springframework\spring-tx\5.3.19\spring-tx-5.3.19.jar;C:\Users\Rodrigo\.m2\repository\org\springframework\spring-beans\5.3.19\spring-beans-5.3.19.jar;C:\Users\Rodrigo\.m2\repository\org\slf4j\slf4j-api\1.7.36\slf4j-api-1.7.36.jar;C:\Users\Rodrigo\.m2\repository\org\springframework\spring-aspects\5.3.19\spring-aspects-5.3.19.jar;C:\Users\Rodrigo\.m2\repository\org\springframework\boot\spring-boot-starter-validation\2.6.7\spring-boot-starter-validation-2.6.7.jar;C:\Users\Rodrigo\.m2\repository\org\springframework\boot\spring-boot-starter\2.6.7\spring-boot-starter-2.6.7.jar;C:\Users\Rodrigo\.m2\repository\org\springframework\boot\spring-boot-starter-logging\2.6.7\spring-boot-starter-logging-2.6.7.jar;C:\Users\Rodrigo\.m2\repository\ch\qos\logback\logback-classic\1.2.11\logback-classic-1.2.11.jar;C:\Users\Rodrigo\.m2\repository\ch\qos\logback\logback-core\1.2.11\logback-core-1.2.11.jar;C:\Users\Rodrigo\.m2\repository\org\apache\logging\log4j\log4j-to-slf4j\2.17.2\log4j-to-slf4j-2.17.2.jar;C:\Users\Rodrigo\.m2\repository\org\apache\logging\log4j\log4j-api\2.17.2\log4j-api-2.17.2.jar;C:\Users\Rodrigo\.m2\repository\org\slf4j\jul-to-slf4j\1.7.36\jul-to-slf4j-1.7.36.jar;C:\Users\Rodrigo\.m2\repository\jakarta\annotation\jakarta.annotation-api\1.3.5\jakarta.annotation-api-1.3.5.jar;C:\Users\Rodrigo\.m2\repository\org\yaml\snakeyaml\1.29\snakeyaml-1.29.jar;C:\Users\Rodrigo\.m2\repository\org\apache\tomcat\embed\tomcat-embed-el\9.0.62\tomcat-embed-el-9.0.62.jar;C:\Users\Rodrigo\.m2\repository\org\hibernate\validator\hibernate-validator\6.2.3.Final\hibernate-validator-6.2.3.Final.jar;C:\Users\Rodrigo\.m2\repository\jakarta\validation\jakarta.validation-api\2.0.2\jakarta.validation-api-2.0.2.jar;C:\Users\Rodrigo\.m2\repository\org\springframework\boot\spring-boot-starter-web\2.6.7\spring-boot-starter-web-2.6.7.jar;C:\Users\Rodrigo\.m2\repository\org\springframework\boot\spring-boot-starter-json\2.6.7\spring-boot-starter-json-2.6.7.jar;C:\Users\Rodrigo\.m2\repository\com\fasterxml\jackson\core\jackson-databind\2.13.2.1\jackson-databind-2.13.2.1.jar;C:\Users\Rodrigo\.m2\repository\com\fasterxml\jackson\core\jackson-annotations\2.13.2\jackson-annotations-2.13.2.jar;C:\Users\Rodrigo\.m2\repository\com\fasterxml\jackson\core\jackson-core\2.13.2\jackson-core-2.13.2.jar;C:\Users\Rodrigo\.m2\repository\com\fasterxml\jackson\datatype\jackson-datatype-jdk8\2.13.2\jackson-datatype-jdk8-2.13.2.jar;C:\Users\Rodrigo\.m2\repository\com\fasterxml\jackson\datatype\jackson-datatype-jsr310\2.13.2\jackson-datatype-jsr310-2.13.2.jar;C:\Users\Rodrigo\.m2\repository\com\fasterxml\jackson\module\jackson-module-parameter-names\2.13.2\jackson-module-parameter-names-2.13.2.jar;C:\Users\Rodrigo\.m2\repository\org\springframework\boot\spring-boot-starter-tomcat\2.6.7\spring-boot-starter-tomcat-2.6.7.jar;C:\Users\Rodrigo\.m2\repository\org\apache\tomcat\embed\tomcat-embed-core\9.0.62\tomcat-embed-core-9.0.62.jar;C:\Users\Rodrigo\.m2\repository\org\apache\tomcat\embed\tomcat-embed-websocket\9.0.62\tomcat-embed-websocket-9.0.62.jar;C:\Users\Rodrigo\.m2\repository\org\springframework\spring-web\5.3.19\spring-web-5.3.19.jar;C:\Users\Rodrigo\.m2\repository\org\springframework\spring-webmvc\5.3.19\spring-webmvc-5.3.19.jar;C:\Users\Rodrigo\.m2\repository\org\springframework\spring-expression\5.3.19\spring-expression-5.3.19.jar;C:\Users\Rodrigo\.m2\repository\org\springframework\boot\spring-boot-devtools\2.6.7\spring-boot-devtools-2.6.7.jar;C:\Users\Rodrigo\.m2\repository\org\springframework\boot\spring-boot\2.6.7\spring-boot-2.6.7.jar;C:\Users\Rodrigo\.m2\repository\org\springframework\boot\spring-boot-autoconfigure\2.6.7\spring-boot-autoconfigure-2.6.7.jar;C:\Users\Rodrigo\.m2\repository\mysql\mysql-connector-java\8.0.28\mysql-connector-java-8.0.28.jar;C:\Users\Rodrigo\.m2\repository\org\projectlombok\lombok\1.18.24\lombok-1.18.24.jar;C:\Users\Rodrigo\.m2\repository\jakarta\xml\bind\jakarta.xml.bind-api\2.3.3\jakarta.xml.bind-api-2.3.3.jar;C:\Users\Rodrigo\.m2\repository\jakarta\activation\jakarta.activation-api\1.2.2\jakarta.activation-api-1.2.2.jar;C:\Users\Rodrigo\.m2\repository\org\springframework\spring-core\5.3.19\spring-core-5.3.19.jar;C:\Users\Rodrigo\.m2\repository\org\springframework\spring-jcl\5.3.19\spring-jcl-5.3.19.jar
Launcher Type: SUN_STANDARD

[Global flags]
     intx CICompilerCount                          = 3                                         {product} {ergonomic}
     uint ConcGCThreads                            = 1                                         {product} {ergonomic}
     uint G1ConcRefinementThreads                  = 4                                         {product} {ergonomic}
   size_t G1HeapRegionSize                         = 2097152                                   {product} {ergonomic}
    uintx GCDrainStackTargetSize                   = 64                                        {product} {ergonomic}
   size_t InitialHeapSize                          = 268435456                                 {product} {ergonomic}
   size_t MarkStackSize                            = 4194304                                   {product} {ergonomic}
   size_t MaxHeapSize                              = 4265607168                                {product} {ergonomic}
   size_t MaxNewSize                               = 2558525440                                {product} {ergonomic}
   size_t MinHeapDeltaBytes                        = 2097152                                   {product} {ergonomic}
   size_t MinHeapSize                              = 8388608                                   {product} {ergonomic}
    uintx NonNMethodCodeHeapSize                   = 5832780                                {pd product} {ergonomic}
    uintx NonProfiledCodeHeapSize                  = 122912730                              {pd product} {ergonomic}
    uintx ProfiledCodeHeapSize                     = 122912730                              {pd product} {ergonomic}
    uintx ReservedCodeCacheSize                    = 251658240                              {pd product} {ergonomic}
     bool SegmentedCodeCache                       = true                                      {product} {ergonomic}
   size_t SoftMaxHeapSize                          = 4265607168                             {manageable} {ergonomic}
     bool UseCompressedClassPointers               = true                           {product lp64_product} {ergonomic}
     bool UseCompressedOops                        = true                           {product lp64_product} {ergonomic}
     bool UseG1GC                                  = true                                      {product} {ergonomic}
     bool UseLargePagesIndividualAllocation        = false                                  {pd product} {ergonomic}

Logging:
Log output configuration:
 #0: stdout all=warning uptime,level,tags foldmultilines=false
 #1: stderr all=off uptime,level,tags foldmultilines=false

Environment Variables:
JAVA_HOME=C:\Program Files\Java\jdk-18.0.1
PATH=C:\Program Files\Eclipse Adoptium\jdk-11.0.15.10-hotspot\bin;C:\Program Files\Eclipse Adoptium\jdk-17.0.3.7-hotspot\bin;C:\Program Files\Common Files\Oracle\Java\javapath;C:\Ruby27-x64\bin;C:\Program Files (x86)\Intel\iCLS Client\;C:\Program Files (x86)\Common Files\Oracle\Java\javapath;C:\ProgramData\Oracle\Java\javapath;C:\Program Files\Intel\iCLS Client\;C:\Windows\system32;C:\Windows;C:\WINDOWS;C:\Windows\System32\Wbem;C:\WINDOWS\System32\Wbem;C:\Windows\System32\WindowsPowerShell\v1.0\;C:\WINDOWS\System32\WindowsPowerShell\v1.0\;C:\WINDOWS\system32;C:\WINDOWS\System32\OpenSSH\;%AppData%\npm;C:\Program Files\nodejs\;C:\Program Files (x86)\NVIDIA Corporation\PhysX\Common;C:\Program Files\NVIDIA Corporation\NVIDIA NvDLISR;C:\WINDOWS\system32;C:\WINDOWS;C:\WINDOWS\System32\Wbem;C:\WINDOWS\System32\WindowsPowerShell\v1.0\;C:\Program Files (x86)\Intel\Intel(R) Management Engine Components\DAL;C:\Program Files\Intel\Intel(R) Management Engine Components\DAL;C:\Program Files (x86)\Intel\Intel(R) Management Engine Components\IPT;C:\Program Files\Intel\Intel(R) Management Engine Components\IPT;C:\Program Files\Microsoft SQL Server\150\Tools\Binn\;C:\Program Files\nodejs\;C:\Program Files\Git\cmd;C:\Program Files\dotnet\;C:\Users\Rodrigo\AppData\Local\Programs\Python\Python310\Scripts\;C:\Users\Rodrigo\AppData\Local\Programs\Python\Python310\;C:\Users\Rodrigo\AppData\Local\Programs\Python\Python37\Scripts\;C:\Users\Rodrigo\AppData\Local\Programs\Python\Python37\;C:\Users\Rodrigo\AppData\Local\Programs\Microsoft VS Code\bin;C:\Program Files\apache-maven-3.8.6\bin;
USERNAME=Rodrigo
OS=Windows_NT
PROCESSOR_IDENTIFIER=Intel64 Family 6 Model 158 Stepping 9, GenuineIntel



---------------  S Y S T E M  ---------------

OS:
 Windows 10 , 64 bit Build 19041 (10.0.19041.1889)
OS uptime: 1 days 16:02 hours

CPU: total 4 (initial active 4) (4 cores per cpu, 1 threads per core) family 6 model 158 stepping 9 microcode 0xb4, cx8, cmov, fxsr, mmx, 3dnowpref, sse, sse2, sse3, ssse3, sse4.1, sse4.2, popcnt, lzcnt, tsc, tscinvbit, avx, avx2, aes, erms, clmul, bmi1, bmi2, adx, fma, vzeroupper, clflush, clflushopt

Memory: 4k page, system-wide physical 16267M (5669M free)
TotalPageFile size 16267M (AvailPageFile size 3M)
current process WorkingSet (physical memory assigned to process): 118M, peak: 118M
current process commit charge ("private bytes"): 380M, peak: 382M

vm_info: Java HotSpot(TM) 64-Bit Server VM (18.0.1+10-24) for windows-amd64 JRE (18.0.1+10-24), built on Mar  9 2022 22:41:56 by "mach5one" with MS VC++ 16.8 / 16.9 (VS2019)

END.
